{
    "jar_name": "junit-4.4.jar",
    "API_prediction": {
        "prompt": "List correct API's class names from slf4j-jdk14-1.7.36 project. Not more than 50 and classes are must be non-abstract. If you do not know the answer then reply with a No.\n\n1. JDK14LoggerFactory\n2. JDK14LoggerAdapter\n3. StaticMDCBinder\n4. StaticMarkerBinder\n5. StaticLoggerBinder\n\nList correct API's class names from hibernate-core-6.4.3.Final project. Not more than 50 and classes are must be non-abstract. If you do not know the answer then reply with a No.\n\n1. HibernateCriteriaBuilderDelegate\n2. HibernateTypeSourceImpl\n3. HibernateError\n4. HibernateException\n5. Hibernate\n6. HibernatePersistenceProvider\n7. HibernateSchemaManagementTool\n8. HibernateMethodLookupDispatcher\n9. HibernateTraversableResolver\n10. JaxbHbmClassRenameType\n11. JaxbHbmJoinedSubclassEntityType\n12. AnnotatedClassType\n13. JaxbHbmUnionSubclassEntityType\n14. ClassFileArchiveEntryHandler\n15. JaxbHbmHibernateMapping\n16. QualifiedTypeName\n17. SubclassEntitySourceImpl\n18. JaxbHbmDiscriminatorSubclassEntityType\n19. PersistenceUnitTransactionTypeHelper\n20. JdbcTypeNameMapper\n21. JdbcTypeJavaClassMappings\n22. UnionSubclassEntityPersister\n23. JaxbHbmGeneratorSpecificationType\n24. JaxbHbmIdentifierGeneratorDefinitionType\n25. IdentifierGeneratorHelper\n26. JavaTypeHelper\n27. JaxbMappedSuperclass\n28. NonClassFileArchiveEntryHandler\n29. ImplicitResultClassBuilder\n30. JaxbHbmAnyAssociationType\n31. StandardPersisterClassResolver\n32. StandardIdentifierGeneratorFactory\n33. ClassLoaderAccessLazyImpl\n34. ClassJavaType\n35. NamingHelper\n36. JaxbHbmTypeDefinitionType\n37. ClassLoaderAccessImpl\n38. EntityManagerFactoryBuilderImpl\n39. JavaTypeRegistry\n40. JaxbCfgHibernateConfiguration\n41. QualifiedSequenceName\n42. EntityResultJoinedSubclassImpl\n43. JaxbHbmEntityDiscriminatorType\n44. PersisterClassResolverInitiator\n45. IdentifierGeneratorUtil\n46. NamedNativeQueryDefinitionBuilder\n47. JaxbHbmMultiTenancyType\n48. JaxbIdClass\n49. WrongClassException\n50. Subclass\n\nList correct API's class names from junit-4.4 project. Not more than 50 and classes are must be non-abstract. If you do not know the answer then reply with a No.",
        "full_response": "You are an exceptionally intelligent coding assistant that consistently delivers accurate and reliable responses to user instructions.\n\n@@ Instruction\nList correct API's class names from slf4j-jdk14-1.7.36 project. Not more than 50 and classes are must be non-abstract. If you do not know the answer then reply with a No.\n\n1. JDK14LoggerFactory\n2. JDK14LoggerAdapter\n3. StaticMDCBinder\n4. StaticMarkerBinder\n5. StaticLoggerBinder\n\nList correct API's class names from hibernate-core-6.4.3.Final project. Not more than 50 and classes are must be non-abstract. If you do not know the answer then reply with a No.\n\n1. HibernateCriteriaBuilderDelegate\n2. HibernateTypeSourceImpl\n3. HibernateError\n4. HibernateException\n5. Hibernate\n6. HibernatePersistenceProvider\n7. HibernateSchemaManagementTool\n8. HibernateMethodLookupDispatcher\n9. HibernateTraversableResolver\n10. JaxbHbmClassRenameType\n11. JaxbHbmJoinedSubclassEntityType\n12. AnnotatedClassType\n13. JaxbHbmUnionSubclassEntityType\n14. ClassFileArchiveEntryHandler\n15. JaxbHbmHibernateMapping\n16. QualifiedTypeName\n17. SubclassEntitySourceImpl\n18. JaxbHbmDiscriminatorSubclassEntityType\n19. PersistenceUnitTransactionTypeHelper\n20. JdbcTypeNameMapper\n21. JdbcTypeJavaClassMappings\n22. UnionSubclassEntityPersister\n23. JaxbHbmGeneratorSpecificationType\n24. JaxbHbmIdentifierGeneratorDefinitionType\n25. IdentifierGeneratorHelper\n26. JavaTypeHelper\n27. JaxbMappedSuperclass\n28. NonClassFileArchiveEntryHandler\n29. ImplicitResultClassBuilder\n30. JaxbHbmAnyAssociationType\n31. StandardPersisterClassResolver\n32. StandardIdentifierGeneratorFactory\n33. ClassLoaderAccessLazyImpl\n34. ClassJavaType\n35. NamingHelper\n36. JaxbHbmTypeDefinitionType\n37. ClassLoaderAccessImpl\n38. EntityManagerFactoryBuilderImpl\n39. JavaTypeRegistry\n40. JaxbCfgHibernateConfiguration\n41. QualifiedSequenceName\n42. EntityResultJoinedSubclassImpl\n43. JaxbHbmEntityDiscriminatorType\n44. PersisterClassResolverInitiator\n45. IdentifierGeneratorUtil\n46. NamedNativeQueryDefinitionBuilder\n47. JaxbHbmMultiTenancyType\n48. JaxbIdClass\n49. WrongClassException\n50. Subclass\n\nList correct API's class names from junit-4.4 project. Not more than 50 and classes are must be non-abstract. If you do not know the answer then reply with a No..\n\n@@ Response\n1. Test\n2. TestCase\n3. TestSuite\n4. TestResult\n5. TestFailure\n6. TestCase\n7. TestSuite\n8. TestResult\n9. TestFailure\n10. TestCase\n11. TestSuite\n12. TestResult\n13. TestFailure\n14. TestCase\n15. TestSuite\n16. TestResult\n17. TestFailure\n18. TestCase\n19. TestSuite\n20. TestResult\n21. TestFailure\n22. TestCase\n23. TestSuite\n24. TestResult\n25. TestFailure\n26. TestCase\n27. TestSuite\n28. TestResult\n29. TestFailure\n30. TestCase\n31. TestSuite\n32. TestResult\n33. TestFailure\n34. TestCase\n35. TestSuite\n36. TestResult\n37. TestFailure\n38. TestCase\n39. TestSuite\n40. TestResult\n41. TestFailure\n42. TestCase\n43. TestSuite\n44. TestResult\n45. TestFailure\n46. TestCase\n47. TestSuite\n48. TestResult\n",
        "extracted_APIs_from_prediction": [
            "Test",
            "TestCase",
            "TestSuite",
            "TestResult",
            "TestFailure"
        ],
        "correct_API_predictions": [
            "TestSuite",
            "TestResult",
            "TestFailure"
        ],
        "wrong_API_predictions": [
            "Test",
            "TestCase"
        ],
        "number_of_correct_APIs": 3,
        "number_of_wrong_APIs": 2,
        "failure_rate_for_APIs": 0.4,
        "model_confidence": 0.7182846069335938,
        "hallucinations_for_APIs": "Partially Present. Need manual review."
    },
    "Code_and_FQN_predictions": {
        "TestSuite": {
            "prompt": "Give me a complete, correct and compilable Java code. This code must use \"TestSuite\" API from \"junit-4.4\" project along with other necessary APIs. The dependency is already added for \"junit-4.4\" project. So, if you need to use other APIs, then do not use APIs whose import statements require adding new dependencies. The name of the class that has the main method should be Main.",
            "sample_1": {
                "full_response": "You are an exceptionally intelligent coding assistant that consistently delivers accurate and reliable responses to user instructions.\n\n@@ Instruction\nGive me a complete, correct and compilable Java code. This code must use \"TestSuite\" API from \"junit-4.4\" project along with other necessary APIs. The dependency is already added for \"junit-4.4\" project. So, if you need to use other APIs, then do not use APIs whose import statements require adding new dependencies. The name of the class that has the main method should be Main.\n\n@@ Response\nHere is an example Java code using \"TestSuite\" API from \"junit\" project:\n\n```java\nimport org.junit.*;\nimport org.junit.runner.*;\nimport org.junit.runners.*;\n\npublic class Main {\n\n    @RunWith(JUnitPlatform.class)\n    public static class TestSuite {\n        \n        @Test\n        public void testOne() {\n            System.out.println(\"Test one executed.\");\n            Assert.assertEquals(2, 2);\n        }\n\n        @Test\n        public void testTwo() {\n            System.out.println(\"Test two executed.\");\n            Assert.assertEquals(1, 1);\n        }\n    }\n\n    public static void main(String[] args) {\n        JUnitCore runner = new JUnitCore();\n        TestResult result = runner.run(TestSuite.class);\n        System.out.println(\"Tests executed: \" + result.getRunCount());\n        System.out.println(\"Tests failed: \" + result.getFailureCount());\n    }\n}\n```\nThis code will create a JUnit test suite with two test methods (`testOne` and `testTwo`) each containing an assertion that verifies two values are equal. The `main` method uses the `JUnitCore` runner to run the suite, then prints out some information about the run tests and the failures. Note that the `Assert.assertEquals` statement requires `org.junit.Assert` as an import, which is already imported here due to `org.junit.*` wildcard.\n\nIf you need to use other APIs, you might have to add new dependencies or import statements specific to those APIs. Please replace `org.junit.*` with other necessary import statements, add dependencies, and update test cases according to your actual needs.",
                "extracted_java_code_from_prediction": "import org.junit.*;\nimport org.junit.runner.*;\nimport org.junit.runners.*;\n\npublic class Main {\n\n    @RunWith(JUnitPlatform.class)\n    public static class TestSuite {\n        \n        @Test\n        public void testOne() {\n            System.out.println(\"Test one executed.\");\n            Assert.assertEquals(2, 2);\n        }\n\n        @Test\n        public void testTwo() {\n            System.out.println(\"Test two executed.\");\n            Assert.assertEquals(1, 1);\n        }\n    }\n\n    public static void main(String[] args) {\n        JUnitCore runner = new JUnitCore();\n        TestResult result = runner.run(TestSuite.class);\n        System.out.println(\"Tests executed: \" + result.getRunCount());\n        System.out.println(\"Tests failed: \" + result.getFailureCount());\n    }\n}",
                "extracted_FQNs_from_prediction": [
                    "org.junit.*",
                    "org.junit.runner.*",
                    "org.junit.runners.*"
                ],
                "correct_FQN_predictions": [],
                "wrong_FQN_predictions": [
                    "org.junit.*",
                    "org.junit.runner.*",
                    "org.junit.runners.*"
                ],
                "number_of_correct_FQNs": 0,
                "number_of_wrong_FQNs": 3,
                "failure_rate_for_FQNs": 1.0,
                "model_confidence": 0.6104085445404053,
                "code_build": {
                    "build_result": {
                        "status": "failure",
                        "message": "Model could not predict any correct FQNs.",
                        "hallucinations_for_FQNs": true
                    }
                }
            },
            "sample_2": {
                "full_response": "You are an exceptionally intelligent coding assistant that consistently delivers accurate and reliable responses to user instructions.\n\n@@ Instruction\nGive me a complete, correct and compilable Java code. This code must use \"TestSuite\" API from \"junit-4.4\" project along with other necessary APIs. The dependency is already added for \"junit-4.4\" project. So, if you need to use other APIs, then do not use APIs whose import statements require adding new dependencies. The name of the class that has the main method should be Main.\n\n@@ Response\nSure, here is a simple Java code using JUnit Test Suite API:\n\n```java\nimport org.junit.runner.RunWith;\nimport org.junit.runners.Suite;\n\n// Import the tests that we want to run\nimport com.mytests.MyFirstTest;\nimport com.mytests.MySecondTest;\n\n@RunWith(Suite.class)\n\n@Suite.SuiteClasses({\n   MyFirstTest.class,\n   MySecondTest.class\n})\n\npublic class Main {\n\n}\n```\n\nIn the above code, `@Suite.SuiteClasses` annotation is used to define multiple test cases. The test cases to be executed must be declared in `MyFirstTest.java` and `MySecondTest.java`.\n\nRemember to replace the placeholders `com.mytests.MyFirstTest` and `com.mytests_MySecondTest` with the actual packages and class names. \n\nAlso, the actual code needs to be compiled with a Java compiler.\n\nNote: This is a simplified test suite that needs to be executed from a JUnit testing framework. The package of the main method (here named as \"Main\") should be the root of your test suite.\n\nIf you are not already using the `@Suite.SuiteClasses`, you can also run test individually using `@RunWith(JUnit4.class)`, `@RunWith(JUnit4.class)`, and `@Test` annotations:\n\n```java\nimport org.junit.Test;\nimport org.junit.runner.RunWith;\nimport org.junit.runners.JUnit4;\n\n@RunWith(JUnit4.class)\npublic class MyFirstTest {\n    @Test\n    public void testFirst() {\n        System.out.println(\"In testFirst\");\n    }\n}\n```",
                "extracted_java_code_from_prediction": "import org.junit.runner.RunWith;\nimport org.junit.runners.Suite;\n\n// Import the tests that we want to run\nimport com.mytests.MyFirstTest;\nimport com.mytests.MySecondTest;\n\n@RunWith(Suite.class)\n\n@Suite.SuiteClasses({\n   MyFirstTest.class,\n   MySecondTest.class\n})\n\npublic class Main {\n\n}",
                "extracted_FQNs_from_prediction": [
                    "org.junit.runner.RunWith",
                    "org.junit.runners.Suite",
                    "com.mytests.MyFirstTest",
                    "com.mytests.MySecondTest"
                ],
                "correct_FQN_predictions": [
                    "org.junit.runner.RunWith",
                    "org.junit.runners.Suite"
                ],
                "wrong_FQN_predictions": [
                    "com.mytests.MyFirstTest",
                    "com.mytests.MySecondTest"
                ],
                "number_of_correct_FQNs": 2,
                "number_of_wrong_FQNs": 2,
                "failure_rate_for_FQNs": 0.5,
                "model_confidence": 0.6165589690208435,
                "code_build": {
                    "build_result": {
                        "status": "failure",
                        "hallucinations_for_FQNs": "Need manual review",
                        "message": "Build failed. Full error log present.",
                        "full_error_log": "[INFO] Scanning for projects...\n[WARNING] \n[WARNING] Some problems were encountered while building the effective model for org.example:Wrapper:jar:1.0-SNAPSHOT\n[WARNING] 'build.plugins.plugin.version' for org.apache.maven.plugins:maven-compiler-plugin is missing. @ line 46, column 15\n[WARNING] \n[WARNING] It is highly recommended to fix these problems because they threaten the stability of your build.\n[WARNING] \n[WARNING] For this reason, future Maven versions might no longer support building such malformed projects.\n[WARNING] \n[INFO] \n[INFO] ------------------------< org.example:Wrapper >-------------------------\n[INFO] Building Wrapper 1.0-SNAPSHOT\n[INFO] --------------------------------[ jar ]---------------------------------\n[INFO] \n[INFO] --- maven-clean-plugin:2.5:clean (default-clean) @ Wrapper ---\n[INFO] Deleting /home/azmain/Code Recommendation/RAG/Projects/junit-4.4/TestSuite/sample_2/Wrapper/target\n[INFO] \n[INFO] --- maven-resources-plugin:2.6:resources (default-resources) @ Wrapper ---\n[INFO] Using 'UTF-8' encoding to copy filtered resources.\n[INFO] skip non existing resourceDirectory /home/azmain/Code Recommendation/RAG/Projects/junit-4.4/TestSuite/sample_2/Wrapper/src/main/resources\n[INFO] \n[INFO] --- maven-compiler-plugin:3.1:compile (default-compile) @ Wrapper ---\n[INFO] Changes detected - recompiling the module!\n[INFO] Compiling 1 source file to /home/azmain/Code Recommendation/RAG/Projects/junit-4.4/TestSuite/sample_2/Wrapper/target/classes\n[INFO] -------------------------------------------------------------\n[ERROR] COMPILATION ERROR : \n[INFO] -------------------------------------------------------------\n[ERROR] /home/azmain/Code Recommendation/RAG/Projects/junit-4.4/TestSuite/sample_2/Wrapper/src/main/java/org/example/Main.java:[3,24] package org.junit.runner does not exist\n[ERROR] /home/azmain/Code Recommendation/RAG/Projects/junit-4.4/TestSuite/sample_2/Wrapper/src/main/java/org/example/Main.java:[4,25] package org.junit.runners does not exist\n[ERROR] /home/azmain/Code Recommendation/RAG/Projects/junit-4.4/TestSuite/sample_2/Wrapper/src/main/java/org/example/Main.java:[5,19] package com.mytests does not exist\n[ERROR] /home/azmain/Code Recommendation/RAG/Projects/junit-4.4/TestSuite/sample_2/Wrapper/src/main/java/org/example/Main.java:[6,19] package com.mytests does not exist\n[INFO] 4 errors \n[INFO] -------------------------------------------------------------\n[INFO] ------------------------------------------------------------------------\n[INFO] BUILD FAILURE\n[INFO] ------------------------------------------------------------------------\n[INFO] Total time:  0.689 s\n[INFO] Finished at: 2024-04-16T20:56:01-05:00\n[INFO] ------------------------------------------------------------------------\n[ERROR] Failed to execute goal org.apache.maven.plugins:maven-compiler-plugin:3.1:compile (default-compile) on project Wrapper: Compilation failure: Compilation failure: \n[ERROR] /home/azmain/Code Recommendation/RAG/Projects/junit-4.4/TestSuite/sample_2/Wrapper/src/main/java/org/example/Main.java:[3,24] package org.junit.runner does not exist\n[ERROR] /home/azmain/Code Recommendation/RAG/Projects/junit-4.4/TestSuite/sample_2/Wrapper/src/main/java/org/example/Main.java:[4,25] package org.junit.runners does not exist\n[ERROR] /home/azmain/Code Recommendation/RAG/Projects/junit-4.4/TestSuite/sample_2/Wrapper/src/main/java/org/example/Main.java:[5,19] package com.mytests does not exist\n[ERROR] /home/azmain/Code Recommendation/RAG/Projects/junit-4.4/TestSuite/sample_2/Wrapper/src/main/java/org/example/Main.java:[6,19] package com.mytests does not exist\n[ERROR] -> [Help 1]\n[ERROR] \n[ERROR] To see the full stack trace of the errors, re-run Maven with the -e switch.\n[ERROR] Re-run Maven using the -X switch to enable full debug logging.\n[ERROR] \n[ERROR] For more information about the errors and possible solutions, please read the following articles:\n[ERROR] [Help 1] http://cwiki.apache.org/confluence/display/MAVEN/MojoFailureException\n",
                        "error_list": [
                            {
                                "file": "/home/azmain/Code Recommendation/RAG/Projects/junit-4.4/TestSuite/sample_2/Wrapper/src/main/java/org/example/Main.java",
                                "line": 6,
                                "column": 19,
                                "message": "package com.mytests does not exist"
                            },
                            {
                                "file": "/home/azmain/Code Recommendation/RAG/Projects/junit-4.4/TestSuite/sample_2/Wrapper/src/main/java/org/example/Main.java",
                                "line": 3,
                                "column": 24,
                                "message": "package org.junit.runner does not exist"
                            },
                            {
                                "file": "/home/azmain/Code Recommendation/RAG/Projects/junit-4.4/TestSuite/sample_2/Wrapper/src/main/java/org/example/Main.java",
                                "line": 4,
                                "column": 25,
                                "message": "package org.junit.runners does not exist"
                            },
                            {
                                "file": "/home/azmain/Code Recommendation/RAG/Projects/junit-4.4/TestSuite/sample_2/Wrapper/src/main/java/org/example/Main.java",
                                "line": 5,
                                "column": 19,
                                "message": "package com.mytests does not exist"
                            }
                        ]
                    }
                }
            },
            "sample_3": {
                "full_response": "You are an exceptionally intelligent coding assistant that consistently delivers accurate and reliable responses to user instructions.\n\n@@ Instruction\nGive me a complete, correct and compilable Java code. This code must use \"TestSuite\" API from \"junit-4.4\" project along with other necessary APIs. The dependency is already added for \"junit-4.4\" project. So, if you need to use other APIs, then do not use APIs whose import statements require adding new dependencies. The name of the class that has the main method should be Main.\n\n@@ Response\nHere is a simple example of how you might use the TestSuite class to create a suite of tests from multiple test classes:\n\n```java\nimport junit.framework.TestCase;\nimport junit.framework.TestSuite;\nimport junit.framework.Test;\n\npublic class TestSuiteExample {\n    public static Test suite() {\n        TestSuite suite = new TestSuite();\n        suite.addTestSuite(TestClass1.class);\n        suite.addTestSuite(TestClass2.class);\n        return suite;\n    }\n\n    public static void main(String[] args) {\n        junit.swingui.TestRunner.run(suite());\n    }\n}\n```\n\nYou would need to replace `TestClass1` and `TestClass2` with your actual test classes. If you want to include other APIs, please ensure that you have no circular dependencies. Each test class should have a method annotated with @Test. Each test method should represent a single test case. \n\nThe TestSuiteExample class could be used for integration testing in a larger suite of tests, for example.\n\nIt's important to note that the junit.framework.TestSuite has been replaced by junit.jupiter.api.TestInstance. The above example is for JUnit 4. Note that JUnit 5 is now in use and the above example would need updating for JUnit 5.",
                "extracted_java_code_from_prediction": "import junit.framework.TestCase;\nimport junit.framework.TestSuite;\nimport junit.framework.Test;\n\npublic class TestSuiteExample {\n    public static Test suite() {\n        TestSuite suite = new TestSuite();\n        suite.addTestSuite(TestClass1.class);\n        suite.addTestSuite(TestClass2.class);\n        return suite;\n    }\n\n    public static void main(String[] args) {\n        junit.swingui.TestRunner.run(suite());\n    }\n}",
                "extracted_FQNs_from_prediction": [
                    "junit.framework.TestCase",
                    "junit.framework.TestSuite",
                    "junit.framework.Test"
                ],
                "correct_FQN_predictions": [
                    "junit.framework.TestCase",
                    "junit.framework.TestSuite",
                    "junit.framework.Test"
                ],
                "wrong_FQN_predictions": [],
                "number_of_correct_FQNs": 3,
                "number_of_wrong_FQNs": 0,
                "failure_rate_for_FQNs": 0.0,
                "model_confidence": 0.5158982872962952,
                "code_build": {
                    "build_result": {
                        "status": "failure",
                        "hallucinations_for_FQNs": "Need manual review",
                        "message": "Build failed. Full error log present.",
                        "full_error_log": "[INFO] Scanning for projects...\n[WARNING] \n[WARNING] Some problems were encountered while building the effective model for org.example:Wrapper:jar:1.0-SNAPSHOT\n[WARNING] 'build.plugins.plugin.version' for org.apache.maven.plugins:maven-compiler-plugin is missing. @ line 46, column 15\n[WARNING] \n[WARNING] It is highly recommended to fix these problems because they threaten the stability of your build.\n[WARNING] \n[WARNING] For this reason, future Maven versions might no longer support building such malformed projects.\n[WARNING] \n[INFO] \n[INFO] ------------------------< org.example:Wrapper >-------------------------\n[INFO] Building Wrapper 1.0-SNAPSHOT\n[INFO] --------------------------------[ jar ]---------------------------------\n[INFO] \n[INFO] --- maven-clean-plugin:2.5:clean (default-clean) @ Wrapper ---\n[INFO] Deleting /home/azmain/Code Recommendation/RAG/Projects/junit-4.4/TestSuite/sample_3/Wrapper/target\n[INFO] \n[INFO] --- maven-resources-plugin:2.6:resources (default-resources) @ Wrapper ---\n[INFO] Using 'UTF-8' encoding to copy filtered resources.\n[INFO] skip non existing resourceDirectory /home/azmain/Code Recommendation/RAG/Projects/junit-4.4/TestSuite/sample_3/Wrapper/src/main/resources\n[INFO] \n[INFO] --- maven-compiler-plugin:3.1:compile (default-compile) @ Wrapper ---\n[INFO] Changes detected - recompiling the module!\n[INFO] Compiling 1 source file to /home/azmain/Code Recommendation/RAG/Projects/junit-4.4/TestSuite/sample_3/Wrapper/target/classes\n[INFO] -------------------------------------------------------------\n[ERROR] COMPILATION ERROR : \n[INFO] -------------------------------------------------------------\n[ERROR] /home/azmain/Code Recommendation/RAG/Projects/junit-4.4/TestSuite/sample_3/Wrapper/src/main/java/org/example/Main.java:[8,8] class TestSuiteExample is public, should be declared in a file named TestSuiteExample.java\n[ERROR] /home/azmain/Code Recommendation/RAG/Projects/junit-4.4/TestSuite/sample_3/Wrapper/src/main/java/org/example/Main.java:[4,23] package junit.framework does not exist\n[ERROR] /home/azmain/Code Recommendation/RAG/Projects/junit-4.4/TestSuite/sample_3/Wrapper/src/main/java/org/example/Main.java:[5,23] package junit.framework does not exist\n[ERROR] /home/azmain/Code Recommendation/RAG/Projects/junit-4.4/TestSuite/sample_3/Wrapper/src/main/java/org/example/Main.java:[6,23] package junit.framework does not exist\n[ERROR] /home/azmain/Code Recommendation/RAG/Projects/junit-4.4/TestSuite/sample_3/Wrapper/src/main/java/org/example/Main.java:[9,19] cannot find symbol\n  symbol:   class Test\n  location: class org.example.TestSuiteExample\n[ERROR] /home/azmain/Code Recommendation/RAG/Projects/junit-4.4/TestSuite/sample_3/Wrapper/src/main/java/org/example/Main.java:[10,9] cannot find symbol\n  symbol:   class TestSuite\n  location: class org.example.TestSuiteExample\n[ERROR] /home/azmain/Code Recommendation/RAG/Projects/junit-4.4/TestSuite/sample_3/Wrapper/src/main/java/org/example/Main.java:[10,31] cannot find symbol\n  symbol:   class TestSuite\n  location: class org.example.TestSuiteExample\n[ERROR] /home/azmain/Code Recommendation/RAG/Projects/junit-4.4/TestSuite/sample_3/Wrapper/src/main/java/org/example/Main.java:[11,28] cannot find symbol\n  symbol:   class TestClass1\n  location: class org.example.TestSuiteExample\n[ERROR] /home/azmain/Code Recommendation/RAG/Projects/junit-4.4/TestSuite/sample_3/Wrapper/src/main/java/org/example/Main.java:[12,28] cannot find symbol\n  symbol:   class TestClass2\n  location: class org.example.TestSuiteExample\n[ERROR] /home/azmain/Code Recommendation/RAG/Projects/junit-4.4/TestSuite/sample_3/Wrapper/src/main/java/org/example/Main.java:[17,22] package junit.swingui does not exist\n[INFO] 10 errors \n[INFO] -------------------------------------------------------------\n[INFO] ------------------------------------------------------------------------\n[INFO] BUILD FAILURE\n[INFO] ------------------------------------------------------------------------\n[INFO] Total time:  0.752 s\n[INFO] Finished at: 2024-04-16T20:56:02-05:00\n[INFO] ------------------------------------------------------------------------\n[ERROR] Failed to execute goal org.apache.maven.plugins:maven-compiler-plugin:3.1:compile (default-compile) on project Wrapper: Compilation failure: Compilation failure: \n[ERROR] /home/azmain/Code Recommendation/RAG/Projects/junit-4.4/TestSuite/sample_3/Wrapper/src/main/java/org/example/Main.java:[8,8] class TestSuiteExample is public, should be declared in a file named TestSuiteExample.java\n[ERROR] /home/azmain/Code Recommendation/RAG/Projects/junit-4.4/TestSuite/sample_3/Wrapper/src/main/java/org/example/Main.java:[4,23] package junit.framework does not exist\n[ERROR] /home/azmain/Code Recommendation/RAG/Projects/junit-4.4/TestSuite/sample_3/Wrapper/src/main/java/org/example/Main.java:[5,23] package junit.framework does not exist\n[ERROR] /home/azmain/Code Recommendation/RAG/Projects/junit-4.4/TestSuite/sample_3/Wrapper/src/main/java/org/example/Main.java:[6,23] package junit.framework does not exist\n[ERROR] /home/azmain/Code Recommendation/RAG/Projects/junit-4.4/TestSuite/sample_3/Wrapper/src/main/java/org/example/Main.java:[9,19] cannot find symbol\n[ERROR]   symbol:   class Test\n[ERROR]   location: class org.example.TestSuiteExample\n[ERROR] /home/azmain/Code Recommendation/RAG/Projects/junit-4.4/TestSuite/sample_3/Wrapper/src/main/java/org/example/Main.java:[10,9] cannot find symbol\n[ERROR]   symbol:   class TestSuite\n[ERROR]   location: class org.example.TestSuiteExample\n[ERROR] /home/azmain/Code Recommendation/RAG/Projects/junit-4.4/TestSuite/sample_3/Wrapper/src/main/java/org/example/Main.java:[10,31] cannot find symbol\n[ERROR]   symbol:   class TestSuite\n[ERROR]   location: class org.example.TestSuiteExample\n[ERROR] /home/azmain/Code Recommendation/RAG/Projects/junit-4.4/TestSuite/sample_3/Wrapper/src/main/java/org/example/Main.java:[11,28] cannot find symbol\n[ERROR]   symbol:   class TestClass1\n[ERROR]   location: class org.example.TestSuiteExample\n[ERROR] /home/azmain/Code Recommendation/RAG/Projects/junit-4.4/TestSuite/sample_3/Wrapper/src/main/java/org/example/Main.java:[12,28] cannot find symbol\n[ERROR]   symbol:   class TestClass2\n[ERROR]   location: class org.example.TestSuiteExample\n[ERROR] /home/azmain/Code Recommendation/RAG/Projects/junit-4.4/TestSuite/sample_3/Wrapper/src/main/java/org/example/Main.java:[17,22] package junit.swingui does not exist\n[ERROR] -> [Help 1]\n[ERROR] \n[ERROR] To see the full stack trace of the errors, re-run Maven with the -e switch.\n[ERROR] Re-run Maven using the -X switch to enable full debug logging.\n[ERROR] \n[ERROR] For more information about the errors and possible solutions, please read the following articles:\n[ERROR] [Help 1] http://cwiki.apache.org/confluence/display/MAVEN/MojoFailureException\n",
                        "error_list": [
                            {
                                "file": "/home/azmain/Code Recommendation/RAG/Projects/junit-4.4/TestSuite/sample_3/Wrapper/src/main/java/org/example/Main.java",
                                "line": 10,
                                "column": 31,
                                "message": "cannot find symbol"
                            },
                            {
                                "file": "/home/azmain/Code Recommendation/RAG/Projects/junit-4.4/TestSuite/sample_3/Wrapper/src/main/java/org/example/Main.java",
                                "line": 12,
                                "column": 28,
                                "message": "cannot find symbol"
                            },
                            {
                                "file": "/home/azmain/Code Recommendation/RAG/Projects/junit-4.4/TestSuite/sample_3/Wrapper/src/main/java/org/example/Main.java",
                                "line": 5,
                                "column": 23,
                                "message": "package junit.framework does not exist"
                            },
                            {
                                "file": "/home/azmain/Code Recommendation/RAG/Projects/junit-4.4/TestSuite/sample_3/Wrapper/src/main/java/org/example/Main.java",
                                "line": 10,
                                "column": 9,
                                "message": "cannot find symbol"
                            },
                            {
                                "file": "/home/azmain/Code Recommendation/RAG/Projects/junit-4.4/TestSuite/sample_3/Wrapper/src/main/java/org/example/Main.java",
                                "line": 6,
                                "column": 23,
                                "message": "package junit.framework does not exist"
                            },
                            {
                                "file": "/home/azmain/Code Recommendation/RAG/Projects/junit-4.4/TestSuite/sample_3/Wrapper/src/main/java/org/example/Main.java",
                                "line": 9,
                                "column": 19,
                                "message": "cannot find symbol"
                            },
                            {
                                "file": "/home/azmain/Code Recommendation/RAG/Projects/junit-4.4/TestSuite/sample_3/Wrapper/src/main/java/org/example/Main.java",
                                "line": 4,
                                "column": 23,
                                "message": "package junit.framework does not exist"
                            },
                            {
                                "file": "/home/azmain/Code Recommendation/RAG/Projects/junit-4.4/TestSuite/sample_3/Wrapper/src/main/java/org/example/Main.java",
                                "line": 17,
                                "column": 22,
                                "message": "package junit.swingui does not exist"
                            },
                            {
                                "file": "/home/azmain/Code Recommendation/RAG/Projects/junit-4.4/TestSuite/sample_3/Wrapper/src/main/java/org/example/Main.java",
                                "line": 8,
                                "column": 8,
                                "message": "class TestSuiteExample is public, should be declared in a file named TestSuiteExample.java"
                            },
                            {
                                "file": "/home/azmain/Code Recommendation/RAG/Projects/junit-4.4/TestSuite/sample_3/Wrapper/src/main/java/org/example/Main.java",
                                "line": 11,
                                "column": 28,
                                "message": "cannot find symbol"
                            }
                        ]
                    }
                }
            },
            "sample_4": {
                "full_response": "You are an exceptionally intelligent coding assistant that consistently delivers accurate and reliable responses to user instructions.\n\n@@ Instruction\nGive me a complete, correct and compilable Java code. This code must use \"TestSuite\" API from \"junit-4.4\" project along with other necessary APIs. The dependency is already added for \"junit-4.4\" project. So, if you need to use other APIs, then do not use APIs whose import statements require adding new dependencies. The name of the class that has the main method should be Main.\n\n@@ Response\nHere is the compilable Java code using TestSuite API from JUnit 4.4:\n\n```java\nimport org.junit.runner.RunWith;\nimport org.junit.runners.Suite;\nimport org.junit.runners.Suite.SuiteClasses;\n\n@RunWith(Suite.class)\n@SuiteClasses({Test1.class, Test2.class, Test3.class}) //List of classes to be tested \n\npublic class TestSuiteMain {\n}\n```\n\nIn the above code:\n\n- `@RunWith(Suite.class)` is an annotation to specify that JUnit runner should be the Suite runner. \n- `@SuiteClasses({Test1.class, Test2.class, Test3.class})` is an annotation that provides a list of classes to test.\n- `public class TestSuiteMain {...}` is the main class that has the `main` method.\n\nPlease, note that `Test1.class`, `Test2.class`, `Test3.class` should be properly defined classes which are included in the current package or imported packages.\n\nAs for the dependencies, if there are some external APIs that you need, they must be included in your project's build management tool (Maven, Gradle, etc.).\n\nAlso, your code seems to require a complete and correct \"JUnit\" project with proper configuration to compile and run the given code. Please make sure you have all necessary dependencies for a correct compilation.",
                "extracted_java_code_from_prediction": "import org.junit.runner.RunWith;\nimport org.junit.runners.Suite;\nimport org.junit.runners.Suite.SuiteClasses;\n\n@RunWith(Suite.class)\n@SuiteClasses({Test1.class, Test2.class, Test3.class}) //List of classes to be tested \n\npublic class TestSuiteMain {\n}",
                "extracted_FQNs_from_prediction": [
                    "org.junit.runner.RunWith",
                    "org.junit.runners.Suite",
                    "org.junit.runners.Suite.SuiteClasses"
                ],
                "correct_FQN_predictions": [
                    "org.junit.runner.RunWith",
                    "org.junit.runners.Suite"
                ],
                "wrong_FQN_predictions": [
                    "org.junit.runners.Suite.SuiteClasses"
                ],
                "number_of_correct_FQNs": 2,
                "number_of_wrong_FQNs": 1,
                "failure_rate_for_FQNs": 0.3333333333333333,
                "model_confidence": 0.49755731225013733,
                "code_build": {
                    "build_result": {
                        "status": "failure",
                        "hallucinations_for_FQNs": "Need manual review",
                        "message": "Build failed. Full error log present.",
                        "full_error_log": "[INFO] Scanning for projects...\n[WARNING] \n[WARNING] Some problems were encountered while building the effective model for org.example:Wrapper:jar:1.0-SNAPSHOT\n[WARNING] 'build.plugins.plugin.version' for org.apache.maven.plugins:maven-compiler-plugin is missing. @ line 46, column 15\n[WARNING] \n[WARNING] It is highly recommended to fix these problems because they threaten the stability of your build.\n[WARNING] \n[WARNING] For this reason, future Maven versions might no longer support building such malformed projects.\n[WARNING] \n[INFO] \n[INFO] ------------------------< org.example:Wrapper >-------------------------\n[INFO] Building Wrapper 1.0-SNAPSHOT\n[INFO] --------------------------------[ jar ]---------------------------------\n[INFO] \n[INFO] --- maven-clean-plugin:2.5:clean (default-clean) @ Wrapper ---\n[INFO] Deleting /home/azmain/Code Recommendation/RAG/Projects/junit-4.4/TestSuite/sample_4/Wrapper/target\n[INFO] \n[INFO] --- maven-resources-plugin:2.6:resources (default-resources) @ Wrapper ---\n[INFO] Using 'UTF-8' encoding to copy filtered resources.\n[INFO] skip non existing resourceDirectory /home/azmain/Code Recommendation/RAG/Projects/junit-4.4/TestSuite/sample_4/Wrapper/src/main/resources\n[INFO] \n[INFO] --- maven-compiler-plugin:3.1:compile (default-compile) @ Wrapper ---\n[INFO] Changes detected - recompiling the module!\n[INFO] Compiling 2 source files to /home/azmain/Code Recommendation/RAG/Projects/junit-4.4/TestSuite/sample_4/Wrapper/target/classes\n[INFO] -------------------------------------------------------------\n[ERROR] COMPILATION ERROR : \n[INFO] -------------------------------------------------------------\n[ERROR] /home/azmain/Code Recommendation/RAG/Projects/junit-4.4/TestSuite/sample_4/Wrapper/src/main/java/org/example/TestSuiteMain.java:[3,24] package org.junit.runner does not exist\n[ERROR] /home/azmain/Code Recommendation/RAG/Projects/junit-4.4/TestSuite/sample_4/Wrapper/src/main/java/org/example/TestSuiteMain.java:[4,25] package org.junit.runners does not exist\n[ERROR] /home/azmain/Code Recommendation/RAG/Projects/junit-4.4/TestSuite/sample_4/Wrapper/src/main/java/org/example/TestSuiteMain.java:[5,31] package org.junit.runners.Suite does not exist\n[INFO] 3 errors \n[INFO] -------------------------------------------------------------\n[INFO] ------------------------------------------------------------------------\n[INFO] BUILD FAILURE\n[INFO] ------------------------------------------------------------------------\n[INFO] Total time:  0.709 s\n[INFO] Finished at: 2024-04-16T20:56:03-05:00\n[INFO] ------------------------------------------------------------------------\n[ERROR] Failed to execute goal org.apache.maven.plugins:maven-compiler-plugin:3.1:compile (default-compile) on project Wrapper: Compilation failure: Compilation failure: \n[ERROR] /home/azmain/Code Recommendation/RAG/Projects/junit-4.4/TestSuite/sample_4/Wrapper/src/main/java/org/example/TestSuiteMain.java:[3,24] package org.junit.runner does not exist\n[ERROR] /home/azmain/Code Recommendation/RAG/Projects/junit-4.4/TestSuite/sample_4/Wrapper/src/main/java/org/example/TestSuiteMain.java:[4,25] package org.junit.runners does not exist\n[ERROR] /home/azmain/Code Recommendation/RAG/Projects/junit-4.4/TestSuite/sample_4/Wrapper/src/main/java/org/example/TestSuiteMain.java:[5,31] package org.junit.runners.Suite does not exist\n[ERROR] -> [Help 1]\n[ERROR] \n[ERROR] To see the full stack trace of the errors, re-run Maven with the -e switch.\n[ERROR] Re-run Maven using the -X switch to enable full debug logging.\n[ERROR] \n[ERROR] For more information about the errors and possible solutions, please read the following articles:\n[ERROR] [Help 1] http://cwiki.apache.org/confluence/display/MAVEN/MojoFailureException\n",
                        "error_list": [
                            {
                                "file": "/home/azmain/Code Recommendation/RAG/Projects/junit-4.4/TestSuite/sample_4/Wrapper/src/main/java/org/example/TestSuiteMain.java",
                                "line": 5,
                                "column": 31,
                                "message": "package org.junit.runners.Suite does not exist"
                            },
                            {
                                "file": "/home/azmain/Code Recommendation/RAG/Projects/junit-4.4/TestSuite/sample_4/Wrapper/src/main/java/org/example/TestSuiteMain.java",
                                "line": 4,
                                "column": 25,
                                "message": "package org.junit.runners does not exist"
                            },
                            {
                                "file": "/home/azmain/Code Recommendation/RAG/Projects/junit-4.4/TestSuite/sample_4/Wrapper/src/main/java/org/example/TestSuiteMain.java",
                                "line": 3,
                                "column": 24,
                                "message": "package org.junit.runner does not exist"
                            }
                        ]
                    }
                }
            },
            "sample_5": {
                "full_response": "You are an exceptionally intelligent coding assistant that consistently delivers accurate and reliable responses to user instructions.\n\n@@ Instruction\nGive me a complete, correct and compilable Java code. This code must use \"TestSuite\" API from \"junit-4.4\" project along with other necessary APIs. The dependency is already added for \"junit-4.4\" project. So, if you need to use other APIs, then do not use APIs whose import statements require adding new dependencies. The name of the class that has the main method should be Main.\n\n@@ Response\nBelow is the complete Java code which uses \"TestSuite\" API from \"junit-4.4\" project.\n\n```Java\nimport org.junit.runner.RunWith;\nimport org.junit.runners.Suite;\n\n@RunWith(Suite.class)\n@Suite.SuiteClasses({\n   ClassA.class,\n   ClassB.class\n})\npublic class Main {\n   // No implementation necessary \n}\n```\n\nIn this code, we are creating a class `Main` that's annotated with `@RunWith(Suite.class)` and `@SuiteClasses`. These annotations indicate that this class is a test suite that's run with the Suite runner (and not the JUnit's default runner).\n\nThe `@SuiteClasses` annotation defines the classes that comprise the suite. The classes included in this suite will run as a test suite. For example, in this case, `ClassA.class` and `ClassB.class` are assumed to be existing classes. \n\nNote: Class `Main` is the class which you are expecting the JVM to run.\n\nAdditionally, if `ClassA` and `ClassB` are also test classes with public methods marked with `@Test` annotation, you can directly run `Main` class in JUnit as it is a test suite class. If these classes are not test classes, then JUnit will not pick them up automatically as part of the suite, and you would need to add some test logic into them, or use another runner for those classes (`JUnitPlatform` for example).",
                "extracted_java_code_from_prediction": "",
                "extracted_FQNs_from_prediction": [],
                "correct_FQN_predictions": [],
                "wrong_FQN_predictions": [],
                "number_of_correct_FQNs": 0,
                "number_of_wrong_FQNs": 0,
                "failure_rate_for_FQNs": 1,
                "model_confidence": 0.4877224862575531,
                "code_build": {
                    "build_result": {
                        "status": "failure",
                        "message": "Model could not predict any correct FQNs.",
                        "hallucinations_for_FQNs": true
                    }
                }
            }
        },
        "TestResult": {
            "prompt": "Give me a complete, correct and compilable Java code. This code must use \"TestResult\" API from \"junit-4.4\" project along with other necessary APIs. The dependency is already added for \"junit-4.4\" project. So, if you need to use other APIs, then do not use APIs whose import statements require adding new dependencies. The name of the class that has the main method should be Main.",
            "sample_1": {
                "full_response": "You are an exceptionally intelligent coding assistant that consistently delivers accurate and reliable responses to user instructions.\n\n@@ Instruction\nGive me a complete, correct and compilable Java code. This code must use \"TestResult\" API from \"junit-4.4\" project along with other necessary APIs. The dependency is already added for \"junit-4.4\" project. So, if you need to use other APIs, then do not use APIs whose import statements require adding new dependencies. The name of the class that has the main method should be Main.\n\n@@ Response\nHere's a simple example of a Main class that uses the TestResult API from junit-4.4. If you need to use other APIs, it's worth noting that those APIs might require their own dependencies which need to be explicitly added to the build system (usually a pom.xml file in a Maven project, or build.gradle file in a Gradle project). Also, some APIs may not be accessible without additional dependencies.\n\n```java\nimport org.junit.internal.runners.statements.ExpectException;\nimport org.junit.internal.runners.model.MultipleFrs;\nimport org.junit.Test;\nimport org.junit.Assert;\n\nimport java.util.HashMap;\n\npublic class Main {\n    @Test\n    public void myTest() {\n        Assert.assertEquals(4, 2+2);\n    }\n\n    public static void main(String[] args) {\n        Main main = new Main();\n        ExpectException statement = new ExpectException(MultipleFrs.from(new Object() {\n            private HashMap<String, String> myMap = new HashMap<String, String>();\n        }));\n        statement.evaluate();\n        main.myTest();\n    }\n}\n```\n\nNote: Junit 4 is not supported in latest versions of Java. It's often recommended to use Junit 5 instead, which doesn't have direct access to some of the older APIs. For a new project, you'll want to use Junit 5, which is generally recommended because it doesn't require any import statements that require adding new dependencies.",
                "extracted_java_code_from_prediction": "import org.junit.internal.runners.statements.ExpectException;\nimport org.junit.internal.runners.model.MultipleFrs;\nimport org.junit.Test;\nimport org.junit.Assert;\n\nimport java.util.HashMap;\n\npublic class Main {\n    @Test\n    public void myTest() {\n        Assert.assertEquals(4, 2+2);\n    }\n\n    public static void main(String[] args) {\n        Main main = new Main();\n        ExpectException statement = new ExpectException(MultipleFrs.from(new Object() {\n            private HashMap<String, String> myMap = new HashMap<String, String>();\n        }));\n        statement.evaluate();\n        main.myTest();\n    }\n}",
                "extracted_FQNs_from_prediction": [
                    "org.junit.internal.runners.statements.ExpectException",
                    "org.junit.internal.runners.model.MultipleFrs",
                    "org.junit.Test",
                    "org.junit.Assert",
                    "java.util.HashMap"
                ],
                "correct_FQN_predictions": [
                    "org.junit.internal.runners.statements.ExpectException",
                    "org.junit.Test",
                    "org.junit.Assert"
                ],
                "wrong_FQN_predictions": [
                    "org.junit.internal.runners.model.MultipleFrs",
                    "java.util.HashMap"
                ],
                "number_of_correct_FQNs": 3,
                "number_of_wrong_FQNs": 2,
                "failure_rate_for_FQNs": 0.4,
                "model_confidence": 0.5104537606239319,
                "code_build": {
                    "build_result": {
                        "status": "failure",
                        "hallucinations_for_FQNs": "Need manual review",
                        "message": "Build failed. Full error log present.",
                        "full_error_log": "[INFO] Scanning for projects...\n[WARNING] \n[WARNING] Some problems were encountered while building the effective model for org.example:Wrapper:jar:1.0-SNAPSHOT\n[WARNING] 'build.plugins.plugin.version' for org.apache.maven.plugins:maven-compiler-plugin is missing. @ line 46, column 15\n[WARNING] \n[WARNING] It is highly recommended to fix these problems because they threaten the stability of your build.\n[WARNING] \n[WARNING] For this reason, future Maven versions might no longer support building such malformed projects.\n[WARNING] \n[INFO] \n[INFO] ------------------------< org.example:Wrapper >-------------------------\n[INFO] Building Wrapper 1.0-SNAPSHOT\n[INFO] --------------------------------[ jar ]---------------------------------\n[INFO] \n[INFO] --- maven-clean-plugin:2.5:clean (default-clean) @ Wrapper ---\n[INFO] Deleting /home/azmain/Code Recommendation/RAG/Projects/junit-4.4/TestResult/sample_1/Wrapper/target\n[INFO] \n[INFO] --- maven-resources-plugin:2.6:resources (default-resources) @ Wrapper ---\n[INFO] Using 'UTF-8' encoding to copy filtered resources.\n[INFO] skip non existing resourceDirectory /home/azmain/Code Recommendation/RAG/Projects/junit-4.4/TestResult/sample_1/Wrapper/src/main/resources\n[INFO] \n[INFO] --- maven-compiler-plugin:3.1:compile (default-compile) @ Wrapper ---\n[INFO] Changes detected - recompiling the module!\n[INFO] Compiling 1 source file to /home/azmain/Code Recommendation/RAG/Projects/junit-4.4/TestResult/sample_1/Wrapper/target/classes\n[INFO] -------------------------------------------------------------\n[ERROR] COMPILATION ERROR : \n[INFO] -------------------------------------------------------------\n[ERROR] /home/azmain/Code Recommendation/RAG/Projects/junit-4.4/TestResult/sample_1/Wrapper/src/main/java/org/example/Main.java:[4,45] package org.junit.internal.runners.statements does not exist\n[ERROR] /home/azmain/Code Recommendation/RAG/Projects/junit-4.4/TestResult/sample_1/Wrapper/src/main/java/org/example/Main.java:[5,40] package org.junit.internal.runners.model does not exist\n[ERROR] /home/azmain/Code Recommendation/RAG/Projects/junit-4.4/TestResult/sample_1/Wrapper/src/main/java/org/example/Main.java:[6,17] package org.junit does not exist\n[ERROR] /home/azmain/Code Recommendation/RAG/Projects/junit-4.4/TestResult/sample_1/Wrapper/src/main/java/org/example/Main.java:[7,17] package org.junit does not exist\n[ERROR] /home/azmain/Code Recommendation/RAG/Projects/junit-4.4/TestResult/sample_1/Wrapper/src/main/java/org/example/Main.java:[11,6] cannot find symbol\n  symbol:   class Test\n  location: class org.example.Main\n[ERROR] /home/azmain/Code Recommendation/RAG/Projects/junit-4.4/TestResult/sample_1/Wrapper/src/main/java/org/example/Main.java:[13,9] cannot find symbol\n  symbol:   variable Assert\n  location: class org.example.Main\n[ERROR] /home/azmain/Code Recommendation/RAG/Projects/junit-4.4/TestResult/sample_1/Wrapper/src/main/java/org/example/Main.java:[18,9] cannot find symbol\n  symbol:   class ExpectException\n  location: class org.example.Main\n[ERROR] /home/azmain/Code Recommendation/RAG/Projects/junit-4.4/TestResult/sample_1/Wrapper/src/main/java/org/example/Main.java:[18,41] cannot find symbol\n  symbol:   class ExpectException\n  location: class org.example.Main\n[ERROR] /home/azmain/Code Recommendation/RAG/Projects/junit-4.4/TestResult/sample_1/Wrapper/src/main/java/org/example/Main.java:[18,57] cannot find symbol\n  symbol:   variable MultipleFrs\n  location: class org.example.Main\n[INFO] 9 errors \n[INFO] -------------------------------------------------------------\n[INFO] ------------------------------------------------------------------------\n[INFO] BUILD FAILURE\n[INFO] ------------------------------------------------------------------------\n[INFO] Total time:  0.795 s\n[INFO] Finished at: 2024-04-16T20:56:29-05:00\n[INFO] ------------------------------------------------------------------------\n[ERROR] Failed to execute goal org.apache.maven.plugins:maven-compiler-plugin:3.1:compile (default-compile) on project Wrapper: Compilation failure: Compilation failure: \n[ERROR] /home/azmain/Code Recommendation/RAG/Projects/junit-4.4/TestResult/sample_1/Wrapper/src/main/java/org/example/Main.java:[4,45] package org.junit.internal.runners.statements does not exist\n[ERROR] /home/azmain/Code Recommendation/RAG/Projects/junit-4.4/TestResult/sample_1/Wrapper/src/main/java/org/example/Main.java:[5,40] package org.junit.internal.runners.model does not exist\n[ERROR] /home/azmain/Code Recommendation/RAG/Projects/junit-4.4/TestResult/sample_1/Wrapper/src/main/java/org/example/Main.java:[6,17] package org.junit does not exist\n[ERROR] /home/azmain/Code Recommendation/RAG/Projects/junit-4.4/TestResult/sample_1/Wrapper/src/main/java/org/example/Main.java:[7,17] package org.junit does not exist\n[ERROR] /home/azmain/Code Recommendation/RAG/Projects/junit-4.4/TestResult/sample_1/Wrapper/src/main/java/org/example/Main.java:[11,6] cannot find symbol\n[ERROR]   symbol:   class Test\n[ERROR]   location: class org.example.Main\n[ERROR] /home/azmain/Code Recommendation/RAG/Projects/junit-4.4/TestResult/sample_1/Wrapper/src/main/java/org/example/Main.java:[13,9] cannot find symbol\n[ERROR]   symbol:   variable Assert\n[ERROR]   location: class org.example.Main\n[ERROR] /home/azmain/Code Recommendation/RAG/Projects/junit-4.4/TestResult/sample_1/Wrapper/src/main/java/org/example/Main.java:[18,9] cannot find symbol\n[ERROR]   symbol:   class ExpectException\n[ERROR]   location: class org.example.Main\n[ERROR] /home/azmain/Code Recommendation/RAG/Projects/junit-4.4/TestResult/sample_1/Wrapper/src/main/java/org/example/Main.java:[18,41] cannot find symbol\n[ERROR]   symbol:   class ExpectException\n[ERROR]   location: class org.example.Main\n[ERROR] /home/azmain/Code Recommendation/RAG/Projects/junit-4.4/TestResult/sample_1/Wrapper/src/main/java/org/example/Main.java:[18,57] cannot find symbol\n[ERROR]   symbol:   variable MultipleFrs\n[ERROR]   location: class org.example.Main\n[ERROR] -> [Help 1]\n[ERROR] \n[ERROR] To see the full stack trace of the errors, re-run Maven with the -e switch.\n[ERROR] Re-run Maven using the -X switch to enable full debug logging.\n[ERROR] \n[ERROR] For more information about the errors and possible solutions, please read the following articles:\n[ERROR] [Help 1] http://cwiki.apache.org/confluence/display/MAVEN/MojoFailureException\n",
                        "error_list": [
                            {
                                "file": "/home/azmain/Code Recommendation/RAG/Projects/junit-4.4/TestResult/sample_1/Wrapper/src/main/java/org/example/Main.java",
                                "line": 18,
                                "column": 9,
                                "message": "cannot find symbol"
                            },
                            {
                                "file": "/home/azmain/Code Recommendation/RAG/Projects/junit-4.4/TestResult/sample_1/Wrapper/src/main/java/org/example/Main.java",
                                "line": 11,
                                "column": 6,
                                "message": "cannot find symbol"
                            },
                            {
                                "file": "/home/azmain/Code Recommendation/RAG/Projects/junit-4.4/TestResult/sample_1/Wrapper/src/main/java/org/example/Main.java",
                                "line": 5,
                                "column": 40,
                                "message": "package org.junit.internal.runners.model does not exist"
                            },
                            {
                                "file": "/home/azmain/Code Recommendation/RAG/Projects/junit-4.4/TestResult/sample_1/Wrapper/src/main/java/org/example/Main.java",
                                "line": 13,
                                "column": 9,
                                "message": "cannot find symbol"
                            },
                            {
                                "file": "/home/azmain/Code Recommendation/RAG/Projects/junit-4.4/TestResult/sample_1/Wrapper/src/main/java/org/example/Main.java",
                                "line": 6,
                                "column": 17,
                                "message": "package org.junit does not exist"
                            },
                            {
                                "file": "/home/azmain/Code Recommendation/RAG/Projects/junit-4.4/TestResult/sample_1/Wrapper/src/main/java/org/example/Main.java",
                                "line": 4,
                                "column": 45,
                                "message": "package org.junit.internal.runners.statements does not exist"
                            },
                            {
                                "file": "/home/azmain/Code Recommendation/RAG/Projects/junit-4.4/TestResult/sample_1/Wrapper/src/main/java/org/example/Main.java",
                                "line": 18,
                                "column": 57,
                                "message": "cannot find symbol"
                            },
                            {
                                "file": "/home/azmain/Code Recommendation/RAG/Projects/junit-4.4/TestResult/sample_1/Wrapper/src/main/java/org/example/Main.java",
                                "line": 7,
                                "column": 17,
                                "message": "package org.junit does not exist"
                            },
                            {
                                "file": "/home/azmain/Code Recommendation/RAG/Projects/junit-4.4/TestResult/sample_1/Wrapper/src/main/java/org/example/Main.java",
                                "line": 18,
                                "column": 41,
                                "message": "cannot find symbol"
                            }
                        ]
                    }
                }
            },
            "sample_2": {
                "full_response": "You are an exceptionally intelligent coding assistant that consistently delivers accurate and reliable responses to user instructions.\n\n@@ Instruction\nGive me a complete, correct and compilable Java code. This code must use \"TestResult\" API from \"junit-4.4\" project along with other necessary APIs. The dependency is already added for \"junit-4.4\" project. So, if you need to use other APIs, then do not use APIs whose import statements require adding new dependencies. The name of the class that has the main method should be Main.\n\n@@ Response\nHere is a simple Java class that uses the JUnit TestResult and assertions APIs. Since the JUnit 4.4 framework is assumed to be available and its dependencies are already managed in the build, the example does not have a build configuration file.\n\nPlease note that JUnit 4.x tests are typically in the \"src/test\" directory and not in the \"src/main\" directory as is common in Java projects. However, given the context in the question, I assumed that the code should be located in the main classpath and should not have a build configuration.\n\n```java\nimport org.junit.Assert;\nimport org.junit.Test;\nimport org.junit.runner.JUnitCore;\nimport org.junit.runner.Result;\nimport org.junit.runner.notification.Failure;\n\npublic class Main {\n    @Test\n    public void myTest() {\n        int expected = 2;\n        int actual = 2;\n        Assert.assertEquals(expected, actual);\n    }\n    \n    public static void main(String[] args) {\n        Result result = JUnitCore.runClasses(Main.class);\n        for (Failure failure : result.getFailures()) {\n            System.out.println(failure.toString());\n        }\n        System.out.println(result.wasSuccessful());\n    }\n}\n```\n\nIn this example, the `myTest` method tests the behavior of the `myTest` method, comparing the expected result 2 with the actual result 2 using the JUnit Assert API. The `main` method uses the JUnitCore `runClasses` method to run all the tests in the class Main. The results of the tests are then printed out in the console, indicating whether they were successful or not.\n\nTo run this program, you would first need to add a dependency to JUnit 4 in your project's build configuration. Afterwards, you can run this program from the command line, or from within an IDE such as IntelliJ IDEA, Eclipse, or NetBeans.",
                "extracted_java_code_from_prediction": "import org.junit.Assert;\nimport org.junit.Test;\nimport org.junit.runner.JUnitCore;\nimport org.junit.runner.Result;\nimport org.junit.runner.notification.Failure;\n\npublic class Main {\n    @Test\n    public void myTest() {\n        int expected = 2;\n        int actual = 2;\n        Assert.assertEquals(expected, actual);\n    }\n    \n    public static void main(String[] args) {\n        Result result = JUnitCore.runClasses(Main.class);\n        for (Failure failure : result.getFailures()) {\n            System.out.println(failure.toString());\n        }\n        System.out.println(result.wasSuccessful());\n    }\n}",
                "extracted_FQNs_from_prediction": [
                    "org.junit.Assert",
                    "org.junit.Test",
                    "org.junit.runner.JUnitCore",
                    "org.junit.runner.Result",
                    "org.junit.runner.notification.Failure"
                ],
                "correct_FQN_predictions": [
                    "org.junit.Assert",
                    "org.junit.Test",
                    "org.junit.runner.JUnitCore",
                    "org.junit.runner.Result",
                    "org.junit.runner.notification.Failure"
                ],
                "wrong_FQN_predictions": [],
                "number_of_correct_FQNs": 5,
                "number_of_wrong_FQNs": 0,
                "failure_rate_for_FQNs": 0.0,
                "model_confidence": 0.586025595664978,
                "code_build": {
                    "build_result": {
                        "status": "failure",
                        "hallucinations_for_FQNs": "Need manual review",
                        "message": "Build failed. Full error log present.",
                        "full_error_log": "[INFO] Scanning for projects...\n[WARNING] \n[WARNING] Some problems were encountered while building the effective model for org.example:Wrapper:jar:1.0-SNAPSHOT\n[WARNING] 'build.plugins.plugin.version' for org.apache.maven.plugins:maven-compiler-plugin is missing. @ line 46, column 15\n[WARNING] \n[WARNING] It is highly recommended to fix these problems because they threaten the stability of your build.\n[WARNING] \n[WARNING] For this reason, future Maven versions might no longer support building such malformed projects.\n[WARNING] \n[INFO] \n[INFO] ------------------------< org.example:Wrapper >-------------------------\n[INFO] Building Wrapper 1.0-SNAPSHOT\n[INFO] --------------------------------[ jar ]---------------------------------\n[INFO] \n[INFO] --- maven-clean-plugin:2.5:clean (default-clean) @ Wrapper ---\n[INFO] Deleting /home/azmain/Code Recommendation/RAG/Projects/junit-4.4/TestResult/sample_2/Wrapper/target\n[INFO] \n[INFO] --- maven-resources-plugin:2.6:resources (default-resources) @ Wrapper ---\n[INFO] Using 'UTF-8' encoding to copy filtered resources.\n[INFO] skip non existing resourceDirectory /home/azmain/Code Recommendation/RAG/Projects/junit-4.4/TestResult/sample_2/Wrapper/src/main/resources\n[INFO] \n[INFO] --- maven-compiler-plugin:3.1:compile (default-compile) @ Wrapper ---\n[INFO] Changes detected - recompiling the module!\n[INFO] Compiling 1 source file to /home/azmain/Code Recommendation/RAG/Projects/junit-4.4/TestResult/sample_2/Wrapper/target/classes\n[INFO] -------------------------------------------------------------\n[ERROR] COMPILATION ERROR : \n[INFO] -------------------------------------------------------------\n[ERROR] /home/azmain/Code Recommendation/RAG/Projects/junit-4.4/TestResult/sample_2/Wrapper/src/main/java/org/example/Main.java:[4,17] package org.junit does not exist\n[ERROR] /home/azmain/Code Recommendation/RAG/Projects/junit-4.4/TestResult/sample_2/Wrapper/src/main/java/org/example/Main.java:[5,17] package org.junit does not exist\n[ERROR] /home/azmain/Code Recommendation/RAG/Projects/junit-4.4/TestResult/sample_2/Wrapper/src/main/java/org/example/Main.java:[6,24] package org.junit.runner does not exist\n[ERROR] /home/azmain/Code Recommendation/RAG/Projects/junit-4.4/TestResult/sample_2/Wrapper/src/main/java/org/example/Main.java:[7,24] package org.junit.runner does not exist\n[ERROR] /home/azmain/Code Recommendation/RAG/Projects/junit-4.4/TestResult/sample_2/Wrapper/src/main/java/org/example/Main.java:[8,37] package org.junit.runner.notification does not exist\n[ERROR] /home/azmain/Code Recommendation/RAG/Projects/junit-4.4/TestResult/sample_2/Wrapper/src/main/java/org/example/Main.java:[11,6] cannot find symbol\n  symbol:   class Test\n  location: class org.example.Main\n[ERROR] /home/azmain/Code Recommendation/RAG/Projects/junit-4.4/TestResult/sample_2/Wrapper/src/main/java/org/example/Main.java:[15,9] cannot find symbol\n  symbol:   variable Assert\n  location: class org.example.Main\n[ERROR] /home/azmain/Code Recommendation/RAG/Projects/junit-4.4/TestResult/sample_2/Wrapper/src/main/java/org/example/Main.java:[19,9] cannot find symbol\n  symbol:   class Result\n  location: class org.example.Main\n[ERROR] /home/azmain/Code Recommendation/RAG/Projects/junit-4.4/TestResult/sample_2/Wrapper/src/main/java/org/example/Main.java:[19,25] cannot find symbol\n  symbol:   variable JUnitCore\n  location: class org.example.Main\n[ERROR] /home/azmain/Code Recommendation/RAG/Projects/junit-4.4/TestResult/sample_2/Wrapper/src/main/java/org/example/Main.java:[20,14] cannot find symbol\n  symbol:   class Failure\n  location: class org.example.Main\n[INFO] 10 errors \n[INFO] -------------------------------------------------------------\n[INFO] ------------------------------------------------------------------------\n[INFO] BUILD FAILURE\n[INFO] ------------------------------------------------------------------------\n[INFO] Total time:  0.769 s\n[INFO] Finished at: 2024-04-16T20:56:31-05:00\n[INFO] ------------------------------------------------------------------------\n[ERROR] Failed to execute goal org.apache.maven.plugins:maven-compiler-plugin:3.1:compile (default-compile) on project Wrapper: Compilation failure: Compilation failure: \n[ERROR] /home/azmain/Code Recommendation/RAG/Projects/junit-4.4/TestResult/sample_2/Wrapper/src/main/java/org/example/Main.java:[4,17] package org.junit does not exist\n[ERROR] /home/azmain/Code Recommendation/RAG/Projects/junit-4.4/TestResult/sample_2/Wrapper/src/main/java/org/example/Main.java:[5,17] package org.junit does not exist\n[ERROR] /home/azmain/Code Recommendation/RAG/Projects/junit-4.4/TestResult/sample_2/Wrapper/src/main/java/org/example/Main.java:[6,24] package org.junit.runner does not exist\n[ERROR] /home/azmain/Code Recommendation/RAG/Projects/junit-4.4/TestResult/sample_2/Wrapper/src/main/java/org/example/Main.java:[7,24] package org.junit.runner does not exist\n[ERROR] /home/azmain/Code Recommendation/RAG/Projects/junit-4.4/TestResult/sample_2/Wrapper/src/main/java/org/example/Main.java:[8,37] package org.junit.runner.notification does not exist\n[ERROR] /home/azmain/Code Recommendation/RAG/Projects/junit-4.4/TestResult/sample_2/Wrapper/src/main/java/org/example/Main.java:[11,6] cannot find symbol\n[ERROR]   symbol:   class Test\n[ERROR]   location: class org.example.Main\n[ERROR] /home/azmain/Code Recommendation/RAG/Projects/junit-4.4/TestResult/sample_2/Wrapper/src/main/java/org/example/Main.java:[15,9] cannot find symbol\n[ERROR]   symbol:   variable Assert\n[ERROR]   location: class org.example.Main\n[ERROR] /home/azmain/Code Recommendation/RAG/Projects/junit-4.4/TestResult/sample_2/Wrapper/src/main/java/org/example/Main.java:[19,9] cannot find symbol\n[ERROR]   symbol:   class Result\n[ERROR]   location: class org.example.Main\n[ERROR] /home/azmain/Code Recommendation/RAG/Projects/junit-4.4/TestResult/sample_2/Wrapper/src/main/java/org/example/Main.java:[19,25] cannot find symbol\n[ERROR]   symbol:   variable JUnitCore\n[ERROR]   location: class org.example.Main\n[ERROR] /home/azmain/Code Recommendation/RAG/Projects/junit-4.4/TestResult/sample_2/Wrapper/src/main/java/org/example/Main.java:[20,14] cannot find symbol\n[ERROR]   symbol:   class Failure\n[ERROR]   location: class org.example.Main\n[ERROR] -> [Help 1]\n[ERROR] \n[ERROR] To see the full stack trace of the errors, re-run Maven with the -e switch.\n[ERROR] Re-run Maven using the -X switch to enable full debug logging.\n[ERROR] \n[ERROR] For more information about the errors and possible solutions, please read the following articles:\n[ERROR] [Help 1] http://cwiki.apache.org/confluence/display/MAVEN/MojoFailureException\n",
                        "error_list": [
                            {
                                "file": "/home/azmain/Code Recommendation/RAG/Projects/junit-4.4/TestResult/sample_2/Wrapper/src/main/java/org/example/Main.java",
                                "line": 19,
                                "column": 9,
                                "message": "cannot find symbol"
                            },
                            {
                                "file": "/home/azmain/Code Recommendation/RAG/Projects/junit-4.4/TestResult/sample_2/Wrapper/src/main/java/org/example/Main.java",
                                "line": 19,
                                "column": 25,
                                "message": "cannot find symbol"
                            },
                            {
                                "file": "/home/azmain/Code Recommendation/RAG/Projects/junit-4.4/TestResult/sample_2/Wrapper/src/main/java/org/example/Main.java",
                                "line": 11,
                                "column": 6,
                                "message": "cannot find symbol"
                            },
                            {
                                "file": "/home/azmain/Code Recommendation/RAG/Projects/junit-4.4/TestResult/sample_2/Wrapper/src/main/java/org/example/Main.java",
                                "line": 15,
                                "column": 9,
                                "message": "cannot find symbol"
                            },
                            {
                                "file": "/home/azmain/Code Recommendation/RAG/Projects/junit-4.4/TestResult/sample_2/Wrapper/src/main/java/org/example/Main.java",
                                "line": 7,
                                "column": 24,
                                "message": "package org.junit.runner does not exist"
                            },
                            {
                                "file": "/home/azmain/Code Recommendation/RAG/Projects/junit-4.4/TestResult/sample_2/Wrapper/src/main/java/org/example/Main.java",
                                "line": 8,
                                "column": 37,
                                "message": "package org.junit.runner.notification does not exist"
                            },
                            {
                                "file": "/home/azmain/Code Recommendation/RAG/Projects/junit-4.4/TestResult/sample_2/Wrapper/src/main/java/org/example/Main.java",
                                "line": 4,
                                "column": 17,
                                "message": "package org.junit does not exist"
                            },
                            {
                                "file": "/home/azmain/Code Recommendation/RAG/Projects/junit-4.4/TestResult/sample_2/Wrapper/src/main/java/org/example/Main.java",
                                "line": 6,
                                "column": 24,
                                "message": "package org.junit.runner does not exist"
                            },
                            {
                                "file": "/home/azmain/Code Recommendation/RAG/Projects/junit-4.4/TestResult/sample_2/Wrapper/src/main/java/org/example/Main.java",
                                "line": 20,
                                "column": 14,
                                "message": "cannot find symbol"
                            },
                            {
                                "file": "/home/azmain/Code Recommendation/RAG/Projects/junit-4.4/TestResult/sample_2/Wrapper/src/main/java/org/example/Main.java",
                                "line": 5,
                                "column": 17,
                                "message": "package org.junit does not exist"
                            }
                        ]
                    }
                }
            },
            "sample_3": {
                "full_response": "You are an exceptionally intelligent coding assistant that consistently delivers accurate and reliable responses to user instructions.\n\n@@ Instruction\nGive me a complete, correct and compilable Java code. This code must use \"TestResult\" API from \"junit-4.4\" project along with other necessary APIs. The dependency is already added for \"junit-4.4\" project. So, if you need to use other APIs, then do not use APIs whose import statements require adding new dependencies. The name of the class that has the main method should be Main.\n\n@@ Response\nTo create a Java program using TestResult API, you need to set up a simple test environment first. Then use TestResult API to test your code. The steps you need to take to execute your code using Junit Test API are given below:\n\nFirstly, you need to set up the TestResult instance and pass it into your test method. TestResult API provides methods to record the status of your test cases.\n\nHere is an example:\n\n```java\nimport org.junit.runner.RunWith;\nimport org.junit.runners.JUnit4;\n\n@RunWith(JUnit4.class)\npublic class Main {\n\n    public static void main(String[] args) {\n        TestResult testResult = new TestResult();\n        test(testResult);\n    }\n\n    public static void test(TestResult result) {\n        //your testing code\n        //use result.run() to start the test\n    }\n\n}\n```\n\nThen you have to create a test method with a Test annotation, and it has to accept a TestResult parameter:\n\n```java\n@Test\npublic void testMethod(TestResult result) {\n    try {\n        //your testing code\n        result.run();\n    } catch (AssertionError e) {\n        //if your test case fails, you can report the failure by calling result.addFailure(..)\n        result.addFailure(..);\n    }\n}\n```\n\nNow, this is a simple demonstration to start using the TestResult API. The actual implementation may vary based on your needs and your test cases. Be sure to check the TestResult API documentation for the most up to date version.\n\nPlease note, the TestResult class is not part of the standard Java API. However, it is usually provided by the testing framework like JUnit or TestNG. So, depending on your project requirements you might need to include additional dependencies to be able to use the TestResult class.",
                "extracted_java_code_from_prediction": "import org.junit.runner.RunWith;\nimport org.junit.runners.JUnit4;\n\n@RunWith(JUnit4.class)\npublic class Main {\n\n    public static void main(String[] args) {\n        TestResult testResult = new TestResult();\n        test(testResult);\n    }\n\n    public static void test(TestResult result) {\n        //your testing code\n        //use result.run() to start the test\n    }\n\n}",
                "extracted_FQNs_from_prediction": [
                    "org.junit.runner.RunWith",
                    "org.junit.runners.JUnit4"
                ],
                "correct_FQN_predictions": [
                    "org.junit.runner.RunWith",
                    "org.junit.runners.JUnit4"
                ],
                "wrong_FQN_predictions": [],
                "number_of_correct_FQNs": 2,
                "number_of_wrong_FQNs": 0,
                "failure_rate_for_FQNs": 0.0,
                "model_confidence": 0.5088014006614685,
                "code_build": {
                    "build_result": {
                        "status": "failure",
                        "hallucinations_for_FQNs": "Need manual review",
                        "message": "Build failed. Full error log present.",
                        "full_error_log": "[INFO] Scanning for projects...\n[WARNING] \n[WARNING] Some problems were encountered while building the effective model for org.example:Wrapper:jar:1.0-SNAPSHOT\n[WARNING] 'build.plugins.plugin.version' for org.apache.maven.plugins:maven-compiler-plugin is missing. @ line 46, column 15\n[WARNING] \n[WARNING] It is highly recommended to fix these problems because they threaten the stability of your build.\n[WARNING] \n[WARNING] For this reason, future Maven versions might no longer support building such malformed projects.\n[WARNING] \n[INFO] \n[INFO] ------------------------< org.example:Wrapper >-------------------------\n[INFO] Building Wrapper 1.0-SNAPSHOT\n[INFO] --------------------------------[ jar ]---------------------------------\n[INFO] \n[INFO] --- maven-clean-plugin:2.5:clean (default-clean) @ Wrapper ---\n[INFO] Deleting /home/azmain/Code Recommendation/RAG/Projects/junit-4.4/TestResult/sample_3/Wrapper/target\n[INFO] \n[INFO] --- maven-resources-plugin:2.6:resources (default-resources) @ Wrapper ---\n[INFO] Using 'UTF-8' encoding to copy filtered resources.\n[INFO] skip non existing resourceDirectory /home/azmain/Code Recommendation/RAG/Projects/junit-4.4/TestResult/sample_3/Wrapper/src/main/resources\n[INFO] \n[INFO] --- maven-compiler-plugin:3.1:compile (default-compile) @ Wrapper ---\n[INFO] Changes detected - recompiling the module!\n[INFO] Compiling 1 source file to /home/azmain/Code Recommendation/RAG/Projects/junit-4.4/TestResult/sample_3/Wrapper/target/classes\n[INFO] -------------------------------------------------------------\n[ERROR] COMPILATION ERROR : \n[INFO] -------------------------------------------------------------\n[ERROR] /home/azmain/Code Recommendation/RAG/Projects/junit-4.4/TestResult/sample_3/Wrapper/src/main/java/org/example/Main.java:[4,24] package org.junit.runner does not exist\n[ERROR] /home/azmain/Code Recommendation/RAG/Projects/junit-4.4/TestResult/sample_3/Wrapper/src/main/java/org/example/Main.java:[5,25] package org.junit.runners does not exist\n[ERROR] /home/azmain/Code Recommendation/RAG/Projects/junit-4.4/TestResult/sample_3/Wrapper/src/main/java/org/example/Main.java:[14,29] cannot find symbol\n  symbol:   class TestResult\n  location: class org.example.Main\n[ERROR] /home/azmain/Code Recommendation/RAG/Projects/junit-4.4/TestResult/sample_3/Wrapper/src/main/java/org/example/Main.java:[10,9] cannot find symbol\n  symbol:   class TestResult\n  location: class org.example.Main\n[ERROR] /home/azmain/Code Recommendation/RAG/Projects/junit-4.4/TestResult/sample_3/Wrapper/src/main/java/org/example/Main.java:[10,37] cannot find symbol\n  symbol:   class TestResult\n  location: class org.example.Main\n[INFO] 5 errors \n[INFO] -------------------------------------------------------------\n[INFO] ------------------------------------------------------------------------\n[INFO] BUILD FAILURE\n[INFO] ------------------------------------------------------------------------\n[INFO] Total time:  0.723 s\n[INFO] Finished at: 2024-04-16T20:56:32-05:00\n[INFO] ------------------------------------------------------------------------\n[ERROR] Failed to execute goal org.apache.maven.plugins:maven-compiler-plugin:3.1:compile (default-compile) on project Wrapper: Compilation failure: Compilation failure: \n[ERROR] /home/azmain/Code Recommendation/RAG/Projects/junit-4.4/TestResult/sample_3/Wrapper/src/main/java/org/example/Main.java:[4,24] package org.junit.runner does not exist\n[ERROR] /home/azmain/Code Recommendation/RAG/Projects/junit-4.4/TestResult/sample_3/Wrapper/src/main/java/org/example/Main.java:[5,25] package org.junit.runners does not exist\n[ERROR] /home/azmain/Code Recommendation/RAG/Projects/junit-4.4/TestResult/sample_3/Wrapper/src/main/java/org/example/Main.java:[14,29] cannot find symbol\n[ERROR]   symbol:   class TestResult\n[ERROR]   location: class org.example.Main\n[ERROR] /home/azmain/Code Recommendation/RAG/Projects/junit-4.4/TestResult/sample_3/Wrapper/src/main/java/org/example/Main.java:[10,9] cannot find symbol\n[ERROR]   symbol:   class TestResult\n[ERROR]   location: class org.example.Main\n[ERROR] /home/azmain/Code Recommendation/RAG/Projects/junit-4.4/TestResult/sample_3/Wrapper/src/main/java/org/example/Main.java:[10,37] cannot find symbol\n[ERROR]   symbol:   class TestResult\n[ERROR]   location: class org.example.Main\n[ERROR] -> [Help 1]\n[ERROR] \n[ERROR] To see the full stack trace of the errors, re-run Maven with the -e switch.\n[ERROR] Re-run Maven using the -X switch to enable full debug logging.\n[ERROR] \n[ERROR] For more information about the errors and possible solutions, please read the following articles:\n[ERROR] [Help 1] http://cwiki.apache.org/confluence/display/MAVEN/MojoFailureException\n",
                        "error_list": [
                            {
                                "file": "/home/azmain/Code Recommendation/RAG/Projects/junit-4.4/TestResult/sample_3/Wrapper/src/main/java/org/example/Main.java",
                                "line": 10,
                                "column": 9,
                                "message": "cannot find symbol"
                            },
                            {
                                "file": "/home/azmain/Code Recommendation/RAG/Projects/junit-4.4/TestResult/sample_3/Wrapper/src/main/java/org/example/Main.java",
                                "line": 4,
                                "column": 24,
                                "message": "package org.junit.runner does not exist"
                            },
                            {
                                "file": "/home/azmain/Code Recommendation/RAG/Projects/junit-4.4/TestResult/sample_3/Wrapper/src/main/java/org/example/Main.java",
                                "line": 10,
                                "column": 37,
                                "message": "cannot find symbol"
                            },
                            {
                                "file": "/home/azmain/Code Recommendation/RAG/Projects/junit-4.4/TestResult/sample_3/Wrapper/src/main/java/org/example/Main.java",
                                "line": 5,
                                "column": 25,
                                "message": "package org.junit.runners does not exist"
                            },
                            {
                                "file": "/home/azmain/Code Recommendation/RAG/Projects/junit-4.4/TestResult/sample_3/Wrapper/src/main/java/org/example/Main.java",
                                "line": 14,
                                "column": 29,
                                "message": "cannot find symbol"
                            }
                        ]
                    }
                }
            },
            "sample_4": {
                "full_response": "You are an exceptionally intelligent coding assistant that consistently delivers accurate and reliable responses to user instructions.\n\n@@ Instruction\nGive me a complete, correct and compilable Java code. This code must use \"TestResult\" API from \"junit-4.4\" project along with other necessary APIs. The dependency is already added for \"junit-4.4\" project. So, if you need to use other APIs, then do not use APIs whose import statements require adding new dependencies. The name of the class that has the main method should be Main.\n\n@@ Response\nAs an AI, I don't have the ability to run code. However, I can provide you with an example of how to write some tests using the JUnit API. This example includes imports for all APIs that do not require additional dependencies.\n\n```java\nimport org.junit.Test;\nimport org.junit.Assert;\nimport java.util.Arrays;\nimport java.util.List;\n\npublic class Main {\n    @Test\n    public void exampleTest() {\n        // Test setup\n        String expected = \"hello world\";\n        String actual = \"hello world\";\n\n        // Test assertion\n        Assert.assertEquals(expected, actual);\n    }\n\n    @Test\n    public void anotherTest() {\n        // Test setup\n        int sum = 2 + 2;\n        int expected = 4;\n\n        // Test assertion\n        Assert.assertEquals(expected, sum);\n    }\n\n    @Test\n    public void listTest() {\n        // Test setup\n        List<String> expectedList = Arrays.asList(\"one\", \"two\", \"three\");\n        List<String> actualList = Arrays.asList(\"one\", \"two\", \"three\");\n\n        // Test assertion\n        Assert.assertEquals(expectedList, actualList);\n    }\n\n    public static void main(String[] args) {\n        // This is the main method.\n        // You can add test execution logic here.\n        System.out.println(\"Running JUnit tests in Main...\");\n        // Add your TestRunner implementation here\n        TestRunner.runTests(Main.class);\n    }\n}\n```\nThis `Main` class uses JUnit's `Assert` to check whether the tests pass or fail, using simple String, integer, List-based tests as examples.\n\nRemember, you would need to create `TestRunner` class yourself to actually run these tests. An easy way to do that is to create a method inside that class called `runTests`, and then inside that method you would use reflection to find and call all methods annotated with `@Test`.",
                "extracted_java_code_from_prediction": "import org.junit.Test;\nimport org.junit.Assert;\nimport java.util.Arrays;\nimport java.util.List;\n\npublic class Main {\n    @Test\n    public void exampleTest() {\n        // Test setup\n        String expected = \"hello world\";\n        String actual = \"hello world\";\n\n        // Test assertion\n        Assert.assertEquals(expected, actual);\n    }\n\n    @Test\n    public void anotherTest() {\n        // Test setup\n        int sum = 2 + 2;\n        int expected = 4;\n\n        // Test assertion\n        Assert.assertEquals(expected, sum);\n    }\n\n    @Test\n    public void listTest() {\n        // Test setup\n        List<String> expectedList = Arrays.asList(\"one\", \"two\", \"three\");\n        List<String> actualList = Arrays.asList(\"one\", \"two\", \"three\");\n\n        // Test assertion\n        Assert.assertEquals(expectedList, actualList);\n    }\n\n    public static void main(String[] args) {\n        // This is the main method.\n        // You can add test execution logic here.\n        System.out.println(\"Running JUnit tests in Main...\");\n        // Add your TestRunner implementation here\n        TestRunner.runTests(Main.class);\n    }\n}",
                "extracted_FQNs_from_prediction": [
                    "org.junit.Test",
                    "org.junit.Assert",
                    "java.util.Arrays",
                    "java.util.List"
                ],
                "correct_FQN_predictions": [
                    "org.junit.Test",
                    "org.junit.Assert"
                ],
                "wrong_FQN_predictions": [
                    "java.util.Arrays",
                    "java.util.List"
                ],
                "number_of_correct_FQNs": 2,
                "number_of_wrong_FQNs": 2,
                "failure_rate_for_FQNs": 0.5,
                "model_confidence": 0.6366111040115356,
                "code_build": {
                    "build_result": {
                        "status": "failure",
                        "hallucinations_for_FQNs": "Need manual review",
                        "message": "Build failed. Full error log present.",
                        "full_error_log": "[INFO] Scanning for projects...\n[WARNING] \n[WARNING] Some problems were encountered while building the effective model for org.example:Wrapper:jar:1.0-SNAPSHOT\n[WARNING] 'build.plugins.plugin.version' for org.apache.maven.plugins:maven-compiler-plugin is missing. @ line 46, column 15\n[WARNING] \n[WARNING] It is highly recommended to fix these problems because they threaten the stability of your build.\n[WARNING] \n[WARNING] For this reason, future Maven versions might no longer support building such malformed projects.\n[WARNING] \n[INFO] \n[INFO] ------------------------< org.example:Wrapper >-------------------------\n[INFO] Building Wrapper 1.0-SNAPSHOT\n[INFO] --------------------------------[ jar ]---------------------------------\n[INFO] \n[INFO] --- maven-clean-plugin:2.5:clean (default-clean) @ Wrapper ---\n[INFO] Deleting /home/azmain/Code Recommendation/RAG/Projects/junit-4.4/TestResult/sample_4/Wrapper/target\n[INFO] \n[INFO] --- maven-resources-plugin:2.6:resources (default-resources) @ Wrapper ---\n[INFO] Using 'UTF-8' encoding to copy filtered resources.\n[INFO] skip non existing resourceDirectory /home/azmain/Code Recommendation/RAG/Projects/junit-4.4/TestResult/sample_4/Wrapper/src/main/resources\n[INFO] \n[INFO] --- maven-compiler-plugin:3.1:compile (default-compile) @ Wrapper ---\n[INFO] Changes detected - recompiling the module!\n[INFO] Compiling 1 source file to /home/azmain/Code Recommendation/RAG/Projects/junit-4.4/TestResult/sample_4/Wrapper/target/classes\n[INFO] -------------------------------------------------------------\n[ERROR] COMPILATION ERROR : \n[INFO] -------------------------------------------------------------\n[ERROR] /home/azmain/Code Recommendation/RAG/Projects/junit-4.4/TestResult/sample_4/Wrapper/src/main/java/org/example/Main.java:[4,17] package org.junit does not exist\n[ERROR] /home/azmain/Code Recommendation/RAG/Projects/junit-4.4/TestResult/sample_4/Wrapper/src/main/java/org/example/Main.java:[5,17] package org.junit does not exist\n[ERROR] /home/azmain/Code Recommendation/RAG/Projects/junit-4.4/TestResult/sample_4/Wrapper/src/main/java/org/example/Main.java:[10,6] cannot find symbol\n  symbol:   class Test\n  location: class org.example.Main\n[ERROR] /home/azmain/Code Recommendation/RAG/Projects/junit-4.4/TestResult/sample_4/Wrapper/src/main/java/org/example/Main.java:[20,6] cannot find symbol\n  symbol:   class Test\n  location: class org.example.Main\n[ERROR] /home/azmain/Code Recommendation/RAG/Projects/junit-4.4/TestResult/sample_4/Wrapper/src/main/java/org/example/Main.java:[30,6] cannot find symbol\n  symbol:   class Test\n  location: class org.example.Main\n[ERROR] /home/azmain/Code Recommendation/RAG/Projects/junit-4.4/TestResult/sample_4/Wrapper/src/main/java/org/example/Main.java:[17,9] cannot find symbol\n  symbol:   variable Assert\n  location: class org.example.Main\n[ERROR] /home/azmain/Code Recommendation/RAG/Projects/junit-4.4/TestResult/sample_4/Wrapper/src/main/java/org/example/Main.java:[27,9] cannot find symbol\n  symbol:   variable Assert\n  location: class org.example.Main\n[ERROR] /home/azmain/Code Recommendation/RAG/Projects/junit-4.4/TestResult/sample_4/Wrapper/src/main/java/org/example/Main.java:[37,9] cannot find symbol\n  symbol:   variable Assert\n  location: class org.example.Main\n[ERROR] /home/azmain/Code Recommendation/RAG/Projects/junit-4.4/TestResult/sample_4/Wrapper/src/main/java/org/example/Main.java:[45,9] cannot find symbol\n  symbol:   variable TestRunner\n  location: class org.example.Main\n[INFO] 9 errors \n[INFO] -------------------------------------------------------------\n[INFO] ------------------------------------------------------------------------\n[INFO] BUILD FAILURE\n[INFO] ------------------------------------------------------------------------\n[INFO] Total time:  0.722 s\n[INFO] Finished at: 2024-04-16T20:56:33-05:00\n[INFO] ------------------------------------------------------------------------\n[ERROR] Failed to execute goal org.apache.maven.plugins:maven-compiler-plugin:3.1:compile (default-compile) on project Wrapper: Compilation failure: Compilation failure: \n[ERROR] /home/azmain/Code Recommendation/RAG/Projects/junit-4.4/TestResult/sample_4/Wrapper/src/main/java/org/example/Main.java:[4,17] package org.junit does not exist\n[ERROR] /home/azmain/Code Recommendation/RAG/Projects/junit-4.4/TestResult/sample_4/Wrapper/src/main/java/org/example/Main.java:[5,17] package org.junit does not exist\n[ERROR] /home/azmain/Code Recommendation/RAG/Projects/junit-4.4/TestResult/sample_4/Wrapper/src/main/java/org/example/Main.java:[10,6] cannot find symbol\n[ERROR]   symbol:   class Test\n[ERROR]   location: class org.example.Main\n[ERROR] /home/azmain/Code Recommendation/RAG/Projects/junit-4.4/TestResult/sample_4/Wrapper/src/main/java/org/example/Main.java:[20,6] cannot find symbol\n[ERROR]   symbol:   class Test\n[ERROR]   location: class org.example.Main\n[ERROR] /home/azmain/Code Recommendation/RAG/Projects/junit-4.4/TestResult/sample_4/Wrapper/src/main/java/org/example/Main.java:[30,6] cannot find symbol\n[ERROR]   symbol:   class Test\n[ERROR]   location: class org.example.Main\n[ERROR] /home/azmain/Code Recommendation/RAG/Projects/junit-4.4/TestResult/sample_4/Wrapper/src/main/java/org/example/Main.java:[17,9] cannot find symbol\n[ERROR]   symbol:   variable Assert\n[ERROR]   location: class org.example.Main\n[ERROR] /home/azmain/Code Recommendation/RAG/Projects/junit-4.4/TestResult/sample_4/Wrapper/src/main/java/org/example/Main.java:[27,9] cannot find symbol\n[ERROR]   symbol:   variable Assert\n[ERROR]   location: class org.example.Main\n[ERROR] /home/azmain/Code Recommendation/RAG/Projects/junit-4.4/TestResult/sample_4/Wrapper/src/main/java/org/example/Main.java:[37,9] cannot find symbol\n[ERROR]   symbol:   variable Assert\n[ERROR]   location: class org.example.Main\n[ERROR] /home/azmain/Code Recommendation/RAG/Projects/junit-4.4/TestResult/sample_4/Wrapper/src/main/java/org/example/Main.java:[45,9] cannot find symbol\n[ERROR]   symbol:   variable TestRunner\n[ERROR]   location: class org.example.Main\n[ERROR] -> [Help 1]\n[ERROR] \n[ERROR] To see the full stack trace of the errors, re-run Maven with the -e switch.\n[ERROR] Re-run Maven using the -X switch to enable full debug logging.\n[ERROR] \n[ERROR] For more information about the errors and possible solutions, please read the following articles:\n[ERROR] [Help 1] http://cwiki.apache.org/confluence/display/MAVEN/MojoFailureException\n",
                        "error_list": [
                            {
                                "file": "/home/azmain/Code Recommendation/RAG/Projects/junit-4.4/TestResult/sample_4/Wrapper/src/main/java/org/example/Main.java",
                                "line": 37,
                                "column": 9,
                                "message": "cannot find symbol"
                            },
                            {
                                "file": "/home/azmain/Code Recommendation/RAG/Projects/junit-4.4/TestResult/sample_4/Wrapper/src/main/java/org/example/Main.java",
                                "line": 10,
                                "column": 6,
                                "message": "cannot find symbol"
                            },
                            {
                                "file": "/home/azmain/Code Recommendation/RAG/Projects/junit-4.4/TestResult/sample_4/Wrapper/src/main/java/org/example/Main.java",
                                "line": 4,
                                "column": 17,
                                "message": "package org.junit does not exist"
                            },
                            {
                                "file": "/home/azmain/Code Recommendation/RAG/Projects/junit-4.4/TestResult/sample_4/Wrapper/src/main/java/org/example/Main.java",
                                "line": 17,
                                "column": 9,
                                "message": "cannot find symbol"
                            },
                            {
                                "file": "/home/azmain/Code Recommendation/RAG/Projects/junit-4.4/TestResult/sample_4/Wrapper/src/main/java/org/example/Main.java",
                                "line": 20,
                                "column": 6,
                                "message": "cannot find symbol"
                            },
                            {
                                "file": "/home/azmain/Code Recommendation/RAG/Projects/junit-4.4/TestResult/sample_4/Wrapper/src/main/java/org/example/Main.java",
                                "line": 45,
                                "column": 9,
                                "message": "cannot find symbol"
                            },
                            {
                                "file": "/home/azmain/Code Recommendation/RAG/Projects/junit-4.4/TestResult/sample_4/Wrapper/src/main/java/org/example/Main.java",
                                "line": 5,
                                "column": 17,
                                "message": "package org.junit does not exist"
                            },
                            {
                                "file": "/home/azmain/Code Recommendation/RAG/Projects/junit-4.4/TestResult/sample_4/Wrapper/src/main/java/org/example/Main.java",
                                "line": 30,
                                "column": 6,
                                "message": "cannot find symbol"
                            },
                            {
                                "file": "/home/azmain/Code Recommendation/RAG/Projects/junit-4.4/TestResult/sample_4/Wrapper/src/main/java/org/example/Main.java",
                                "line": 27,
                                "column": 9,
                                "message": "cannot find symbol"
                            }
                        ]
                    }
                }
            },
            "sample_5": {
                "full_response": "You are an exceptionally intelligent coding assistant that consistently delivers accurate and reliable responses to user instructions.\n\n@@ Instruction\nGive me a complete, correct and compilable Java code. This code must use \"TestResult\" API from \"junit-4.4\" project along with other necessary APIs. The dependency is already added for \"junit-4.4\" project. So, if you need to use other APIs, then do not use APIs whose import statements require adding new dependencies. The name of the class that has the main method should be Main.\n\n@@ Response\nGiven that the requirement has specified the TestResult API from \"junit-4.4\", here is an example of how you can structure your Main class:\n\n```java\nimport org.junit.Assert;\nimport org.junit.Test;\nimport org.junit.runner.JUnitCore;\nimport org.junit.runner.Result;\nimport org.junit.runner.notification.Failure;\n\npublic class Main {\n    \n    @Test\n    public void testMethod(){\n        Assert.assertEquals(\"Text\", \"Text\");\n    }\n\n    public static void main(String[] args) {\n        Result result = JUnitCore.runClasses(Main.class);\n        for (Failure failure : result.getFailures()) {\n            System.out.println(failure.toString());\n        }\n        System.out.println(result.wasSuccessful());\n    }\n}\n```\n\nThis example class contains a method annotated with `@Test`. The method tests whether two strings are equal. The `main` method starts the tests by using JUnitCore's static `runClasses` method. It runs all tests in the given class and gets a result. If any of the tests fail, their failure messages are outputted. The test suite's success status is then printed. \n\nIt's important to note that this is a simple example and might not fully match with your actual requirement. You may need to adapt it according to your requirements.",
                "extracted_java_code_from_prediction": "import org.junit.Assert;\nimport org.junit.Test;\nimport org.junit.runner.JUnitCore;\nimport org.junit.runner.Result;\nimport org.junit.runner.notification.Failure;\n\npublic class Main {\n    \n    @Test\n    public void testMethod(){\n        Assert.assertEquals(\"Text\", \"Text\");\n    }\n\n    public static void main(String[] args) {\n        Result result = JUnitCore.runClasses(Main.class);\n        for (Failure failure : result.getFailures()) {\n            System.out.println(failure.toString());\n        }\n        System.out.println(result.wasSuccessful());\n    }\n}",
                "extracted_FQNs_from_prediction": [
                    "org.junit.Assert",
                    "org.junit.Test",
                    "org.junit.runner.JUnitCore",
                    "org.junit.runner.Result",
                    "org.junit.runner.notification.Failure"
                ],
                "correct_FQN_predictions": [
                    "org.junit.Assert",
                    "org.junit.Test",
                    "org.junit.runner.JUnitCore",
                    "org.junit.runner.Result",
                    "org.junit.runner.notification.Failure"
                ],
                "wrong_FQN_predictions": [],
                "number_of_correct_FQNs": 5,
                "number_of_wrong_FQNs": 0,
                "failure_rate_for_FQNs": 0.0,
                "model_confidence": 0.5190825462341309,
                "code_build": {
                    "build_result": {
                        "status": "failure",
                        "hallucinations_for_FQNs": "Need manual review",
                        "message": "Build failed. Full error log present.",
                        "full_error_log": "[INFO] Scanning for projects...\n[WARNING] \n[WARNING] Some problems were encountered while building the effective model for org.example:Wrapper:jar:1.0-SNAPSHOT\n[WARNING] 'build.plugins.plugin.version' for org.apache.maven.plugins:maven-compiler-plugin is missing. @ line 46, column 15\n[WARNING] \n[WARNING] It is highly recommended to fix these problems because they threaten the stability of your build.\n[WARNING] \n[WARNING] For this reason, future Maven versions might no longer support building such malformed projects.\n[WARNING] \n[INFO] \n[INFO] ------------------------< org.example:Wrapper >-------------------------\n[INFO] Building Wrapper 1.0-SNAPSHOT\n[INFO] --------------------------------[ jar ]---------------------------------\n[INFO] \n[INFO] --- maven-clean-plugin:2.5:clean (default-clean) @ Wrapper ---\n[INFO] Deleting /home/azmain/Code Recommendation/RAG/Projects/junit-4.4/TestResult/sample_5/Wrapper/target\n[INFO] \n[INFO] --- maven-resources-plugin:2.6:resources (default-resources) @ Wrapper ---\n[INFO] Using 'UTF-8' encoding to copy filtered resources.\n[INFO] skip non existing resourceDirectory /home/azmain/Code Recommendation/RAG/Projects/junit-4.4/TestResult/sample_5/Wrapper/src/main/resources\n[INFO] \n[INFO] --- maven-compiler-plugin:3.1:compile (default-compile) @ Wrapper ---\n[INFO] Changes detected - recompiling the module!\n[INFO] Compiling 1 source file to /home/azmain/Code Recommendation/RAG/Projects/junit-4.4/TestResult/sample_5/Wrapper/target/classes\n[INFO] -------------------------------------------------------------\n[ERROR] COMPILATION ERROR : \n[INFO] -------------------------------------------------------------\n[ERROR] /home/azmain/Code Recommendation/RAG/Projects/junit-4.4/TestResult/sample_5/Wrapper/src/main/java/org/example/Main.java:[4,17] package org.junit does not exist\n[ERROR] /home/azmain/Code Recommendation/RAG/Projects/junit-4.4/TestResult/sample_5/Wrapper/src/main/java/org/example/Main.java:[5,17] package org.junit does not exist\n[ERROR] /home/azmain/Code Recommendation/RAG/Projects/junit-4.4/TestResult/sample_5/Wrapper/src/main/java/org/example/Main.java:[6,24] package org.junit.runner does not exist\n[ERROR] /home/azmain/Code Recommendation/RAG/Projects/junit-4.4/TestResult/sample_5/Wrapper/src/main/java/org/example/Main.java:[7,24] package org.junit.runner does not exist\n[ERROR] /home/azmain/Code Recommendation/RAG/Projects/junit-4.4/TestResult/sample_5/Wrapper/src/main/java/org/example/Main.java:[8,37] package org.junit.runner.notification does not exist\n[ERROR] /home/azmain/Code Recommendation/RAG/Projects/junit-4.4/TestResult/sample_5/Wrapper/src/main/java/org/example/Main.java:[12,6] cannot find symbol\n  symbol:   class Test\n  location: class org.example.Main\n[ERROR] /home/azmain/Code Recommendation/RAG/Projects/junit-4.4/TestResult/sample_5/Wrapper/src/main/java/org/example/Main.java:[14,9] cannot find symbol\n  symbol:   variable Assert\n  location: class org.example.Main\n[ERROR] /home/azmain/Code Recommendation/RAG/Projects/junit-4.4/TestResult/sample_5/Wrapper/src/main/java/org/example/Main.java:[18,9] cannot find symbol\n  symbol:   class Result\n  location: class org.example.Main\n[ERROR] /home/azmain/Code Recommendation/RAG/Projects/junit-4.4/TestResult/sample_5/Wrapper/src/main/java/org/example/Main.java:[18,25] cannot find symbol\n  symbol:   variable JUnitCore\n  location: class org.example.Main\n[ERROR] /home/azmain/Code Recommendation/RAG/Projects/junit-4.4/TestResult/sample_5/Wrapper/src/main/java/org/example/Main.java:[19,14] cannot find symbol\n  symbol:   class Failure\n  location: class org.example.Main\n[INFO] 10 errors \n[INFO] -------------------------------------------------------------\n[INFO] ------------------------------------------------------------------------\n[INFO] BUILD FAILURE\n[INFO] ------------------------------------------------------------------------\n[INFO] Total time:  0.738 s\n[INFO] Finished at: 2024-04-16T20:56:35-05:00\n[INFO] ------------------------------------------------------------------------\n[ERROR] Failed to execute goal org.apache.maven.plugins:maven-compiler-plugin:3.1:compile (default-compile) on project Wrapper: Compilation failure: Compilation failure: \n[ERROR] /home/azmain/Code Recommendation/RAG/Projects/junit-4.4/TestResult/sample_5/Wrapper/src/main/java/org/example/Main.java:[4,17] package org.junit does not exist\n[ERROR] /home/azmain/Code Recommendation/RAG/Projects/junit-4.4/TestResult/sample_5/Wrapper/src/main/java/org/example/Main.java:[5,17] package org.junit does not exist\n[ERROR] /home/azmain/Code Recommendation/RAG/Projects/junit-4.4/TestResult/sample_5/Wrapper/src/main/java/org/example/Main.java:[6,24] package org.junit.runner does not exist\n[ERROR] /home/azmain/Code Recommendation/RAG/Projects/junit-4.4/TestResult/sample_5/Wrapper/src/main/java/org/example/Main.java:[7,24] package org.junit.runner does not exist\n[ERROR] /home/azmain/Code Recommendation/RAG/Projects/junit-4.4/TestResult/sample_5/Wrapper/src/main/java/org/example/Main.java:[8,37] package org.junit.runner.notification does not exist\n[ERROR] /home/azmain/Code Recommendation/RAG/Projects/junit-4.4/TestResult/sample_5/Wrapper/src/main/java/org/example/Main.java:[12,6] cannot find symbol\n[ERROR]   symbol:   class Test\n[ERROR]   location: class org.example.Main\n[ERROR] /home/azmain/Code Recommendation/RAG/Projects/junit-4.4/TestResult/sample_5/Wrapper/src/main/java/org/example/Main.java:[14,9] cannot find symbol\n[ERROR]   symbol:   variable Assert\n[ERROR]   location: class org.example.Main\n[ERROR] /home/azmain/Code Recommendation/RAG/Projects/junit-4.4/TestResult/sample_5/Wrapper/src/main/java/org/example/Main.java:[18,9] cannot find symbol\n[ERROR]   symbol:   class Result\n[ERROR]   location: class org.example.Main\n[ERROR] /home/azmain/Code Recommendation/RAG/Projects/junit-4.4/TestResult/sample_5/Wrapper/src/main/java/org/example/Main.java:[18,25] cannot find symbol\n[ERROR]   symbol:   variable JUnitCore\n[ERROR]   location: class org.example.Main\n[ERROR] /home/azmain/Code Recommendation/RAG/Projects/junit-4.4/TestResult/sample_5/Wrapper/src/main/java/org/example/Main.java:[19,14] cannot find symbol\n[ERROR]   symbol:   class Failure\n[ERROR]   location: class org.example.Main\n[ERROR] -> [Help 1]\n[ERROR] \n[ERROR] To see the full stack trace of the errors, re-run Maven with the -e switch.\n[ERROR] Re-run Maven using the -X switch to enable full debug logging.\n[ERROR] \n[ERROR] For more information about the errors and possible solutions, please read the following articles:\n[ERROR] [Help 1] http://cwiki.apache.org/confluence/display/MAVEN/MojoFailureException\n",
                        "error_list": [
                            {
                                "file": "/home/azmain/Code Recommendation/RAG/Projects/junit-4.4/TestResult/sample_5/Wrapper/src/main/java/org/example/Main.java",
                                "line": 14,
                                "column": 9,
                                "message": "cannot find symbol"
                            },
                            {
                                "file": "/home/azmain/Code Recommendation/RAG/Projects/junit-4.4/TestResult/sample_5/Wrapper/src/main/java/org/example/Main.java",
                                "line": 6,
                                "column": 24,
                                "message": "package org.junit.runner does not exist"
                            },
                            {
                                "file": "/home/azmain/Code Recommendation/RAG/Projects/junit-4.4/TestResult/sample_5/Wrapper/src/main/java/org/example/Main.java",
                                "line": 8,
                                "column": 37,
                                "message": "package org.junit.runner.notification does not exist"
                            },
                            {
                                "file": "/home/azmain/Code Recommendation/RAG/Projects/junit-4.4/TestResult/sample_5/Wrapper/src/main/java/org/example/Main.java",
                                "line": 7,
                                "column": 24,
                                "message": "package org.junit.runner does not exist"
                            },
                            {
                                "file": "/home/azmain/Code Recommendation/RAG/Projects/junit-4.4/TestResult/sample_5/Wrapper/src/main/java/org/example/Main.java",
                                "line": 12,
                                "column": 6,
                                "message": "cannot find symbol"
                            },
                            {
                                "file": "/home/azmain/Code Recommendation/RAG/Projects/junit-4.4/TestResult/sample_5/Wrapper/src/main/java/org/example/Main.java",
                                "line": 19,
                                "column": 14,
                                "message": "cannot find symbol"
                            },
                            {
                                "file": "/home/azmain/Code Recommendation/RAG/Projects/junit-4.4/TestResult/sample_5/Wrapper/src/main/java/org/example/Main.java",
                                "line": 4,
                                "column": 17,
                                "message": "package org.junit does not exist"
                            },
                            {
                                "file": "/home/azmain/Code Recommendation/RAG/Projects/junit-4.4/TestResult/sample_5/Wrapper/src/main/java/org/example/Main.java",
                                "line": 18,
                                "column": 9,
                                "message": "cannot find symbol"
                            },
                            {
                                "file": "/home/azmain/Code Recommendation/RAG/Projects/junit-4.4/TestResult/sample_5/Wrapper/src/main/java/org/example/Main.java",
                                "line": 18,
                                "column": 25,
                                "message": "cannot find symbol"
                            },
                            {
                                "file": "/home/azmain/Code Recommendation/RAG/Projects/junit-4.4/TestResult/sample_5/Wrapper/src/main/java/org/example/Main.java",
                                "line": 5,
                                "column": 17,
                                "message": "package org.junit does not exist"
                            }
                        ]
                    }
                }
            }
        },
        "TestFailure": {
            "prompt": "Give me a complete, correct and compilable Java code. This code must use \"TestFailure\" API from \"junit-4.4\" project along with other necessary APIs. The dependency is already added for \"junit-4.4\" project. So, if you need to use other APIs, then do not use APIs whose import statements require adding new dependencies. The name of the class that has the main method should be Main.",
            "sample_1": {
                "full_response": "You are an exceptionally intelligent coding assistant that consistently delivers accurate and reliable responses to user instructions.\n\n@@ Instruction\nGive me a complete, correct and compilable Java code. This code must use \"TestFailure\" API from \"junit-4.4\" project along with other necessary APIs. The dependency is already added for \"junit-4.4\" project. So, if you need to use other APIs, then do not use APIs whose import statements require adding new dependencies. The name of the class that has the main method should be Main.\n\n@@ Response\nI'm sorry for the confusion, but it seems that you're looking for some code that includes a main method named \"Main\" and uses \"junit-4.4\" project and its TestFailure class. However, there's no such code snippet that satisfies all the conditions.\n\nThe \"junit-4.4\" project provides APIs for unit testing in Java, but it doesn't include an API specifically named \"TestFailure\" or \"Main\". \n\nPlease provide more information about the purpose of the code you are looking for, or specify which classes or packages from the JUnit project you want to include. Otherwise, here's an example of a basic Hello World program in Java.\n\n```java\npublic class Main {\n    public static void main(String[] args) {\n        System.out.println(\"Hello, World!\");\n    }\n}\n```\nIf you need a simple unit test, you can use JUnit 4 like this:\n\n```java\nimport org.junit.Test;\nimport static org.junit.Assert.*;\n\npublic class MainTest {\n    @Test\n    public void testMain() {\n        assertTrue(true);\n    }\n}\n```\nBut you wouldn't be able to use Main class in this Test class, so it's not clear what you really want to achieve. For any further clarifications, please provide more context.",
                "extracted_java_code_from_prediction": "public class Main {\n    public static void main(String[] args) {\n        System.out.println(\"Hello, World!\");\n    }\n}",
                "extracted_FQNs_from_prediction": [],
                "correct_FQN_predictions": [],
                "wrong_FQN_predictions": [],
                "number_of_correct_FQNs": 0,
                "number_of_wrong_FQNs": 0,
                "failure_rate_for_FQNs": 1,
                "model_confidence": 0.46818578243255615,
                "code_build": {
                    "build_result": {
                        "status": "failure",
                        "message": "Model could not predict any correct FQNs.",
                        "hallucinations_for_FQNs": true
                    }
                }
            },
            "sample_2": {
                "full_response": "You are an exceptionally intelligent coding assistant that consistently delivers accurate and reliable responses to user instructions.\n\n@@ Instruction\nGive me a complete, correct and compilable Java code. This code must use \"TestFailure\" API from \"junit-4.4\" project along with other necessary APIs. The dependency is already added for \"junit-4.4\" project. So, if you need to use other APIs, then do not use APIs whose import statements require adding new dependencies. The name of the class that has the main method should be Main.\n\n@@ Response\nSure, here's a simple example of using TestFailure from the \"junit-4.4\" project.\n\n```java\nimport org.junit.Assert;\nimport org.junit.Test;\nimport org.junit.runner.RunWith;\nimport org.junit.runners.JUnit4;\nimport org.junit.internal.runners.model.EachTestNotifier;\nimport org.junit.internal.runners.model.TestFailure;\nimport org.junit.internal.runners.model.TestMethodFailure;\n\n@RunWith(JUnit4.class)\npublic class Main {\n    @Test\n    public void testPass() {\n        Assert.assertTrue(true);\n    }\n\n    @Test\n    public void testFail() {\n        Assert.assertTrue(false);\n    }\n\n    public static void main(String[] args) {\n        EachTestNotifier testNotifier = new EachTestNotifier();\n        testNotifier.run(new JUnit4.JUnit4TestClassRunner(Main.class));\n\n        for (TestFailure testFailure : testNotifier.getFailures()) {\n            System.out.println(testFailure.failedTestHeaderMessage() + \" -> \" + testFailure.getExceptionMessage());\n        }\n    }\n}\n```\n\nThis example contains 2 unit tests: \"testPass\" that always passes, and \"testFail\" that always fails.\nIn the \"main\" method we run the tests using JUnit4TestClassRunner with Main class as the parameter. Then we iterate over all failures and print their exception messages.\n\nNote: This code should be run inside a JUnit test environment where dependencies are handled properly. If running outside the test environment, you'd need to add dependencies to this code manually.",
                "extracted_java_code_from_prediction": "import org.junit.Assert;\nimport org.junit.Test;\nimport org.junit.runner.RunWith;\nimport org.junit.runners.JUnit4;\nimport org.junit.internal.runners.model.EachTestNotifier;\nimport org.junit.internal.runners.model.TestFailure;\nimport org.junit.internal.runners.model.TestMethodFailure;\n\n@RunWith(JUnit4.class)\npublic class Main {\n    @Test\n    public void testPass() {\n        Assert.assertTrue(true);\n    }\n\n    @Test\n    public void testFail() {\n        Assert.assertTrue(false);\n    }\n\n    public static void main(String[] args) {\n        EachTestNotifier testNotifier = new EachTestNotifier();\n        testNotifier.run(new JUnit4.JUnit4TestClassRunner(Main.class));\n\n        for (TestFailure testFailure : testNotifier.getFailures()) {\n            System.out.println(testFailure.failedTestHeaderMessage() + \" -> \" + testFailure.getExceptionMessage());\n        }\n    }\n}",
                "extracted_FQNs_from_prediction": [
                    "org.junit.Assert",
                    "org.junit.Test",
                    "org.junit.runner.RunWith",
                    "org.junit.runners.JUnit4",
                    "org.junit.internal.runners.model.EachTestNotifier",
                    "org.junit.internal.runners.model.TestFailure",
                    "org.junit.internal.runners.model.TestMethodFailure"
                ],
                "correct_FQN_predictions": [
                    "org.junit.Assert",
                    "org.junit.Test",
                    "org.junit.runner.RunWith",
                    "org.junit.runners.JUnit4",
                    "org.junit.internal.runners.model.EachTestNotifier"
                ],
                "wrong_FQN_predictions": [
                    "org.junit.internal.runners.model.TestFailure",
                    "org.junit.internal.runners.model.TestMethodFailure"
                ],
                "number_of_correct_FQNs": 5,
                "number_of_wrong_FQNs": 2,
                "failure_rate_for_FQNs": 0.2857142857142857,
                "model_confidence": 0.6551433205604553,
                "code_build": {
                    "build_result": {
                        "status": "failure",
                        "hallucinations_for_FQNs": "Need manual review",
                        "message": "Build failed. Full error log present.",
                        "full_error_log": "[INFO] Scanning for projects...\n[WARNING] \n[WARNING] Some problems were encountered while building the effective model for org.example:Wrapper:jar:1.0-SNAPSHOT\n[WARNING] 'build.plugins.plugin.version' for org.apache.maven.plugins:maven-compiler-plugin is missing. @ line 46, column 15\n[WARNING] \n[WARNING] It is highly recommended to fix these problems because they threaten the stability of your build.\n[WARNING] \n[WARNING] For this reason, future Maven versions might no longer support building such malformed projects.\n[WARNING] \n[INFO] \n[INFO] ------------------------< org.example:Wrapper >-------------------------\n[INFO] Building Wrapper 1.0-SNAPSHOT\n[INFO] --------------------------------[ jar ]---------------------------------\n[INFO] \n[INFO] --- maven-clean-plugin:2.5:clean (default-clean) @ Wrapper ---\n[INFO] Deleting /home/azmain/Code Recommendation/RAG/Projects/junit-4.4/TestFailure/sample_2/Wrapper/target\n[INFO] \n[INFO] --- maven-resources-plugin:2.6:resources (default-resources) @ Wrapper ---\n[INFO] Using 'UTF-8' encoding to copy filtered resources.\n[INFO] skip non existing resourceDirectory /home/azmain/Code Recommendation/RAG/Projects/junit-4.4/TestFailure/sample_2/Wrapper/src/main/resources\n[INFO] \n[INFO] --- maven-compiler-plugin:3.1:compile (default-compile) @ Wrapper ---\n[INFO] Changes detected - recompiling the module!\n[INFO] Compiling 1 source file to /home/azmain/Code Recommendation/RAG/Projects/junit-4.4/TestFailure/sample_2/Wrapper/target/classes\n[INFO] -------------------------------------------------------------\n[ERROR] COMPILATION ERROR : \n[INFO] -------------------------------------------------------------\n[ERROR] /home/azmain/Code Recommendation/RAG/Projects/junit-4.4/TestFailure/sample_2/Wrapper/src/main/java/org/example/Main.java:[4,17] package org.junit does not exist\n[ERROR] /home/azmain/Code Recommendation/RAG/Projects/junit-4.4/TestFailure/sample_2/Wrapper/src/main/java/org/example/Main.java:[5,17] package org.junit does not exist\n[ERROR] /home/azmain/Code Recommendation/RAG/Projects/junit-4.4/TestFailure/sample_2/Wrapper/src/main/java/org/example/Main.java:[6,24] package org.junit.runner does not exist\n[ERROR] /home/azmain/Code Recommendation/RAG/Projects/junit-4.4/TestFailure/sample_2/Wrapper/src/main/java/org/example/Main.java:[7,25] package org.junit.runners does not exist\n[ERROR] /home/azmain/Code Recommendation/RAG/Projects/junit-4.4/TestFailure/sample_2/Wrapper/src/main/java/org/example/Main.java:[8,40] package org.junit.internal.runners.model does not exist\n[ERROR] /home/azmain/Code Recommendation/RAG/Projects/junit-4.4/TestFailure/sample_2/Wrapper/src/main/java/org/example/Main.java:[9,40] package org.junit.internal.runners.model does not exist\n[ERROR] /home/azmain/Code Recommendation/RAG/Projects/junit-4.4/TestFailure/sample_2/Wrapper/src/main/java/org/example/Main.java:[10,40] package org.junit.internal.runners.model does not exist\n[ERROR] /home/azmain/Code Recommendation/RAG/Projects/junit-4.4/TestFailure/sample_2/Wrapper/src/main/java/org/example/Main.java:[13,6] cannot find symbol\n  symbol:   class Test\n  location: class org.example.Main\n[ERROR] /home/azmain/Code Recommendation/RAG/Projects/junit-4.4/TestFailure/sample_2/Wrapper/src/main/java/org/example/Main.java:[18,6] cannot find symbol\n  symbol:   class Test\n  location: class org.example.Main\n[ERROR] /home/azmain/Code Recommendation/RAG/Projects/junit-4.4/TestFailure/sample_2/Wrapper/src/main/java/org/example/Main.java:[15,9] cannot find symbol\n  symbol:   variable Assert\n  location: class org.example.Main\n[ERROR] /home/azmain/Code Recommendation/RAG/Projects/junit-4.4/TestFailure/sample_2/Wrapper/src/main/java/org/example/Main.java:[20,9] cannot find symbol\n  symbol:   variable Assert\n  location: class org.example.Main\n[ERROR] /home/azmain/Code Recommendation/RAG/Projects/junit-4.4/TestFailure/sample_2/Wrapper/src/main/java/org/example/Main.java:[24,9] cannot find symbol\n  symbol:   class EachTestNotifier\n  location: class org.example.Main\n[ERROR] /home/azmain/Code Recommendation/RAG/Projects/junit-4.4/TestFailure/sample_2/Wrapper/src/main/java/org/example/Main.java:[24,45] cannot find symbol\n  symbol:   class EachTestNotifier\n  location: class org.example.Main\n[ERROR] /home/azmain/Code Recommendation/RAG/Projects/junit-4.4/TestFailure/sample_2/Wrapper/src/main/java/org/example/Main.java:[25,36] package JUnit4 does not exist\n[ERROR] /home/azmain/Code Recommendation/RAG/Projects/junit-4.4/TestFailure/sample_2/Wrapper/src/main/java/org/example/Main.java:[27,14] cannot find symbol\n  symbol:   class TestFailure\n  location: class org.example.Main\n[INFO] 15 errors \n[INFO] -------------------------------------------------------------\n[INFO] ------------------------------------------------------------------------\n[INFO] BUILD FAILURE\n[INFO] ------------------------------------------------------------------------\n[INFO] Total time:  0.738 s\n[INFO] Finished at: 2024-04-16T20:56:57-05:00\n[INFO] ------------------------------------------------------------------------\n[ERROR] Failed to execute goal org.apache.maven.plugins:maven-compiler-plugin:3.1:compile (default-compile) on project Wrapper: Compilation failure: Compilation failure: \n[ERROR] /home/azmain/Code Recommendation/RAG/Projects/junit-4.4/TestFailure/sample_2/Wrapper/src/main/java/org/example/Main.java:[4,17] package org.junit does not exist\n[ERROR] /home/azmain/Code Recommendation/RAG/Projects/junit-4.4/TestFailure/sample_2/Wrapper/src/main/java/org/example/Main.java:[5,17] package org.junit does not exist\n[ERROR] /home/azmain/Code Recommendation/RAG/Projects/junit-4.4/TestFailure/sample_2/Wrapper/src/main/java/org/example/Main.java:[6,24] package org.junit.runner does not exist\n[ERROR] /home/azmain/Code Recommendation/RAG/Projects/junit-4.4/TestFailure/sample_2/Wrapper/src/main/java/org/example/Main.java:[7,25] package org.junit.runners does not exist\n[ERROR] /home/azmain/Code Recommendation/RAG/Projects/junit-4.4/TestFailure/sample_2/Wrapper/src/main/java/org/example/Main.java:[8,40] package org.junit.internal.runners.model does not exist\n[ERROR] /home/azmain/Code Recommendation/RAG/Projects/junit-4.4/TestFailure/sample_2/Wrapper/src/main/java/org/example/Main.java:[9,40] package org.junit.internal.runners.model does not exist\n[ERROR] /home/azmain/Code Recommendation/RAG/Projects/junit-4.4/TestFailure/sample_2/Wrapper/src/main/java/org/example/Main.java:[10,40] package org.junit.internal.runners.model does not exist\n[ERROR] /home/azmain/Code Recommendation/RAG/Projects/junit-4.4/TestFailure/sample_2/Wrapper/src/main/java/org/example/Main.java:[13,6] cannot find symbol\n[ERROR]   symbol:   class Test\n[ERROR]   location: class org.example.Main\n[ERROR] /home/azmain/Code Recommendation/RAG/Projects/junit-4.4/TestFailure/sample_2/Wrapper/src/main/java/org/example/Main.java:[18,6] cannot find symbol\n[ERROR]   symbol:   class Test\n[ERROR]   location: class org.example.Main\n[ERROR] /home/azmain/Code Recommendation/RAG/Projects/junit-4.4/TestFailure/sample_2/Wrapper/src/main/java/org/example/Main.java:[15,9] cannot find symbol\n[ERROR]   symbol:   variable Assert\n[ERROR]   location: class org.example.Main\n[ERROR] /home/azmain/Code Recommendation/RAG/Projects/junit-4.4/TestFailure/sample_2/Wrapper/src/main/java/org/example/Main.java:[20,9] cannot find symbol\n[ERROR]   symbol:   variable Assert\n[ERROR]   location: class org.example.Main\n[ERROR] /home/azmain/Code Recommendation/RAG/Projects/junit-4.4/TestFailure/sample_2/Wrapper/src/main/java/org/example/Main.java:[24,9] cannot find symbol\n[ERROR]   symbol:   class EachTestNotifier\n[ERROR]   location: class org.example.Main\n[ERROR] /home/azmain/Code Recommendation/RAG/Projects/junit-4.4/TestFailure/sample_2/Wrapper/src/main/java/org/example/Main.java:[24,45] cannot find symbol\n[ERROR]   symbol:   class EachTestNotifier\n[ERROR]   location: class org.example.Main\n[ERROR] /home/azmain/Code Recommendation/RAG/Projects/junit-4.4/TestFailure/sample_2/Wrapper/src/main/java/org/example/Main.java:[25,36] package JUnit4 does not exist\n[ERROR] /home/azmain/Code Recommendation/RAG/Projects/junit-4.4/TestFailure/sample_2/Wrapper/src/main/java/org/example/Main.java:[27,14] cannot find symbol\n[ERROR]   symbol:   class TestFailure\n[ERROR]   location: class org.example.Main\n[ERROR] -> [Help 1]\n[ERROR] \n[ERROR] To see the full stack trace of the errors, re-run Maven with the -e switch.\n[ERROR] Re-run Maven using the -X switch to enable full debug logging.\n[ERROR] \n[ERROR] For more information about the errors and possible solutions, please read the following articles:\n[ERROR] [Help 1] http://cwiki.apache.org/confluence/display/MAVEN/MojoFailureException\n",
                        "error_list": [
                            {
                                "file": "/home/azmain/Code Recommendation/RAG/Projects/junit-4.4/TestFailure/sample_2/Wrapper/src/main/java/org/example/Main.java",
                                "line": 5,
                                "column": 17,
                                "message": "package org.junit does not exist"
                            },
                            {
                                "file": "/home/azmain/Code Recommendation/RAG/Projects/junit-4.4/TestFailure/sample_2/Wrapper/src/main/java/org/example/Main.java",
                                "line": 4,
                                "column": 17,
                                "message": "package org.junit does not exist"
                            },
                            {
                                "file": "/home/azmain/Code Recommendation/RAG/Projects/junit-4.4/TestFailure/sample_2/Wrapper/src/main/java/org/example/Main.java",
                                "line": 24,
                                "column": 45,
                                "message": "cannot find symbol"
                            },
                            {
                                "file": "/home/azmain/Code Recommendation/RAG/Projects/junit-4.4/TestFailure/sample_2/Wrapper/src/main/java/org/example/Main.java",
                                "line": 9,
                                "column": 40,
                                "message": "package org.junit.internal.runners.model does not exist"
                            },
                            {
                                "file": "/home/azmain/Code Recommendation/RAG/Projects/junit-4.4/TestFailure/sample_2/Wrapper/src/main/java/org/example/Main.java",
                                "line": 24,
                                "column": 9,
                                "message": "cannot find symbol"
                            },
                            {
                                "file": "/home/azmain/Code Recommendation/RAG/Projects/junit-4.4/TestFailure/sample_2/Wrapper/src/main/java/org/example/Main.java",
                                "line": 7,
                                "column": 25,
                                "message": "package org.junit.runners does not exist"
                            },
                            {
                                "file": "/home/azmain/Code Recommendation/RAG/Projects/junit-4.4/TestFailure/sample_2/Wrapper/src/main/java/org/example/Main.java",
                                "line": 25,
                                "column": 36,
                                "message": "package JUnit4 does not exist"
                            },
                            {
                                "file": "/home/azmain/Code Recommendation/RAG/Projects/junit-4.4/TestFailure/sample_2/Wrapper/src/main/java/org/example/Main.java",
                                "line": 18,
                                "column": 6,
                                "message": "cannot find symbol"
                            },
                            {
                                "file": "/home/azmain/Code Recommendation/RAG/Projects/junit-4.4/TestFailure/sample_2/Wrapper/src/main/java/org/example/Main.java",
                                "line": 13,
                                "column": 6,
                                "message": "cannot find symbol"
                            },
                            {
                                "file": "/home/azmain/Code Recommendation/RAG/Projects/junit-4.4/TestFailure/sample_2/Wrapper/src/main/java/org/example/Main.java",
                                "line": 10,
                                "column": 40,
                                "message": "package org.junit.internal.runners.model does not exist"
                            },
                            {
                                "file": "/home/azmain/Code Recommendation/RAG/Projects/junit-4.4/TestFailure/sample_2/Wrapper/src/main/java/org/example/Main.java",
                                "line": 27,
                                "column": 14,
                                "message": "cannot find symbol"
                            },
                            {
                                "file": "/home/azmain/Code Recommendation/RAG/Projects/junit-4.4/TestFailure/sample_2/Wrapper/src/main/java/org/example/Main.java",
                                "line": 8,
                                "column": 40,
                                "message": "package org.junit.internal.runners.model does not exist"
                            },
                            {
                                "file": "/home/azmain/Code Recommendation/RAG/Projects/junit-4.4/TestFailure/sample_2/Wrapper/src/main/java/org/example/Main.java",
                                "line": 15,
                                "column": 9,
                                "message": "cannot find symbol"
                            },
                            {
                                "file": "/home/azmain/Code Recommendation/RAG/Projects/junit-4.4/TestFailure/sample_2/Wrapper/src/main/java/org/example/Main.java",
                                "line": 20,
                                "column": 9,
                                "message": "cannot find symbol"
                            },
                            {
                                "file": "/home/azmain/Code Recommendation/RAG/Projects/junit-4.4/TestFailure/sample_2/Wrapper/src/main/java/org/example/Main.java",
                                "line": 6,
                                "column": 24,
                                "message": "package org.junit.runner does not exist"
                            }
                        ]
                    }
                }
            },
            "sample_3": {
                "full_response": "You are an exceptionally intelligent coding assistant that consistently delivers accurate and reliable responses to user instructions.\n\n@@ Instruction\nGive me a complete, correct and compilable Java code. This code must use \"TestFailure\" API from \"junit-4.4\" project along with other necessary APIs. The dependency is already added for \"junit-4.4\" project. So, if you need to use other APIs, then do not use APIs whose import statements require adding new dependencies. The name of the class that has the main method should be Main.\n\n@@ Response\nSure, here is a simple example of a test case written in Java using JUnit library. Please adjust this example to suite your needs. \n\nFor this, you must add the JUnit library (`junit-4.4`) to your class path and your build system is responsible for handling the classpath for your build process.\n\nMain.java:\n```java\nimport org.junit.Test;\nimport org.junit.Assert;\nimport org.junit.runner.RunWith;\nimport org.junit.runners.JUnit4;\n\n@RunWith(JUnit4.class)\npublic class Main {\n    @Test\n    public void test() {\n        Assert.assertEquals(\"Failure\", \"Message\", \"Message\");\n    }\n}\n```\n\nNote: This code will simply test if the assertion in the test() function fails. \n\nIf you want to use other APIs without additional dependencies, you have to use those in an existing library that has been added to your classpath. If such a library is not available and you need a specific API, there's no way to add a new dependency solely for using the specific API.",
                "extracted_java_code_from_prediction": "import org.junit.Test;\nimport org.junit.Assert;\nimport org.junit.runner.RunWith;\nimport org.junit.runners.JUnit4;\n\n@RunWith(JUnit4.class)\npublic class Main {\n    @Test\n    public void test() {\n        Assert.assertEquals(\"Failure\", \"Message\", \"Message\");\n    }\n}",
                "extracted_FQNs_from_prediction": [
                    "org.junit.Test",
                    "org.junit.Assert",
                    "org.junit.runner.RunWith",
                    "org.junit.runners.JUnit4"
                ],
                "correct_FQN_predictions": [
                    "org.junit.Test",
                    "org.junit.Assert",
                    "org.junit.runner.RunWith",
                    "org.junit.runners.JUnit4"
                ],
                "wrong_FQN_predictions": [],
                "number_of_correct_FQNs": 4,
                "number_of_wrong_FQNs": 0,
                "failure_rate_for_FQNs": 0.0,
                "model_confidence": 0.4151582717895508,
                "code_build": {
                    "build_result": {
                        "status": "failure",
                        "hallucinations_for_FQNs": "Need manual review",
                        "message": "Build failed. Full error log present.",
                        "full_error_log": "[INFO] Scanning for projects...\n[WARNING] \n[WARNING] Some problems were encountered while building the effective model for org.example:Wrapper:jar:1.0-SNAPSHOT\n[WARNING] 'build.plugins.plugin.version' for org.apache.maven.plugins:maven-compiler-plugin is missing. @ line 46, column 15\n[WARNING] \n[WARNING] It is highly recommended to fix these problems because they threaten the stability of your build.\n[WARNING] \n[WARNING] For this reason, future Maven versions might no longer support building such malformed projects.\n[WARNING] \n[INFO] \n[INFO] ------------------------< org.example:Wrapper >-------------------------\n[INFO] Building Wrapper 1.0-SNAPSHOT\n[INFO] --------------------------------[ jar ]---------------------------------\n[INFO] \n[INFO] --- maven-clean-plugin:2.5:clean (default-clean) @ Wrapper ---\n[INFO] Deleting /home/azmain/Code Recommendation/RAG/Projects/junit-4.4/TestFailure/sample_3/Wrapper/target\n[INFO] \n[INFO] --- maven-resources-plugin:2.6:resources (default-resources) @ Wrapper ---\n[INFO] Using 'UTF-8' encoding to copy filtered resources.\n[INFO] skip non existing resourceDirectory /home/azmain/Code Recommendation/RAG/Projects/junit-4.4/TestFailure/sample_3/Wrapper/src/main/resources\n[INFO] \n[INFO] --- maven-compiler-plugin:3.1:compile (default-compile) @ Wrapper ---\n[INFO] Changes detected - recompiling the module!\n[INFO] Compiling 1 source file to /home/azmain/Code Recommendation/RAG/Projects/junit-4.4/TestFailure/sample_3/Wrapper/target/classes\n[INFO] -------------------------------------------------------------\n[ERROR] COMPILATION ERROR : \n[INFO] -------------------------------------------------------------\n[ERROR] /home/azmain/Code Recommendation/RAG/Projects/junit-4.4/TestFailure/sample_3/Wrapper/src/main/java/org/example/Main.java:[3,17] package org.junit does not exist\n[ERROR] /home/azmain/Code Recommendation/RAG/Projects/junit-4.4/TestFailure/sample_3/Wrapper/src/main/java/org/example/Main.java:[4,17] package org.junit does not exist\n[ERROR] /home/azmain/Code Recommendation/RAG/Projects/junit-4.4/TestFailure/sample_3/Wrapper/src/main/java/org/example/Main.java:[5,24] package org.junit.runner does not exist\n[ERROR] /home/azmain/Code Recommendation/RAG/Projects/junit-4.4/TestFailure/sample_3/Wrapper/src/main/java/org/example/Main.java:[6,25] package org.junit.runners does not exist\n[ERROR] /home/azmain/Code Recommendation/RAG/Projects/junit-4.4/TestFailure/sample_3/Wrapper/src/main/java/org/example/Main.java:[9,6] cannot find symbol\n  symbol:   class Test\n  location: class org.example.Main\n[ERROR] /home/azmain/Code Recommendation/RAG/Projects/junit-4.4/TestFailure/sample_3/Wrapper/src/main/java/org/example/Main.java:[11,9] cannot find symbol\n  symbol:   variable Assert\n  location: class org.example.Main\n[INFO] 6 errors \n[INFO] -------------------------------------------------------------\n[INFO] ------------------------------------------------------------------------\n[INFO] BUILD FAILURE\n[INFO] ------------------------------------------------------------------------\n[INFO] Total time:  0.708 s\n[INFO] Finished at: 2024-04-16T20:56:59-05:00\n[INFO] ------------------------------------------------------------------------\n[ERROR] Failed to execute goal org.apache.maven.plugins:maven-compiler-plugin:3.1:compile (default-compile) on project Wrapper: Compilation failure: Compilation failure: \n[ERROR] /home/azmain/Code Recommendation/RAG/Projects/junit-4.4/TestFailure/sample_3/Wrapper/src/main/java/org/example/Main.java:[3,17] package org.junit does not exist\n[ERROR] /home/azmain/Code Recommendation/RAG/Projects/junit-4.4/TestFailure/sample_3/Wrapper/src/main/java/org/example/Main.java:[4,17] package org.junit does not exist\n[ERROR] /home/azmain/Code Recommendation/RAG/Projects/junit-4.4/TestFailure/sample_3/Wrapper/src/main/java/org/example/Main.java:[5,24] package org.junit.runner does not exist\n[ERROR] /home/azmain/Code Recommendation/RAG/Projects/junit-4.4/TestFailure/sample_3/Wrapper/src/main/java/org/example/Main.java:[6,25] package org.junit.runners does not exist\n[ERROR] /home/azmain/Code Recommendation/RAG/Projects/junit-4.4/TestFailure/sample_3/Wrapper/src/main/java/org/example/Main.java:[9,6] cannot find symbol\n[ERROR]   symbol:   class Test\n[ERROR]   location: class org.example.Main\n[ERROR] /home/azmain/Code Recommendation/RAG/Projects/junit-4.4/TestFailure/sample_3/Wrapper/src/main/java/org/example/Main.java:[11,9] cannot find symbol\n[ERROR]   symbol:   variable Assert\n[ERROR]   location: class org.example.Main\n[ERROR] -> [Help 1]\n[ERROR] \n[ERROR] To see the full stack trace of the errors, re-run Maven with the -e switch.\n[ERROR] Re-run Maven using the -X switch to enable full debug logging.\n[ERROR] \n[ERROR] For more information about the errors and possible solutions, please read the following articles:\n[ERROR] [Help 1] http://cwiki.apache.org/confluence/display/MAVEN/MojoFailureException\n",
                        "error_list": [
                            {
                                "file": "/home/azmain/Code Recommendation/RAG/Projects/junit-4.4/TestFailure/sample_3/Wrapper/src/main/java/org/example/Main.java",
                                "line": 6,
                                "column": 25,
                                "message": "package org.junit.runners does not exist"
                            },
                            {
                                "file": "/home/azmain/Code Recommendation/RAG/Projects/junit-4.4/TestFailure/sample_3/Wrapper/src/main/java/org/example/Main.java",
                                "line": 11,
                                "column": 9,
                                "message": "cannot find symbol"
                            },
                            {
                                "file": "/home/azmain/Code Recommendation/RAG/Projects/junit-4.4/TestFailure/sample_3/Wrapper/src/main/java/org/example/Main.java",
                                "line": 4,
                                "column": 17,
                                "message": "package org.junit does not exist"
                            },
                            {
                                "file": "/home/azmain/Code Recommendation/RAG/Projects/junit-4.4/TestFailure/sample_3/Wrapper/src/main/java/org/example/Main.java",
                                "line": 9,
                                "column": 6,
                                "message": "cannot find symbol"
                            },
                            {
                                "file": "/home/azmain/Code Recommendation/RAG/Projects/junit-4.4/TestFailure/sample_3/Wrapper/src/main/java/org/example/Main.java",
                                "line": 3,
                                "column": 17,
                                "message": "package org.junit does not exist"
                            },
                            {
                                "file": "/home/azmain/Code Recommendation/RAG/Projects/junit-4.4/TestFailure/sample_3/Wrapper/src/main/java/org/example/Main.java",
                                "line": 5,
                                "column": 24,
                                "message": "package org.junit.runner does not exist"
                            }
                        ]
                    }
                }
            },
            "sample_4": {
                "full_response": "You are an exceptionally intelligent coding assistant that consistently delivers accurate and reliable responses to user instructions.\n\n@@ Instruction\nGive me a complete, correct and compilable Java code. This code must use \"TestFailure\" API from \"junit-4.4\" project along with other necessary APIs. The dependency is already added for \"junit-4.4\" project. So, if you need to use other APIs, then do not use APIs whose import statements require adding new dependencies. The name of the class that has the main method should be Main.\n\n@@ Response\nBelow is a simple example of a Java program using JUnit 4.4 and without importing any dependencies to another project. JUnit is used to define tests and assertions. We are testing a simple function that checks if a number is even.\n\nThe main class is named \"Main\", and there are two simple test cases defined within \"MainTest\" class.\n\nMain.java\n```java\npublic class Main {\n    public static boolean isEven(int number) {\n        return number % 2 == 0;\n    }\n\n    public static void main(String[] args) {\n        System.out.println(\"The number 4 is even: \" + isEven(4));\n        System.out.println(\"The number 7 is even: \" + isEven(7));\n    }\n}\n```\nMainTest.java\n```java\nimport org.junit.Assert;\nimport org.junit.Test;\n\npublic class MainTest {\n    @Test\n    public void testIsEven() {\n        Assert.assertTrue(Main.isEven(4));\n        Assert.assertFalse(Main.isEven(7));\n    }\n}\n```\nThis code will run fine once you put junit-4.4 libraries and MainTestTest in the classpath. Make sure that JUnit 4.4 is set as a library and in the classpath of your java project. If you want to compile the Main.java and MainTest.java files, you can use the following command in the terminal:\n\n```bash\njavac Main.java MainTest.java\n```\nThis code assumes that you're using a Java 8 or later version. You would also have to add your dependencies to your project to make it compile and run properly.",
                "extracted_java_code_from_prediction": "public class Main {\n    public static boolean isEven(int number) {\n        return number % 2 == 0;\n    }\n\n    public static void main(String[] args) {\n        System.out.println(\"The number 4 is even: \" + isEven(4));\n        System.out.println(\"The number 7 is even: \" + isEven(7));\n    }\n}",
                "extracted_FQNs_from_prediction": [],
                "correct_FQN_predictions": [],
                "wrong_FQN_predictions": [],
                "number_of_correct_FQNs": 0,
                "number_of_wrong_FQNs": 0,
                "failure_rate_for_FQNs": 1,
                "model_confidence": 0.5782675743103027,
                "code_build": {
                    "build_result": {
                        "status": "failure",
                        "message": "Model could not predict any correct FQNs.",
                        "hallucinations_for_FQNs": true
                    }
                }
            },
            "sample_5": {
                "full_response": "You are an exceptionally intelligent coding assistant that consistently delivers accurate and reliable responses to user instructions.\n\n@@ Instruction\nGive me a complete, correct and compilable Java code. This code must use \"TestFailure\" API from \"junit-4.4\" project along with other necessary APIs. The dependency is already added for \"junit-4.4\" project. So, if you need to use other APIs, then do not use APIs whose import statements require adding new dependencies. The name of the class that has the main method should be Main.\n\n@@ Response\nGiven your requirements, a compilable Java code with TestFailure API for JUnit 4.4 project would be:\n\n```java\nimport org.junit.Assert;\nimport org.junit.ComparisonFailure;\nimport org.junit.Test;\nimport org.junit.runner.JUnitCore;\nimport org.junit.runner.Result;\nimport org.junit.runner.notification.Failure;\n\npublic class Main {\n\n    @Test\n    public void testMethod() {\n        Assert.assertTrue(\"Expected true\", true);\n    }\n\n    public static void main(String[] args) {\n        Result result = JUnitCore.runClasses(Main.class);\n        for (Failure failure : result.getFailures()) {\n            System.out.println(failure.toString());\n        }\n    }\n}\n```\nIn this code:\n- We have a class `Main` with a method annotated with `@Test`\n- Inside `main` method, we run all the tests in this class and collect the result\n- We iterate over failures in the result and print out each failure to the console.",
                "extracted_java_code_from_prediction": "import org.junit.Assert;\nimport org.junit.ComparisonFailure;\nimport org.junit.Test;\nimport org.junit.runner.JUnitCore;\nimport org.junit.runner.Result;\nimport org.junit.runner.notification.Failure;\n\npublic class Main {\n\n    @Test\n    public void testMethod() {\n        Assert.assertTrue(\"Expected true\", true);\n    }\n\n    public static void main(String[] args) {\n        Result result = JUnitCore.runClasses(Main.class);\n        for (Failure failure : result.getFailures()) {\n            System.out.println(failure.toString());\n        }\n    }\n}",
                "extracted_FQNs_from_prediction": [
                    "org.junit.Assert",
                    "org.junit.ComparisonFailure",
                    "org.junit.Test",
                    "org.junit.runner.JUnitCore",
                    "org.junit.runner.Result",
                    "org.junit.runner.notification.Failure"
                ],
                "correct_FQN_predictions": [
                    "org.junit.Assert",
                    "org.junit.ComparisonFailure",
                    "org.junit.Test",
                    "org.junit.runner.JUnitCore",
                    "org.junit.runner.Result",
                    "org.junit.runner.notification.Failure"
                ],
                "wrong_FQN_predictions": [],
                "number_of_correct_FQNs": 6,
                "number_of_wrong_FQNs": 0,
                "failure_rate_for_FQNs": 0.0,
                "model_confidence": 0.5094377398490906,
                "code_build": {
                    "build_result": {
                        "status": "failure",
                        "hallucinations_for_FQNs": "Need manual review",
                        "message": "Build failed. Full error log present.",
                        "full_error_log": "[INFO] Scanning for projects...\n[WARNING] \n[WARNING] Some problems were encountered while building the effective model for org.example:Wrapper:jar:1.0-SNAPSHOT\n[WARNING] 'build.plugins.plugin.version' for org.apache.maven.plugins:maven-compiler-plugin is missing. @ line 46, column 15\n[WARNING] \n[WARNING] It is highly recommended to fix these problems because they threaten the stability of your build.\n[WARNING] \n[WARNING] For this reason, future Maven versions might no longer support building such malformed projects.\n[WARNING] \n[INFO] \n[INFO] ------------------------< org.example:Wrapper >-------------------------\n[INFO] Building Wrapper 1.0-SNAPSHOT\n[INFO] --------------------------------[ jar ]---------------------------------\n[INFO] \n[INFO] --- maven-clean-plugin:2.5:clean (default-clean) @ Wrapper ---\n[INFO] Deleting /home/azmain/Code Recommendation/RAG/Projects/junit-4.4/TestFailure/sample_5/Wrapper/target\n[INFO] \n[INFO] --- maven-resources-plugin:2.6:resources (default-resources) @ Wrapper ---\n[INFO] Using 'UTF-8' encoding to copy filtered resources.\n[INFO] skip non existing resourceDirectory /home/azmain/Code Recommendation/RAG/Projects/junit-4.4/TestFailure/sample_5/Wrapper/src/main/resources\n[INFO] \n[INFO] --- maven-compiler-plugin:3.1:compile (default-compile) @ Wrapper ---\n[INFO] Changes detected - recompiling the module!\n[INFO] Compiling 1 source file to /home/azmain/Code Recommendation/RAG/Projects/junit-4.4/TestFailure/sample_5/Wrapper/target/classes\n[INFO] -------------------------------------------------------------\n[ERROR] COMPILATION ERROR : \n[INFO] -------------------------------------------------------------\n[ERROR] /home/azmain/Code Recommendation/RAG/Projects/junit-4.4/TestFailure/sample_5/Wrapper/src/main/java/org/example/Main.java:[4,17] package org.junit does not exist\n[ERROR] /home/azmain/Code Recommendation/RAG/Projects/junit-4.4/TestFailure/sample_5/Wrapper/src/main/java/org/example/Main.java:[5,17] package org.junit does not exist\n[ERROR] /home/azmain/Code Recommendation/RAG/Projects/junit-4.4/TestFailure/sample_5/Wrapper/src/main/java/org/example/Main.java:[6,17] package org.junit does not exist\n[ERROR] /home/azmain/Code Recommendation/RAG/Projects/junit-4.4/TestFailure/sample_5/Wrapper/src/main/java/org/example/Main.java:[7,24] package org.junit.runner does not exist\n[ERROR] /home/azmain/Code Recommendation/RAG/Projects/junit-4.4/TestFailure/sample_5/Wrapper/src/main/java/org/example/Main.java:[8,24] package org.junit.runner does not exist\n[ERROR] /home/azmain/Code Recommendation/RAG/Projects/junit-4.4/TestFailure/sample_5/Wrapper/src/main/java/org/example/Main.java:[9,37] package org.junit.runner.notification does not exist\n[ERROR] /home/azmain/Code Recommendation/RAG/Projects/junit-4.4/TestFailure/sample_5/Wrapper/src/main/java/org/example/Main.java:[13,6] cannot find symbol\n  symbol:   class Test\n  location: class org.example.Main\n[ERROR] /home/azmain/Code Recommendation/RAG/Projects/junit-4.4/TestFailure/sample_5/Wrapper/src/main/java/org/example/Main.java:[15,9] cannot find symbol\n  symbol:   variable Assert\n  location: class org.example.Main\n[ERROR] /home/azmain/Code Recommendation/RAG/Projects/junit-4.4/TestFailure/sample_5/Wrapper/src/main/java/org/example/Main.java:[19,9] cannot find symbol\n  symbol:   class Result\n  location: class org.example.Main\n[ERROR] /home/azmain/Code Recommendation/RAG/Projects/junit-4.4/TestFailure/sample_5/Wrapper/src/main/java/org/example/Main.java:[19,25] cannot find symbol\n  symbol:   variable JUnitCore\n  location: class org.example.Main\n[ERROR] /home/azmain/Code Recommendation/RAG/Projects/junit-4.4/TestFailure/sample_5/Wrapper/src/main/java/org/example/Main.java:[20,14] cannot find symbol\n  symbol:   class Failure\n  location: class org.example.Main\n[INFO] 11 errors \n[INFO] -------------------------------------------------------------\n[INFO] ------------------------------------------------------------------------\n[INFO] BUILD FAILURE\n[INFO] ------------------------------------------------------------------------\n[INFO] Total time:  0.726 s\n[INFO] Finished at: 2024-04-16T20:57:00-05:00\n[INFO] ------------------------------------------------------------------------\n[ERROR] Failed to execute goal org.apache.maven.plugins:maven-compiler-plugin:3.1:compile (default-compile) on project Wrapper: Compilation failure: Compilation failure: \n[ERROR] /home/azmain/Code Recommendation/RAG/Projects/junit-4.4/TestFailure/sample_5/Wrapper/src/main/java/org/example/Main.java:[4,17] package org.junit does not exist\n[ERROR] /home/azmain/Code Recommendation/RAG/Projects/junit-4.4/TestFailure/sample_5/Wrapper/src/main/java/org/example/Main.java:[5,17] package org.junit does not exist\n[ERROR] /home/azmain/Code Recommendation/RAG/Projects/junit-4.4/TestFailure/sample_5/Wrapper/src/main/java/org/example/Main.java:[6,17] package org.junit does not exist\n[ERROR] /home/azmain/Code Recommendation/RAG/Projects/junit-4.4/TestFailure/sample_5/Wrapper/src/main/java/org/example/Main.java:[7,24] package org.junit.runner does not exist\n[ERROR] /home/azmain/Code Recommendation/RAG/Projects/junit-4.4/TestFailure/sample_5/Wrapper/src/main/java/org/example/Main.java:[8,24] package org.junit.runner does not exist\n[ERROR] /home/azmain/Code Recommendation/RAG/Projects/junit-4.4/TestFailure/sample_5/Wrapper/src/main/java/org/example/Main.java:[9,37] package org.junit.runner.notification does not exist\n[ERROR] /home/azmain/Code Recommendation/RAG/Projects/junit-4.4/TestFailure/sample_5/Wrapper/src/main/java/org/example/Main.java:[13,6] cannot find symbol\n[ERROR]   symbol:   class Test\n[ERROR]   location: class org.example.Main\n[ERROR] /home/azmain/Code Recommendation/RAG/Projects/junit-4.4/TestFailure/sample_5/Wrapper/src/main/java/org/example/Main.java:[15,9] cannot find symbol\n[ERROR]   symbol:   variable Assert\n[ERROR]   location: class org.example.Main\n[ERROR] /home/azmain/Code Recommendation/RAG/Projects/junit-4.4/TestFailure/sample_5/Wrapper/src/main/java/org/example/Main.java:[19,9] cannot find symbol\n[ERROR]   symbol:   class Result\n[ERROR]   location: class org.example.Main\n[ERROR] /home/azmain/Code Recommendation/RAG/Projects/junit-4.4/TestFailure/sample_5/Wrapper/src/main/java/org/example/Main.java:[19,25] cannot find symbol\n[ERROR]   symbol:   variable JUnitCore\n[ERROR]   location: class org.example.Main\n[ERROR] /home/azmain/Code Recommendation/RAG/Projects/junit-4.4/TestFailure/sample_5/Wrapper/src/main/java/org/example/Main.java:[20,14] cannot find symbol\n[ERROR]   symbol:   class Failure\n[ERROR]   location: class org.example.Main\n[ERROR] -> [Help 1]\n[ERROR] \n[ERROR] To see the full stack trace of the errors, re-run Maven with the -e switch.\n[ERROR] Re-run Maven using the -X switch to enable full debug logging.\n[ERROR] \n[ERROR] For more information about the errors and possible solutions, please read the following articles:\n[ERROR] [Help 1] http://cwiki.apache.org/confluence/display/MAVEN/MojoFailureException\n",
                        "error_list": [
                            {
                                "file": "/home/azmain/Code Recommendation/RAG/Projects/junit-4.4/TestFailure/sample_5/Wrapper/src/main/java/org/example/Main.java",
                                "line": 8,
                                "column": 24,
                                "message": "package org.junit.runner does not exist"
                            },
                            {
                                "file": "/home/azmain/Code Recommendation/RAG/Projects/junit-4.4/TestFailure/sample_5/Wrapper/src/main/java/org/example/Main.java",
                                "line": 13,
                                "column": 6,
                                "message": "cannot find symbol"
                            },
                            {
                                "file": "/home/azmain/Code Recommendation/RAG/Projects/junit-4.4/TestFailure/sample_5/Wrapper/src/main/java/org/example/Main.java",
                                "line": 20,
                                "column": 14,
                                "message": "cannot find symbol"
                            },
                            {
                                "file": "/home/azmain/Code Recommendation/RAG/Projects/junit-4.4/TestFailure/sample_5/Wrapper/src/main/java/org/example/Main.java",
                                "line": 19,
                                "column": 9,
                                "message": "cannot find symbol"
                            },
                            {
                                "file": "/home/azmain/Code Recommendation/RAG/Projects/junit-4.4/TestFailure/sample_5/Wrapper/src/main/java/org/example/Main.java",
                                "line": 19,
                                "column": 25,
                                "message": "cannot find symbol"
                            },
                            {
                                "file": "/home/azmain/Code Recommendation/RAG/Projects/junit-4.4/TestFailure/sample_5/Wrapper/src/main/java/org/example/Main.java",
                                "line": 9,
                                "column": 37,
                                "message": "package org.junit.runner.notification does not exist"
                            },
                            {
                                "file": "/home/azmain/Code Recommendation/RAG/Projects/junit-4.4/TestFailure/sample_5/Wrapper/src/main/java/org/example/Main.java",
                                "line": 15,
                                "column": 9,
                                "message": "cannot find symbol"
                            },
                            {
                                "file": "/home/azmain/Code Recommendation/RAG/Projects/junit-4.4/TestFailure/sample_5/Wrapper/src/main/java/org/example/Main.java",
                                "line": 6,
                                "column": 17,
                                "message": "package org.junit does not exist"
                            },
                            {
                                "file": "/home/azmain/Code Recommendation/RAG/Projects/junit-4.4/TestFailure/sample_5/Wrapper/src/main/java/org/example/Main.java",
                                "line": 5,
                                "column": 17,
                                "message": "package org.junit does not exist"
                            },
                            {
                                "file": "/home/azmain/Code Recommendation/RAG/Projects/junit-4.4/TestFailure/sample_5/Wrapper/src/main/java/org/example/Main.java",
                                "line": 4,
                                "column": 17,
                                "message": "package org.junit does not exist"
                            },
                            {
                                "file": "/home/azmain/Code Recommendation/RAG/Projects/junit-4.4/TestFailure/sample_5/Wrapper/src/main/java/org/example/Main.java",
                                "line": 7,
                                "column": 24,
                                "message": "package org.junit.runner does not exist"
                            }
                        ]
                    }
                }
            }
        }
    }
}