{
    "jar_name": "junit-4.2.jar",
    "API_prediction": {
        "prompt": "List correct API's class names from testng-7.5 project. Not more than 50 and classes are must be non-abstract. If you do not know the answer then reply with a No.\n\n1. TestNGClassFinder\n2. TestNGUtils\n3. TestNG\n4. TestNGMethod\n5. TestNGContentHandler\n6. TestNGMethodFinder\n7. JUnit3TestClass\n8. JUnit4TestClass\n9. NoOpTestClass\n10. TestNgXmlPanel\n11. JUnit3TestRecognizer\n12. JUnit4TestRecognizer\n13. JUnit4TestRunner\n14. ClassHelper\n15. JUnit4TestMethod\n16. JUnit3TestMethod\n17. ClassImpl\n18. TestListenerHelper\n19. TestMethodComparator\n20. WrappedTestNGMethod\n21. DefaultTestObjectFactory\n22. TestListenerAdapter\n23. TestMethodArguments\n24. TestNGThreadFactory\n25. JUnitReportReporter\n26. TestNamesMatcher\n27. TestNGAntTask\n28. TestPanel\n29. ClassInfoMap\n30. TestAnnotation\n31. JUnitXMLReporter\n32. TestOrConfiguration\n33. DotTestListener\n34. XmlTest\n35. TestMethodWorker\n36. TestRunner\n37. TestNGException\n38. TestException\n39. JUnit4ConfigurationMethod\n40. TestMethodContainer\n41. JUnit4SpockMethod\n42. ClassMethodMap\n43. JUnitMethodFinder\n44. XmlClass\n45. ObjectFactoryImpl\n46. SuiteGenerator\n47. TestResult\n48. LiteWeightTestNGMethod\n49. SuiteWorkerFactory\n50. TestMethodWithDataProviderMethodWorker\n\nList correct API's class names from jakarta.validation-api-3.0.2 project. Not more than 50 and classes are must be non-abstract. If you do not know the answer then reply with a No.\n\n1. ValidationException\n2. ValidationTarget\n3. ValidateUnwrappedValue\n4. Validation\n5. MethodType\n6. UnexpectedTypeException\n7. ConstraintViolationException\n8. NoProviderFoundException\n9. ValueExtractorDeclarationException\n10. ConstraintDeclarationException\n11. ValueExtractorDefinitionException\n12. ConstraintDefinitionException\n13. ConstraintTarget\n14. ExecutableType\n15. GroupDefinitionException\n16. ElementKind\n17. Scope\n\nList correct API's class names from junit-4.2 project. Not more than 50 and classes are must be non-abstract. If you do not know the answer then reply with a No.",
        "full_response": "You are an exceptionally intelligent coding assistant that consistently delivers accurate and reliable responses to user instructions.\n\n@@ Instruction\nList correct API's class names from testng-7.5 project. Not more than 50 and classes are must be non-abstract. If you do not know the answer then reply with a No.\n\n1. TestNGClassFinder\n2. TestNGUtils\n3. TestNG\n4. TestNGMethod\n5. TestNGContentHandler\n6. TestNGMethodFinder\n7. JUnit3TestClass\n8. JUnit4TestClass\n9. NoOpTestClass\n10. TestNgXmlPanel\n11. JUnit3TestRecognizer\n12. JUnit4TestRecognizer\n13. JUnit4TestRunner\n14. ClassHelper\n15. JUnit4TestMethod\n16. JUnit3TestMethod\n17. ClassImpl\n18. TestListenerHelper\n19. TestMethodComparator\n20. WrappedTestNGMethod\n21. DefaultTestObjectFactory\n22. TestListenerAdapter\n23. TestMethodArguments\n24. TestNGThreadFactory\n25. JUnitReportReporter\n26. TestNamesMatcher\n27. TestNGAntTask\n28. TestPanel\n29. ClassInfoMap\n30. TestAnnotation\n31. JUnitXMLReporter\n32. TestOrConfiguration\n33. DotTestListener\n34. XmlTest\n35. TestMethodWorker\n36. TestRunner\n37. TestNGException\n38. TestException\n39. JUnit4ConfigurationMethod\n40. TestMethodContainer\n41. JUnit4SpockMethod\n42. ClassMethodMap\n43. JUnitMethodFinder\n44. XmlClass\n45. ObjectFactoryImpl\n46. SuiteGenerator\n47. TestResult\n48. LiteWeightTestNGMethod\n49. SuiteWorkerFactory\n50. TestMethodWithDataProviderMethodWorker\n\nList correct API's class names from jakarta.validation-api-3.0.2 project. Not more than 50 and classes are must be non-abstract. If you do not know the answer then reply with a No.\n\n1. ValidationException\n2. ValidationTarget\n3. ValidateUnwrappedValue\n4. Validation\n5. MethodType\n6. UnexpectedTypeException\n7. ConstraintViolationException\n8. NoProviderFoundException\n9. ValueExtractorDeclarationException\n10. ConstraintDeclarationException\n11. ValueExtractorDefinitionException\n12. ConstraintDefinitionException\n13. ConstraintTarget\n14. ExecutableType\n15. GroupDefinitionException\n16. ElementKind\n17. Scope\n\nList correct API's class names from junit-4.2 project. Not more than 50 and classes are must be non-abstract. If you do not know the answer then reply with a No..\n\n@@ Response\n1. Test\n2. TestCase\n3. TestResult\n4. TestFailure\n5. TestSuite\n6. TestDecorator\n7. TestListener\n8. TestCaseFactory\n9. TestCaseWrapper\n10. TestFailure\n11. TestDecorator\n12. TestListener\n13. TestCaseFactory\n14. TestCaseWrapper\n15. TestFailure\n16. TestSuite\n17. TestDecorator\n18. TestListener\n19. TestCaseFactory\n20. TestCaseWrapper\n21. TestFailure\n22. TestSuite\n23. TestDecorator\n24. TestListener\n25. TestCaseFactory\n26. TestCaseWrapper\n27. TestFailure\n28. TestSuite\n29. TestDecorator\n30. TestListener\n31. TestCaseFactory\n32. TestCaseWrapper\n33. TestFailure\n34. TestSuite\n35. TestDecorator\n36. TestListener\n37. TestCaseFactory\n38. TestCaseWrapper\n39. TestFailure\n40. TestSuite\n41. TestDecorator\n42. TestListener\n43. TestCaseFactory\n44. TestCaseWrapper\n45. TestFailure\n46. TestSuite\n47. TestDecorator\n48. TestListener\n49. TestCaseFactory\n50. TestCaseWrapper",
        "extracted_APIs_from_prediction": [
            "Test",
            "TestCase",
            "TestResult",
            "TestFailure",
            "TestSuite",
            "TestDecorator",
            "TestListener",
            "TestCaseFactory",
            "TestCaseWrapper"
        ],
        "correct_API_predictions": [
            "TestResult",
            "TestFailure",
            "TestSuite",
            "TestDecorator"
        ],
        "wrong_API_predictions": [
            "Test",
            "TestCase",
            "TestListener",
            "TestCaseFactory",
            "TestCaseWrapper"
        ],
        "number_of_correct_APIs": 4,
        "number_of_wrong_APIs": 5,
        "failure_rate_for_APIs": 0.5555555555555556,
        "model_confidence": 0.7238030433654785,
        "hallucinations_for_APIs": "Partially Present. Need manual review."
    },
    "Code_and_FQN_predictions": {
        "TestResult": {
            "prompt": "Give me a complete, correct and compilable Java code. This code must use \"TestResult\" API from \"junit-4.2\" project along with other necessary APIs. The dependency is already added for \"junit-4.2\" project. So, if you need to use other APIs, then do not use APIs whose import statements require adding new dependencies. The name of the class that has the main method should be Main.",
            "sample_1": {
                "full_response": "You are an exceptionally intelligent coding assistant that consistently delivers accurate and reliable responses to user instructions.\n\n@@ Instruction\nGive me a complete, correct and compilable Java code. This code must use \"TestResult\" API from \"junit-4.2\" project along with other necessary APIs. The dependency is already added for \"junit-4.2\" project. So, if you need to use other APIs, then do not use APIs whose import statements require adding new dependencies. The name of the class that has the main method should be Main.\n\n@@ Response\nWhile I understand that this request is more a reference-based coding question and not a programming task that involves logic and problem-solving, I'll still provide a sample Java code with necessary import statements and a simple test case for the sake of completeness.\n\n```java\nimport org.junit.Test;\nimport static org.junit.Assert.assertEquals;\n\npublic class Main {\n    public static void main(String[] args) {\n        // Your main function code goes here\n    }\n\n    // Sample method to test\n    public static int sampleMethod(int a, int b) {\n        return a + b;\n    }\n\n    @Test\n    public void testSampleMethod() {\n        assertEquals(5, Main.sampleMethod(2, 3));\n    }\n}\n```\n\nHere, `sampleMethod()` is a simple method used to demonstrate the `testSampleMethod()` test method that tests the function's output.\n\nYou would then run this test class in an environment where JUnit is available, e.g., in IntelliJ with the Test plugin installed, or by running this in the command line with the JUnit jar in the classpath.\n\nIn terms of dependencies, since JUnit is already included in JDK or your project is using a dependency management system like Maven or Gradle, you shouldn't worry about adding a new dependency. You don't even need to add the actual JUnit library in your classpath, as the JUnit library included in the JDK already includes all the required dependencies.",
                "extracted_java_code_from_prediction": "import org.junit.Test;\nimport static org.junit.Assert.assertEquals;\n\npublic class Main {\n    public static void main(String[] args) {\n        // Your main function code goes here\n    }\n\n    // Sample method to test\n    public static int sampleMethod(int a, int b) {\n        return a + b;\n    }\n\n    @Test\n    public void testSampleMethod() {\n        assertEquals(5, Main.sampleMethod(2, 3));\n    }\n}",
                "extracted_FQNs_from_prediction": [
                    "org.junit.Test",
                    "static org.junit.Assert.assertEquals"
                ],
                "correct_FQN_predictions": [
                    "org.junit.Test"
                ],
                "wrong_FQN_predictions": [
                    "static org.junit.Assert.assertEquals"
                ],
                "number_of_correct_FQNs": 1,
                "number_of_wrong_FQNs": 1,
                "failure_rate_for_FQNs": 0.5,
                "model_confidence": 0.4315696358680725,
                "code_build": {
                    "build_result": {
                        "status": "failure",
                        "hallucinations_for_FQNs": "Need manual review",
                        "message": "Build failed. Full error log present.",
                        "full_error_log": "[INFO] Scanning for projects...\n[WARNING] \n[WARNING] Some problems were encountered while building the effective model for org.example:Wrapper:jar:1.0-SNAPSHOT\n[WARNING] 'build.plugins.plugin.version' for org.apache.maven.plugins:maven-compiler-plugin is missing. @ line 46, column 15\n[WARNING] \n[WARNING] It is highly recommended to fix these problems because they threaten the stability of your build.\n[WARNING] \n[WARNING] For this reason, future Maven versions might no longer support building such malformed projects.\n[WARNING] \n[INFO] \n[INFO] ------------------------< org.example:Wrapper >-------------------------\n[INFO] Building Wrapper 1.0-SNAPSHOT\n[INFO] --------------------------------[ jar ]---------------------------------\n[INFO] \n[INFO] --- maven-clean-plugin:2.5:clean (default-clean) @ Wrapper ---\n[INFO] Deleting /home/azmain/Code Recommendation/RAG/Projects/junit-4.2/TestResult/sample_1/Wrapper/target\n[INFO] \n[INFO] --- maven-resources-plugin:2.6:resources (default-resources) @ Wrapper ---\n[INFO] Using 'UTF-8' encoding to copy filtered resources.\n[INFO] skip non existing resourceDirectory /home/azmain/Code Recommendation/RAG/Projects/junit-4.2/TestResult/sample_1/Wrapper/src/main/resources\n[INFO] \n[INFO] --- maven-compiler-plugin:3.1:compile (default-compile) @ Wrapper ---\n[INFO] Changes detected - recompiling the module!\n[INFO] Compiling 1 source file to /home/azmain/Code Recommendation/RAG/Projects/junit-4.2/TestResult/sample_1/Wrapper/target/classes\n[INFO] -------------------------------------------------------------\n[ERROR] COMPILATION ERROR : \n[INFO] -------------------------------------------------------------\n[ERROR] /home/azmain/Code Recommendation/RAG/Projects/junit-4.2/TestResult/sample_1/Wrapper/src/main/java/org/example/Main.java:[4,17] package org.junit does not exist\n[ERROR] /home/azmain/Code Recommendation/RAG/Projects/junit-4.2/TestResult/sample_1/Wrapper/src/main/java/org/example/Main.java:[5,24] package org.junit does not exist\n[ERROR] /home/azmain/Code Recommendation/RAG/Projects/junit-4.2/TestResult/sample_1/Wrapper/src/main/java/org/example/Main.java:[5,1] static import only from classes and interfaces\n[ERROR] /home/azmain/Code Recommendation/RAG/Projects/junit-4.2/TestResult/sample_1/Wrapper/src/main/java/org/example/Main.java:[17,6] cannot find symbol\n  symbol:   class Test\n  location: class org.example.Main\n[ERROR] /home/azmain/Code Recommendation/RAG/Projects/junit-4.2/TestResult/sample_1/Wrapper/src/main/java/org/example/Main.java:[19,9] cannot find symbol\n  symbol:   method assertEquals(int,int)\n  location: class org.example.Main\n[INFO] 5 errors \n[INFO] -------------------------------------------------------------\n[INFO] ------------------------------------------------------------------------\n[INFO] BUILD FAILURE\n[INFO] ------------------------------------------------------------------------\n[INFO] Total time:  0.819 s\n[INFO] Finished at: 2024-04-16T19:36:32-05:00\n[INFO] ------------------------------------------------------------------------\n[ERROR] Failed to execute goal org.apache.maven.plugins:maven-compiler-plugin:3.1:compile (default-compile) on project Wrapper: Compilation failure: Compilation failure: \n[ERROR] /home/azmain/Code Recommendation/RAG/Projects/junit-4.2/TestResult/sample_1/Wrapper/src/main/java/org/example/Main.java:[4,17] package org.junit does not exist\n[ERROR] /home/azmain/Code Recommendation/RAG/Projects/junit-4.2/TestResult/sample_1/Wrapper/src/main/java/org/example/Main.java:[5,24] package org.junit does not exist\n[ERROR] /home/azmain/Code Recommendation/RAG/Projects/junit-4.2/TestResult/sample_1/Wrapper/src/main/java/org/example/Main.java:[5,1] static import only from classes and interfaces\n[ERROR] /home/azmain/Code Recommendation/RAG/Projects/junit-4.2/TestResult/sample_1/Wrapper/src/main/java/org/example/Main.java:[17,6] cannot find symbol\n[ERROR]   symbol:   class Test\n[ERROR]   location: class org.example.Main\n[ERROR] /home/azmain/Code Recommendation/RAG/Projects/junit-4.2/TestResult/sample_1/Wrapper/src/main/java/org/example/Main.java:[19,9] cannot find symbol\n[ERROR]   symbol:   method assertEquals(int,int)\n[ERROR]   location: class org.example.Main\n[ERROR] -> [Help 1]\n[ERROR] \n[ERROR] To see the full stack trace of the errors, re-run Maven with the -e switch.\n[ERROR] Re-run Maven using the -X switch to enable full debug logging.\n[ERROR] \n[ERROR] For more information about the errors and possible solutions, please read the following articles:\n[ERROR] [Help 1] http://cwiki.apache.org/confluence/display/MAVEN/MojoFailureException\n",
                        "error_list": [
                            {
                                "file": "/home/azmain/Code Recommendation/RAG/Projects/junit-4.2/TestResult/sample_1/Wrapper/src/main/java/org/example/Main.java",
                                "line": 19,
                                "column": 9,
                                "message": "cannot find symbol"
                            },
                            {
                                "file": "/home/azmain/Code Recommendation/RAG/Projects/junit-4.2/TestResult/sample_1/Wrapper/src/main/java/org/example/Main.java",
                                "line": 5,
                                "column": 1,
                                "message": "static import only from classes and interfaces"
                            },
                            {
                                "file": "/home/azmain/Code Recommendation/RAG/Projects/junit-4.2/TestResult/sample_1/Wrapper/src/main/java/org/example/Main.java",
                                "line": 4,
                                "column": 17,
                                "message": "package org.junit does not exist"
                            },
                            {
                                "file": "/home/azmain/Code Recommendation/RAG/Projects/junit-4.2/TestResult/sample_1/Wrapper/src/main/java/org/example/Main.java",
                                "line": 17,
                                "column": 6,
                                "message": "cannot find symbol"
                            },
                            {
                                "file": "/home/azmain/Code Recommendation/RAG/Projects/junit-4.2/TestResult/sample_1/Wrapper/src/main/java/org/example/Main.java",
                                "line": 5,
                                "column": 24,
                                "message": "package org.junit does not exist"
                            }
                        ]
                    }
                }
            },
            "sample_2": {
                "full_response": "You are an exceptionally intelligent coding assistant that consistently delivers accurate and reliable responses to user instructions.\n\n@@ Instruction\nGive me a complete, correct and compilable Java code. This code must use \"TestResult\" API from \"junit-4.2\" project along with other necessary APIs. The dependency is already added for \"junit-4.2\" project. So, if you need to use other APIs, then do not use APIs whose import statements require adding new dependencies. The name of the class that has the main method should be Main.\n\n@@ Response\nHere is a simple Java program that uses the JUnit testing framework. This program tests if a string is null. If you want to test any other things you can easily modify it.\n\nRemember to have JUnit library in your classpath, you can get it from Maven Central repository or any other Java repository.\n\n```java\nimport org.junit.*;\nimport static org.junit.Assert.*;\n\npublic class TestString {\n\n    @Test\n    public void testIsNull() {\n        String str = null;\n        assertNull(str);\n    }\n}\n```\n\nTo run this test, you can use JUnit's ConsoleLauncher:\n\n```bash\njava org.junit.runner.JUnitCore TestString\n```\n\nIf the string is null, this test will pass, otherwise it will fail. Please adjust the test according to your needs.\n\nIf you want a main method in a class, you can create the following Main class:\n\n```java\npublic class Main {\n    public static void main(String[] args) {\n        String[] testArgs = { \"TestString\" };\n        org.junit.runner.JUnitCore.main(testArgs);\n    }\n}\n```\n\nThis Main class includes the main method for running the JUnitCore from the command line. The String array passed to the main method is passed to the JUnitCore which runs the JUnit tests accordingly. Remember to replace \"TestString\" with the fully qualified name of your test class.\n\nPlease replace the `TestString` with your package and test class name.",
                "extracted_java_code_from_prediction": "import org.junit.*;\nimport static org.junit.Assert.*;\n\npublic class TestString {\n\n    @Test\n    public void testIsNull() {\n        String str = null;\n        assertNull(str);\n    }\n}",
                "extracted_FQNs_from_prediction": [
                    "org.junit.*",
                    "static org.junit.Assert.*"
                ],
                "correct_FQN_predictions": [],
                "wrong_FQN_predictions": [
                    "org.junit.*",
                    "static org.junit.Assert.*"
                ],
                "number_of_correct_FQNs": 0,
                "number_of_wrong_FQNs": 2,
                "failure_rate_for_FQNs": 1.0,
                "model_confidence": 0.49410608410835266,
                "code_build": {
                    "build_result": {
                        "status": "failure",
                        "message": "Model could not predict any correct FQNs.",
                        "hallucinations_for_FQNs": true
                    }
                }
            },
            "sample_3": {
                "full_response": "You are an exceptionally intelligent coding assistant that consistently delivers accurate and reliable responses to user instructions.\n\n@@ Instruction\nGive me a complete, correct and compilable Java code. This code must use \"TestResult\" API from \"junit-4.2\" project along with other necessary APIs. The dependency is already added for \"junit-4.2\" project. So, if you need to use other APIs, then do not use APIs whose import statements require adding new dependencies. The name of the class that has the main method should be Main.\n\n@@ Response\nSure, I can provide you with a simple example of how you can use the \"TestResult\" API from the \"junit-4.2\" project. The following code demonstrates a simple JUnit test case for a simple method and then it uses the \"TestResult\" API to obtain the count of passed and failed tests:\n\nMain.java:\n\n```java\nimport org.junit.Before;\nimport org.junit.Test;\nimport org.junit.runner.JUnitCore;\nimport org.junit.runner.Result;\nimport org.junit.runner.notification.Failure;\n\npublic class Main {\n    public static void main(String[] args) {\n        JUnitCore junit = new JUnitCore();\n        Result result = junit.run(TestClass.class);\n\n        System.out.println(\"Test results:\");\n        for (Failure failure : result.getFailures()) {\n            System.out.println(failure.getTestHeader() + \": \" + failure.getMessage());\n        }\n\n        System.out.println(\"Tests ran: \" + result.runCount());\n        System.out.println(\"Successes: \" + result.wasSuccessful());\n    }\n}\n\nclass TestClass {\n    @Before\n    public void setUp() {\n        System.out.println(\"Running setup.\");\n    }\n\n    @Test\n    public void test1() {\n        System.out.println(\"Running test1.\");\n        assert true;\n    }\n\n    @Test\n    public void test2() {\n        System.out.println(\"Running test2.\");\n        assert true;\n    }\n\n    @Test\n    public void test3() {\n        System.out.println(\"Running test3.\");\n        assert false;\n    }\n}\n```\n\nIn this example, the \"Main\" class is the main class that will execute the JUnit test, and \"TestClass\" is the class where the tests are defined. The \"test3\" method in the \"TestClass\" will fail, but the other two will pass. The \"Result\" class from \"junit-4.2\" project is used to get the count of passed and failed tests. The count of run tests can be obtained using the \"runCount()\" method and the successful status of tests using the \"wasSuccessful()\" method.\n\nNote: \"Main\" can be named however you prefer, and it just needs to have the \"main()\" method where you run your tests. The \"junit-4.2\" dependency should be automatically added when you are using an IDE like Eclipse or IntelliJ IDEA. If you are running this from the command line or from a build tool like Maven or Gradle, you will need to include the JUnit 4.2 jar in your classpath. The example here is based on JUnit 4.2, please replace this with the actual version of JUnit in your project.",
                "extracted_java_code_from_prediction": "import org.junit.Before;\nimport org.junit.Test;\nimport org.junit.runner.JUnitCore;\nimport org.junit.runner.Result;\nimport org.junit.runner.notification.Failure;\n\npublic class Main {\n    public static void main(String[] args) {\n        JUnitCore junit = new JUnitCore();\n        Result result = junit.run(TestClass.class);\n\n        System.out.println(\"Test results:\");\n        for (Failure failure : result.getFailures()) {\n            System.out.println(failure.getTestHeader() + \": \" + failure.getMessage());\n        }\n\n        System.out.println(\"Tests ran: \" + result.runCount());\n        System.out.println(\"Successes: \" + result.wasSuccessful());\n    }\n}\n\nclass TestClass {\n    @Before\n    public void setUp() {\n        System.out.println(\"Running setup.\");\n    }\n\n    @Test\n    public void test1() {\n        System.out.println(\"Running test1.\");\n        assert true;\n    }\n\n    @Test\n    public void test2() {\n        System.out.println(\"Running test2.\");\n        assert true;\n    }\n\n    @Test\n    public void test3() {\n        System.out.println(\"Running test3.\");\n        assert false;\n    }\n}",
                "extracted_FQNs_from_prediction": [
                    "org.junit.Before",
                    "org.junit.Test",
                    "org.junit.runner.JUnitCore",
                    "org.junit.runner.Result",
                    "org.junit.runner.notification.Failure"
                ],
                "correct_FQN_predictions": [
                    "org.junit.Before",
                    "org.junit.Test",
                    "org.junit.runner.JUnitCore",
                    "org.junit.runner.Result",
                    "org.junit.runner.notification.Failure"
                ],
                "wrong_FQN_predictions": [],
                "number_of_correct_FQNs": 5,
                "number_of_wrong_FQNs": 0,
                "failure_rate_for_FQNs": 0.0,
                "model_confidence": 0.6831570267677307,
                "code_build": {
                    "build_result": {
                        "status": "failure",
                        "hallucinations_for_FQNs": "Need manual review",
                        "message": "Build failed. Full error log present.",
                        "full_error_log": "[INFO] Scanning for projects...\n[WARNING] \n[WARNING] Some problems were encountered while building the effective model for org.example:Wrapper:jar:1.0-SNAPSHOT\n[WARNING] 'build.plugins.plugin.version' for org.apache.maven.plugins:maven-compiler-plugin is missing. @ line 46, column 15\n[WARNING] \n[WARNING] It is highly recommended to fix these problems because they threaten the stability of your build.\n[WARNING] \n[WARNING] For this reason, future Maven versions might no longer support building such malformed projects.\n[WARNING] \n[INFO] \n[INFO] ------------------------< org.example:Wrapper >-------------------------\n[INFO] Building Wrapper 1.0-SNAPSHOT\n[INFO] --------------------------------[ jar ]---------------------------------\n[INFO] \n[INFO] --- maven-clean-plugin:2.5:clean (default-clean) @ Wrapper ---\n[INFO] Deleting /home/azmain/Code Recommendation/RAG/Projects/junit-4.2/TestResult/sample_3/Wrapper/target\n[INFO] \n[INFO] --- maven-resources-plugin:2.6:resources (default-resources) @ Wrapper ---\n[INFO] Using 'UTF-8' encoding to copy filtered resources.\n[INFO] skip non existing resourceDirectory /home/azmain/Code Recommendation/RAG/Projects/junit-4.2/TestResult/sample_3/Wrapper/src/main/resources\n[INFO] \n[INFO] --- maven-compiler-plugin:3.1:compile (default-compile) @ Wrapper ---\n[INFO] Changes detected - recompiling the module!\n[INFO] Compiling 2 source files to /home/azmain/Code Recommendation/RAG/Projects/junit-4.2/TestResult/sample_3/Wrapper/target/classes\n[INFO] -------------------------------------------------------------\n[ERROR] COMPILATION ERROR : \n[INFO] -------------------------------------------------------------\n[ERROR] /home/azmain/Code Recommendation/RAG/Projects/junit-4.2/TestResult/sample_3/Wrapper/src/main/java/org/example/TestClass.java:[3,17] package org.junit does not exist\n[ERROR] /home/azmain/Code Recommendation/RAG/Projects/junit-4.2/TestResult/sample_3/Wrapper/src/main/java/org/example/TestClass.java:[4,17] package org.junit does not exist\n[ERROR] /home/azmain/Code Recommendation/RAG/Projects/junit-4.2/TestResult/sample_3/Wrapper/src/main/java/org/example/TestClass.java:[5,24] package org.junit.runner does not exist\n[ERROR] /home/azmain/Code Recommendation/RAG/Projects/junit-4.2/TestResult/sample_3/Wrapper/src/main/java/org/example/TestClass.java:[6,24] package org.junit.runner does not exist\n[ERROR] /home/azmain/Code Recommendation/RAG/Projects/junit-4.2/TestResult/sample_3/Wrapper/src/main/java/org/example/TestClass.java:[7,37] package org.junit.runner.notification does not exist\n[ERROR] /home/azmain/Code Recommendation/RAG/Projects/junit-4.2/TestResult/sample_3/Wrapper/src/main/java/org/example/Main.java:[4,17] package org.junit does not exist\n[ERROR] /home/azmain/Code Recommendation/RAG/Projects/junit-4.2/TestResult/sample_3/Wrapper/src/main/java/org/example/Main.java:[5,17] package org.junit does not exist\n[ERROR] /home/azmain/Code Recommendation/RAG/Projects/junit-4.2/TestResult/sample_3/Wrapper/src/main/java/org/example/Main.java:[6,24] package org.junit.runner does not exist\n[ERROR] /home/azmain/Code Recommendation/RAG/Projects/junit-4.2/TestResult/sample_3/Wrapper/src/main/java/org/example/Main.java:[7,24] package org.junit.runner does not exist\n[ERROR] /home/azmain/Code Recommendation/RAG/Projects/junit-4.2/TestResult/sample_3/Wrapper/src/main/java/org/example/Main.java:[8,37] package org.junit.runner.notification does not exist\n[ERROR] /home/azmain/Code Recommendation/RAG/Projects/junit-4.2/TestResult/sample_3/Wrapper/src/main/java/org/example/TestClass.java:[10,6] cannot find symbol\n  symbol:   class Before\n  location: class org.example.TestClass\n[ERROR] /home/azmain/Code Recommendation/RAG/Projects/junit-4.2/TestResult/sample_3/Wrapper/src/main/java/org/example/TestClass.java:[15,6] cannot find symbol\n  symbol:   class Test\n  location: class org.example.TestClass\n[ERROR] /home/azmain/Code Recommendation/RAG/Projects/junit-4.2/TestResult/sample_3/Wrapper/src/main/java/org/example/TestClass.java:[21,6] cannot find symbol\n  symbol:   class Test\n  location: class org.example.TestClass\n[ERROR] /home/azmain/Code Recommendation/RAG/Projects/junit-4.2/TestResult/sample_3/Wrapper/src/main/java/org/example/TestClass.java:[27,6] cannot find symbol\n  symbol:   class Test\n  location: class org.example.TestClass\n[ERROR] /home/azmain/Code Recommendation/RAG/Projects/junit-4.2/TestResult/sample_3/Wrapper/src/main/java/org/example/Main.java:[12,9] cannot find symbol\n  symbol:   class JUnitCore\n  location: class org.example.Main\n[ERROR] /home/azmain/Code Recommendation/RAG/Projects/junit-4.2/TestResult/sample_3/Wrapper/src/main/java/org/example/Main.java:[12,31] cannot find symbol\n  symbol:   class JUnitCore\n  location: class org.example.Main\n[ERROR] /home/azmain/Code Recommendation/RAG/Projects/junit-4.2/TestResult/sample_3/Wrapper/src/main/java/org/example/Main.java:[13,9] cannot find symbol\n  symbol:   class Result\n  location: class org.example.Main\n[ERROR] /home/azmain/Code Recommendation/RAG/Projects/junit-4.2/TestResult/sample_3/Wrapper/src/main/java/org/example/Main.java:[16,14] cannot find symbol\n  symbol:   class Failure\n  location: class org.example.Main\n[INFO] 18 errors \n[INFO] -------------------------------------------------------------\n[INFO] ------------------------------------------------------------------------\n[INFO] BUILD FAILURE\n[INFO] ------------------------------------------------------------------------\n[INFO] Total time:  0.878 s\n[INFO] Finished at: 2024-04-16T19:36:34-05:00\n[INFO] ------------------------------------------------------------------------\n[ERROR] Failed to execute goal org.apache.maven.plugins:maven-compiler-plugin:3.1:compile (default-compile) on project Wrapper: Compilation failure: Compilation failure: \n[ERROR] /home/azmain/Code Recommendation/RAG/Projects/junit-4.2/TestResult/sample_3/Wrapper/src/main/java/org/example/TestClass.java:[3,17] package org.junit does not exist\n[ERROR] /home/azmain/Code Recommendation/RAG/Projects/junit-4.2/TestResult/sample_3/Wrapper/src/main/java/org/example/TestClass.java:[4,17] package org.junit does not exist\n[ERROR] /home/azmain/Code Recommendation/RAG/Projects/junit-4.2/TestResult/sample_3/Wrapper/src/main/java/org/example/TestClass.java:[5,24] package org.junit.runner does not exist\n[ERROR] /home/azmain/Code Recommendation/RAG/Projects/junit-4.2/TestResult/sample_3/Wrapper/src/main/java/org/example/TestClass.java:[6,24] package org.junit.runner does not exist\n[ERROR] /home/azmain/Code Recommendation/RAG/Projects/junit-4.2/TestResult/sample_3/Wrapper/src/main/java/org/example/TestClass.java:[7,37] package org.junit.runner.notification does not exist\n[ERROR] /home/azmain/Code Recommendation/RAG/Projects/junit-4.2/TestResult/sample_3/Wrapper/src/main/java/org/example/Main.java:[4,17] package org.junit does not exist\n[ERROR] /home/azmain/Code Recommendation/RAG/Projects/junit-4.2/TestResult/sample_3/Wrapper/src/main/java/org/example/Main.java:[5,17] package org.junit does not exist\n[ERROR] /home/azmain/Code Recommendation/RAG/Projects/junit-4.2/TestResult/sample_3/Wrapper/src/main/java/org/example/Main.java:[6,24] package org.junit.runner does not exist\n[ERROR] /home/azmain/Code Recommendation/RAG/Projects/junit-4.2/TestResult/sample_3/Wrapper/src/main/java/org/example/Main.java:[7,24] package org.junit.runner does not exist\n[ERROR] /home/azmain/Code Recommendation/RAG/Projects/junit-4.2/TestResult/sample_3/Wrapper/src/main/java/org/example/Main.java:[8,37] package org.junit.runner.notification does not exist\n[ERROR] /home/azmain/Code Recommendation/RAG/Projects/junit-4.2/TestResult/sample_3/Wrapper/src/main/java/org/example/TestClass.java:[10,6] cannot find symbol\n[ERROR]   symbol:   class Before\n[ERROR]   location: class org.example.TestClass\n[ERROR] /home/azmain/Code Recommendation/RAG/Projects/junit-4.2/TestResult/sample_3/Wrapper/src/main/java/org/example/TestClass.java:[15,6] cannot find symbol\n[ERROR]   symbol:   class Test\n[ERROR]   location: class org.example.TestClass\n[ERROR] /home/azmain/Code Recommendation/RAG/Projects/junit-4.2/TestResult/sample_3/Wrapper/src/main/java/org/example/TestClass.java:[21,6] cannot find symbol\n[ERROR]   symbol:   class Test\n[ERROR]   location: class org.example.TestClass\n[ERROR] /home/azmain/Code Recommendation/RAG/Projects/junit-4.2/TestResult/sample_3/Wrapper/src/main/java/org/example/TestClass.java:[27,6] cannot find symbol\n[ERROR]   symbol:   class Test\n[ERROR]   location: class org.example.TestClass\n[ERROR] /home/azmain/Code Recommendation/RAG/Projects/junit-4.2/TestResult/sample_3/Wrapper/src/main/java/org/example/Main.java:[12,9] cannot find symbol\n[ERROR]   symbol:   class JUnitCore\n[ERROR]   location: class org.example.Main\n[ERROR] /home/azmain/Code Recommendation/RAG/Projects/junit-4.2/TestResult/sample_3/Wrapper/src/main/java/org/example/Main.java:[12,31] cannot find symbol\n[ERROR]   symbol:   class JUnitCore\n[ERROR]   location: class org.example.Main\n[ERROR] /home/azmain/Code Recommendation/RAG/Projects/junit-4.2/TestResult/sample_3/Wrapper/src/main/java/org/example/Main.java:[13,9] cannot find symbol\n[ERROR]   symbol:   class Result\n[ERROR]   location: class org.example.Main\n[ERROR] /home/azmain/Code Recommendation/RAG/Projects/junit-4.2/TestResult/sample_3/Wrapper/src/main/java/org/example/Main.java:[16,14] cannot find symbol\n[ERROR]   symbol:   class Failure\n[ERROR]   location: class org.example.Main\n[ERROR] -> [Help 1]\n[ERROR] \n[ERROR] To see the full stack trace of the errors, re-run Maven with the -e switch.\n[ERROR] Re-run Maven using the -X switch to enable full debug logging.\n[ERROR] \n[ERROR] For more information about the errors and possible solutions, please read the following articles:\n[ERROR] [Help 1] http://cwiki.apache.org/confluence/display/MAVEN/MojoFailureException\n",
                        "error_list": [
                            {
                                "file": "/home/azmain/Code Recommendation/RAG/Projects/junit-4.2/TestResult/sample_3/Wrapper/src/main/java/org/example/Main.java",
                                "line": 5,
                                "column": 17,
                                "message": "package org.junit does not exist"
                            },
                            {
                                "file": "/home/azmain/Code Recommendation/RAG/Projects/junit-4.2/TestResult/sample_3/Wrapper/src/main/java/org/example/Main.java",
                                "line": 7,
                                "column": 24,
                                "message": "package org.junit.runner does not exist"
                            },
                            {
                                "file": "/home/azmain/Code Recommendation/RAG/Projects/junit-4.2/TestResult/sample_3/Wrapper/src/main/java/org/example/TestClass.java",
                                "line": 4,
                                "column": 17,
                                "message": "package org.junit does not exist"
                            },
                            {
                                "file": "/home/azmain/Code Recommendation/RAG/Projects/junit-4.2/TestResult/sample_3/Wrapper/src/main/java/org/example/TestClass.java",
                                "line": 7,
                                "column": 37,
                                "message": "package org.junit.runner.notification does not exist"
                            },
                            {
                                "file": "/home/azmain/Code Recommendation/RAG/Projects/junit-4.2/TestResult/sample_3/Wrapper/src/main/java/org/example/Main.java",
                                "line": 8,
                                "column": 37,
                                "message": "package org.junit.runner.notification does not exist"
                            },
                            {
                                "file": "/home/azmain/Code Recommendation/RAG/Projects/junit-4.2/TestResult/sample_3/Wrapper/src/main/java/org/example/TestClass.java",
                                "line": 5,
                                "column": 24,
                                "message": "package org.junit.runner does not exist"
                            },
                            {
                                "file": "/home/azmain/Code Recommendation/RAG/Projects/junit-4.2/TestResult/sample_3/Wrapper/src/main/java/org/example/TestClass.java",
                                "line": 15,
                                "column": 6,
                                "message": "cannot find symbol"
                            },
                            {
                                "file": "/home/azmain/Code Recommendation/RAG/Projects/junit-4.2/TestResult/sample_3/Wrapper/src/main/java/org/example/TestClass.java",
                                "line": 10,
                                "column": 6,
                                "message": "cannot find symbol"
                            },
                            {
                                "file": "/home/azmain/Code Recommendation/RAG/Projects/junit-4.2/TestResult/sample_3/Wrapper/src/main/java/org/example/Main.java",
                                "line": 12,
                                "column": 31,
                                "message": "cannot find symbol"
                            },
                            {
                                "file": "/home/azmain/Code Recommendation/RAG/Projects/junit-4.2/TestResult/sample_3/Wrapper/src/main/java/org/example/Main.java",
                                "line": 6,
                                "column": 24,
                                "message": "package org.junit.runner does not exist"
                            },
                            {
                                "file": "/home/azmain/Code Recommendation/RAG/Projects/junit-4.2/TestResult/sample_3/Wrapper/src/main/java/org/example/TestClass.java",
                                "line": 6,
                                "column": 24,
                                "message": "package org.junit.runner does not exist"
                            },
                            {
                                "file": "/home/azmain/Code Recommendation/RAG/Projects/junit-4.2/TestResult/sample_3/Wrapper/src/main/java/org/example/TestClass.java",
                                "line": 21,
                                "column": 6,
                                "message": "cannot find symbol"
                            },
                            {
                                "file": "/home/azmain/Code Recommendation/RAG/Projects/junit-4.2/TestResult/sample_3/Wrapper/src/main/java/org/example/TestClass.java",
                                "line": 27,
                                "column": 6,
                                "message": "cannot find symbol"
                            },
                            {
                                "file": "/home/azmain/Code Recommendation/RAG/Projects/junit-4.2/TestResult/sample_3/Wrapper/src/main/java/org/example/Main.java",
                                "line": 12,
                                "column": 9,
                                "message": "cannot find symbol"
                            },
                            {
                                "file": "/home/azmain/Code Recommendation/RAG/Projects/junit-4.2/TestResult/sample_3/Wrapper/src/main/java/org/example/Main.java",
                                "line": 13,
                                "column": 9,
                                "message": "cannot find symbol"
                            },
                            {
                                "file": "/home/azmain/Code Recommendation/RAG/Projects/junit-4.2/TestResult/sample_3/Wrapper/src/main/java/org/example/Main.java",
                                "line": 4,
                                "column": 17,
                                "message": "package org.junit does not exist"
                            },
                            {
                                "file": "/home/azmain/Code Recommendation/RAG/Projects/junit-4.2/TestResult/sample_3/Wrapper/src/main/java/org/example/TestClass.java",
                                "line": 3,
                                "column": 17,
                                "message": "package org.junit does not exist"
                            },
                            {
                                "file": "/home/azmain/Code Recommendation/RAG/Projects/junit-4.2/TestResult/sample_3/Wrapper/src/main/java/org/example/Main.java",
                                "line": 16,
                                "column": 14,
                                "message": "cannot find symbol"
                            }
                        ]
                    }
                }
            },
            "sample_4": {
                "full_response": "You are an exceptionally intelligent coding assistant that consistently delivers accurate and reliable responses to user instructions.\n\n@@ Instruction\nGive me a complete, correct and compilable Java code. This code must use \"TestResult\" API from \"junit-4.2\" project along with other necessary APIs. The dependency is already added for \"junit-4.2\" project. So, if you need to use other APIs, then do not use APIs whose import statements require adding new dependencies. The name of the class that has the main method should be Main.\n\n@@ Response\nHere is a simple example of how to use the TestResult API from junit-4.2 project. \n\nPlease note that you'd need to download junit-4.2 jar file to add it to classpath, as you didn't specify the exact version of Junit you're using, thus I assumed the latest version of Junit available at the time of writing this answer.\n\nPlease add the junit-4.2.jar file to your classpath to run the following Java code.\n\n```java\nimport org.junit.runner.RunWith;\nimport org.junit.runners.model.TestResult;\nimport org.junit.Test;\nimport org.junit.runner.RunWith;\nimport org.junit.runners.Suite;\n\n@RunWith(Suite.class)\n@Suite.SuiteClasses({ \n    TestClass1.class,\n    TestClass2.class,\n})\npublic class Main {\n}\n\nclass TestClass1 {\n    @Test\n    public void testMethod() {\n        System.out.println(\"Running test in TestClass1\");\n        // Your implementation here\n    }\n}\n\nclass TestClass2 {\n    @Test\n    public void testMethod() {\n        System.out.println(\"Running test in TestClass2\");\n        // Your implementation here\n    }\n}\n```\nIn the above code, we define two test classes `TestClass1` and `TestClass2` which contain test methods annotated with `@Test` annotation. The `Main` class runs those test methods via Test Suite provided by junit testing framework.\n\nPlease replace the print statements in the test methods with the actual logic you want to test. If you're using other APIs in your code, make sure the jar for those libraries is added to the classpath. This is due to the nature of the Java language, where imports from one project are independent of imports from another. The imports are not dependencies, they're simply hints for the compiler that certain methods and classes are available from specific JAR files. They're not enforced by the compiler. \n\nIf your project needs more than these two classes for testing, you may want to include them in your test suite similarly.",
                "extracted_java_code_from_prediction": "import org.junit.runner.RunWith;\nimport org.junit.runners.model.TestResult;\nimport org.junit.Test;\nimport org.junit.runner.RunWith;\nimport org.junit.runners.Suite;\n\n@RunWith(Suite.class)\n@Suite.SuiteClasses({ \n    TestClass1.class,\n    TestClass2.class,\n})\npublic class Main {\n}\n\nclass TestClass1 {\n    @Test\n    public void testMethod() {\n        System.out.println(\"Running test in TestClass1\");\n        // Your implementation here\n    }\n}\n\nclass TestClass2 {\n    @Test\n    public void testMethod() {\n        System.out.println(\"Running test in TestClass2\");\n        // Your implementation here\n    }\n}",
                "extracted_FQNs_from_prediction": [
                    "org.junit.runner.RunWith",
                    "org.junit.runners.model.TestResult",
                    "org.junit.Test",
                    "org.junit.runner.RunWith",
                    "org.junit.runners.Suite"
                ],
                "correct_FQN_predictions": [
                    "org.junit.runner.RunWith",
                    "org.junit.Test",
                    "org.junit.runner.RunWith",
                    "org.junit.runners.Suite"
                ],
                "wrong_FQN_predictions": [
                    "org.junit.runners.model.TestResult"
                ],
                "number_of_correct_FQNs": 4,
                "number_of_wrong_FQNs": 1,
                "failure_rate_for_FQNs": 0.2,
                "model_confidence": 0.5119433403015137,
                "code_build": {
                    "build_result": {
                        "status": "failure",
                        "hallucinations_for_FQNs": "Need manual review",
                        "message": "Build failed. Full error log present.",
                        "full_error_log": "[INFO] Scanning for projects...\n[WARNING] \n[WARNING] Some problems were encountered while building the effective model for org.example:Wrapper:jar:1.0-SNAPSHOT\n[WARNING] 'build.plugins.plugin.version' for org.apache.maven.plugins:maven-compiler-plugin is missing. @ line 46, column 15\n[WARNING] \n[WARNING] It is highly recommended to fix these problems because they threaten the stability of your build.\n[WARNING] \n[WARNING] For this reason, future Maven versions might no longer support building such malformed projects.\n[WARNING] \n[INFO] \n[INFO] ------------------------< org.example:Wrapper >-------------------------\n[INFO] Building Wrapper 1.0-SNAPSHOT\n[INFO] --------------------------------[ jar ]---------------------------------\n[INFO] \n[INFO] --- maven-clean-plugin:2.5:clean (default-clean) @ Wrapper ---\n[INFO] Deleting /home/azmain/Code Recommendation/RAG/Projects/junit-4.2/TestResult/sample_4/Wrapper/target\n[INFO] \n[INFO] --- maven-resources-plugin:2.6:resources (default-resources) @ Wrapper ---\n[INFO] Using 'UTF-8' encoding to copy filtered resources.\n[INFO] skip non existing resourceDirectory /home/azmain/Code Recommendation/RAG/Projects/junit-4.2/TestResult/sample_4/Wrapper/src/main/resources\n[INFO] \n[INFO] --- maven-compiler-plugin:3.1:compile (default-compile) @ Wrapper ---\n[INFO] Changes detected - recompiling the module!\n[INFO] Compiling 3 source files to /home/azmain/Code Recommendation/RAG/Projects/junit-4.2/TestResult/sample_4/Wrapper/target/classes\n[INFO] -------------------------------------------------------------\n[ERROR] COMPILATION ERROR : \n[INFO] -------------------------------------------------------------\n[ERROR] /home/azmain/Code Recommendation/RAG/Projects/junit-4.2/TestResult/sample_4/Wrapper/src/main/java/org/example/TestClass1.java:[3,24] package org.junit.runner does not exist\n[ERROR] /home/azmain/Code Recommendation/RAG/Projects/junit-4.2/TestResult/sample_4/Wrapper/src/main/java/org/example/TestClass1.java:[4,31] package org.junit.runners.model does not exist\n[ERROR] /home/azmain/Code Recommendation/RAG/Projects/junit-4.2/TestResult/sample_4/Wrapper/src/main/java/org/example/TestClass1.java:[5,17] package org.junit does not exist\n[ERROR] /home/azmain/Code Recommendation/RAG/Projects/junit-4.2/TestResult/sample_4/Wrapper/src/main/java/org/example/TestClass1.java:[6,24] package org.junit.runner does not exist\n[ERROR] /home/azmain/Code Recommendation/RAG/Projects/junit-4.2/TestResult/sample_4/Wrapper/src/main/java/org/example/TestClass1.java:[7,25] package org.junit.runners does not exist\n[ERROR] /home/azmain/Code Recommendation/RAG/Projects/junit-4.2/TestResult/sample_4/Wrapper/src/main/java/org/example/TestClass2.java:[3,24] package org.junit.runner does not exist\n[ERROR] /home/azmain/Code Recommendation/RAG/Projects/junit-4.2/TestResult/sample_4/Wrapper/src/main/java/org/example/TestClass2.java:[4,31] package org.junit.runners.model does not exist\n[ERROR] /home/azmain/Code Recommendation/RAG/Projects/junit-4.2/TestResult/sample_4/Wrapper/src/main/java/org/example/TestClass2.java:[5,17] package org.junit does not exist\n[ERROR] /home/azmain/Code Recommendation/RAG/Projects/junit-4.2/TestResult/sample_4/Wrapper/src/main/java/org/example/TestClass2.java:[6,24] package org.junit.runner does not exist\n[ERROR] /home/azmain/Code Recommendation/RAG/Projects/junit-4.2/TestResult/sample_4/Wrapper/src/main/java/org/example/TestClass2.java:[7,25] package org.junit.runners does not exist\n[ERROR] /home/azmain/Code Recommendation/RAG/Projects/junit-4.2/TestResult/sample_4/Wrapper/src/main/java/org/example/Main.java:[3,24] package org.junit.runner does not exist\n[ERROR] /home/azmain/Code Recommendation/RAG/Projects/junit-4.2/TestResult/sample_4/Wrapper/src/main/java/org/example/Main.java:[4,31] package org.junit.runners.model does not exist\n[ERROR] /home/azmain/Code Recommendation/RAG/Projects/junit-4.2/TestResult/sample_4/Wrapper/src/main/java/org/example/Main.java:[5,17] package org.junit does not exist\n[ERROR] /home/azmain/Code Recommendation/RAG/Projects/junit-4.2/TestResult/sample_4/Wrapper/src/main/java/org/example/Main.java:[6,24] package org.junit.runner does not exist\n[ERROR] /home/azmain/Code Recommendation/RAG/Projects/junit-4.2/TestResult/sample_4/Wrapper/src/main/java/org/example/Main.java:[7,25] package org.junit.runners does not exist\n[ERROR] /home/azmain/Code Recommendation/RAG/Projects/junit-4.2/TestResult/sample_4/Wrapper/src/main/java/org/example/TestClass1.java:[10,6] cannot find symbol\n  symbol:   class Test\n  location: class org.example.TestClass1\n[ERROR] /home/azmain/Code Recommendation/RAG/Projects/junit-4.2/TestResult/sample_4/Wrapper/src/main/java/org/example/TestClass2.java:[10,6] cannot find symbol\n  symbol:   class Test\n  location: class org.example.TestClass2\n[INFO] 17 errors \n[INFO] -------------------------------------------------------------\n[INFO] ------------------------------------------------------------------------\n[INFO] BUILD FAILURE\n[INFO] ------------------------------------------------------------------------\n[INFO] Total time:  0.895 s\n[INFO] Finished at: 2024-04-16T19:36:35-05:00\n[INFO] ------------------------------------------------------------------------\n[ERROR] Failed to execute goal org.apache.maven.plugins:maven-compiler-plugin:3.1:compile (default-compile) on project Wrapper: Compilation failure: Compilation failure: \n[ERROR] /home/azmain/Code Recommendation/RAG/Projects/junit-4.2/TestResult/sample_4/Wrapper/src/main/java/org/example/TestClass1.java:[3,24] package org.junit.runner does not exist\n[ERROR] /home/azmain/Code Recommendation/RAG/Projects/junit-4.2/TestResult/sample_4/Wrapper/src/main/java/org/example/TestClass1.java:[4,31] package org.junit.runners.model does not exist\n[ERROR] /home/azmain/Code Recommendation/RAG/Projects/junit-4.2/TestResult/sample_4/Wrapper/src/main/java/org/example/TestClass1.java:[5,17] package org.junit does not exist\n[ERROR] /home/azmain/Code Recommendation/RAG/Projects/junit-4.2/TestResult/sample_4/Wrapper/src/main/java/org/example/TestClass1.java:[6,24] package org.junit.runner does not exist\n[ERROR] /home/azmain/Code Recommendation/RAG/Projects/junit-4.2/TestResult/sample_4/Wrapper/src/main/java/org/example/TestClass1.java:[7,25] package org.junit.runners does not exist\n[ERROR] /home/azmain/Code Recommendation/RAG/Projects/junit-4.2/TestResult/sample_4/Wrapper/src/main/java/org/example/TestClass2.java:[3,24] package org.junit.runner does not exist\n[ERROR] /home/azmain/Code Recommendation/RAG/Projects/junit-4.2/TestResult/sample_4/Wrapper/src/main/java/org/example/TestClass2.java:[4,31] package org.junit.runners.model does not exist\n[ERROR] /home/azmain/Code Recommendation/RAG/Projects/junit-4.2/TestResult/sample_4/Wrapper/src/main/java/org/example/TestClass2.java:[5,17] package org.junit does not exist\n[ERROR] /home/azmain/Code Recommendation/RAG/Projects/junit-4.2/TestResult/sample_4/Wrapper/src/main/java/org/example/TestClass2.java:[6,24] package org.junit.runner does not exist\n[ERROR] /home/azmain/Code Recommendation/RAG/Projects/junit-4.2/TestResult/sample_4/Wrapper/src/main/java/org/example/TestClass2.java:[7,25] package org.junit.runners does not exist\n[ERROR] /home/azmain/Code Recommendation/RAG/Projects/junit-4.2/TestResult/sample_4/Wrapper/src/main/java/org/example/Main.java:[3,24] package org.junit.runner does not exist\n[ERROR] /home/azmain/Code Recommendation/RAG/Projects/junit-4.2/TestResult/sample_4/Wrapper/src/main/java/org/example/Main.java:[4,31] package org.junit.runners.model does not exist\n[ERROR] /home/azmain/Code Recommendation/RAG/Projects/junit-4.2/TestResult/sample_4/Wrapper/src/main/java/org/example/Main.java:[5,17] package org.junit does not exist\n[ERROR] /home/azmain/Code Recommendation/RAG/Projects/junit-4.2/TestResult/sample_4/Wrapper/src/main/java/org/example/Main.java:[6,24] package org.junit.runner does not exist\n[ERROR] /home/azmain/Code Recommendation/RAG/Projects/junit-4.2/TestResult/sample_4/Wrapper/src/main/java/org/example/Main.java:[7,25] package org.junit.runners does not exist\n[ERROR] /home/azmain/Code Recommendation/RAG/Projects/junit-4.2/TestResult/sample_4/Wrapper/src/main/java/org/example/TestClass1.java:[10,6] cannot find symbol\n[ERROR]   symbol:   class Test\n[ERROR]   location: class org.example.TestClass1\n[ERROR] /home/azmain/Code Recommendation/RAG/Projects/junit-4.2/TestResult/sample_4/Wrapper/src/main/java/org/example/TestClass2.java:[10,6] cannot find symbol\n[ERROR]   symbol:   class Test\n[ERROR]   location: class org.example.TestClass2\n[ERROR] -> [Help 1]\n[ERROR] \n[ERROR] To see the full stack trace of the errors, re-run Maven with the -e switch.\n[ERROR] Re-run Maven using the -X switch to enable full debug logging.\n[ERROR] \n[ERROR] For more information about the errors and possible solutions, please read the following articles:\n[ERROR] [Help 1] http://cwiki.apache.org/confluence/display/MAVEN/MojoFailureException\n",
                        "error_list": [
                            {
                                "file": "/home/azmain/Code Recommendation/RAG/Projects/junit-4.2/TestResult/sample_4/Wrapper/src/main/java/org/example/Main.java",
                                "line": 6,
                                "column": 24,
                                "message": "package org.junit.runner does not exist"
                            },
                            {
                                "file": "/home/azmain/Code Recommendation/RAG/Projects/junit-4.2/TestResult/sample_4/Wrapper/src/main/java/org/example/Main.java",
                                "line": 7,
                                "column": 25,
                                "message": "package org.junit.runners does not exist"
                            },
                            {
                                "file": "/home/azmain/Code Recommendation/RAG/Projects/junit-4.2/TestResult/sample_4/Wrapper/src/main/java/org/example/TestClass2.java",
                                "line": 7,
                                "column": 25,
                                "message": "package org.junit.runners does not exist"
                            },
                            {
                                "file": "/home/azmain/Code Recommendation/RAG/Projects/junit-4.2/TestResult/sample_4/Wrapper/src/main/java/org/example/TestClass1.java",
                                "line": 10,
                                "column": 6,
                                "message": "cannot find symbol"
                            },
                            {
                                "file": "/home/azmain/Code Recommendation/RAG/Projects/junit-4.2/TestResult/sample_4/Wrapper/src/main/java/org/example/Main.java",
                                "line": 4,
                                "column": 31,
                                "message": "package org.junit.runners.model does not exist"
                            },
                            {
                                "file": "/home/azmain/Code Recommendation/RAG/Projects/junit-4.2/TestResult/sample_4/Wrapper/src/main/java/org/example/TestClass1.java",
                                "line": 3,
                                "column": 24,
                                "message": "package org.junit.runner does not exist"
                            },
                            {
                                "file": "/home/azmain/Code Recommendation/RAG/Projects/junit-4.2/TestResult/sample_4/Wrapper/src/main/java/org/example/TestClass2.java",
                                "line": 5,
                                "column": 17,
                                "message": "package org.junit does not exist"
                            },
                            {
                                "file": "/home/azmain/Code Recommendation/RAG/Projects/junit-4.2/TestResult/sample_4/Wrapper/src/main/java/org/example/TestClass2.java",
                                "line": 10,
                                "column": 6,
                                "message": "cannot find symbol"
                            },
                            {
                                "file": "/home/azmain/Code Recommendation/RAG/Projects/junit-4.2/TestResult/sample_4/Wrapper/src/main/java/org/example/TestClass2.java",
                                "line": 3,
                                "column": 24,
                                "message": "package org.junit.runner does not exist"
                            },
                            {
                                "file": "/home/azmain/Code Recommendation/RAG/Projects/junit-4.2/TestResult/sample_4/Wrapper/src/main/java/org/example/TestClass1.java",
                                "line": 5,
                                "column": 17,
                                "message": "package org.junit does not exist"
                            },
                            {
                                "file": "/home/azmain/Code Recommendation/RAG/Projects/junit-4.2/TestResult/sample_4/Wrapper/src/main/java/org/example/TestClass1.java",
                                "line": 6,
                                "column": 24,
                                "message": "package org.junit.runner does not exist"
                            },
                            {
                                "file": "/home/azmain/Code Recommendation/RAG/Projects/junit-4.2/TestResult/sample_4/Wrapper/src/main/java/org/example/TestClass1.java",
                                "line": 7,
                                "column": 25,
                                "message": "package org.junit.runners does not exist"
                            },
                            {
                                "file": "/home/azmain/Code Recommendation/RAG/Projects/junit-4.2/TestResult/sample_4/Wrapper/src/main/java/org/example/TestClass2.java",
                                "line": 4,
                                "column": 31,
                                "message": "package org.junit.runners.model does not exist"
                            },
                            {
                                "file": "/home/azmain/Code Recommendation/RAG/Projects/junit-4.2/TestResult/sample_4/Wrapper/src/main/java/org/example/TestClass2.java",
                                "line": 6,
                                "column": 24,
                                "message": "package org.junit.runner does not exist"
                            },
                            {
                                "file": "/home/azmain/Code Recommendation/RAG/Projects/junit-4.2/TestResult/sample_4/Wrapper/src/main/java/org/example/Main.java",
                                "line": 5,
                                "column": 17,
                                "message": "package org.junit does not exist"
                            },
                            {
                                "file": "/home/azmain/Code Recommendation/RAG/Projects/junit-4.2/TestResult/sample_4/Wrapper/src/main/java/org/example/TestClass1.java",
                                "line": 4,
                                "column": 31,
                                "message": "package org.junit.runners.model does not exist"
                            },
                            {
                                "file": "/home/azmain/Code Recommendation/RAG/Projects/junit-4.2/TestResult/sample_4/Wrapper/src/main/java/org/example/Main.java",
                                "line": 3,
                                "column": 24,
                                "message": "package org.junit.runner does not exist"
                            }
                        ]
                    }
                }
            },
            "sample_5": {
                "full_response": "You are an exceptionally intelligent coding assistant that consistently delivers accurate and reliable responses to user instructions.\n\n@@ Instruction\nGive me a complete, correct and compilable Java code. This code must use \"TestResult\" API from \"junit-4.2\" project along with other necessary APIs. The dependency is already added for \"junit-4.2\" project. So, if you need to use other APIs, then do not use APIs whose import statements require adding new dependencies. The name of the class that has the main method should be Main.\n\n@@ Response\nCreating an actual Java code with TestResult API from \"junit-4.2\" project could be a little confusing, as we have to use JUnit for testing, but not in an actual runnable program. \n\nHowever, we can illustrate how it's usually done within JUnit tests:\n\n```java\nimport org.junit.jupiter.api.Test;\nimport org.junit.jupiter.api.Assertions;\n\npublic class Main {\n    @Test\n    public void testMain() {\n        Assertions.assertEquals(1, 1);\n        // Your actual code here\n    }\n}\n```\n\nHere, `org.junit.jupiter.api.Test` and `org.junit.jupiter.api.Assertions` are APIs of JUnit which are part of JUnit testing framework. The `testMain` method is a test method where we can check if the main method does what it's supposed to.\n\nIf you need to actually use another API like java.io or java.util, but not JUnit, you don't need to add dependencies for these other APIs. We only need to import the packages where they are defined.\n\nHowever, you can also use other APIs from the JDK directly:\n\n```java\npublic class Main {\n    public static void main(String[] args) {\n        StringBuilder sb = new StringBuilder(\"hello\");\n        sb.append(\" \").append(\"world\");\n        System.out.println(sb.toString());\n    }\n}\n```\nIn this case, `java.lang.StringBuilder` is an API of the JDK.",
                "extracted_java_code_from_prediction": "import org.junit.jupiter.api.Test;\nimport org.junit.jupiter.api.Assertions;\n\npublic class Main {\n    @Test\n    public void testMain() {\n        Assertions.assertEquals(1, 1);\n        // Your actual code here\n    }\n}",
                "extracted_FQNs_from_prediction": [
                    "org.junit.jupiter.api.Test",
                    "org.junit.jupiter.api.Assertions"
                ],
                "correct_FQN_predictions": [
                    "org.junit.jupiter.api.Test"
                ],
                "wrong_FQN_predictions": [
                    "org.junit.jupiter.api.Assertions"
                ],
                "number_of_correct_FQNs": 1,
                "number_of_wrong_FQNs": 1,
                "failure_rate_for_FQNs": 0.5,
                "model_confidence": 0.49378642439842224,
                "code_build": {
                    "build_result": {
                        "status": "failure",
                        "hallucinations_for_FQNs": "Need manual review",
                        "message": "Build failed. Full error log present.",
                        "full_error_log": "[INFO] Scanning for projects...\n[WARNING] \n[WARNING] Some problems were encountered while building the effective model for org.example:Wrapper:jar:1.0-SNAPSHOT\n[WARNING] 'build.plugins.plugin.version' for org.apache.maven.plugins:maven-compiler-plugin is missing. @ line 46, column 15\n[WARNING] \n[WARNING] It is highly recommended to fix these problems because they threaten the stability of your build.\n[WARNING] \n[WARNING] For this reason, future Maven versions might no longer support building such malformed projects.\n[WARNING] \n[INFO] \n[INFO] ------------------------< org.example:Wrapper >-------------------------\n[INFO] Building Wrapper 1.0-SNAPSHOT\n[INFO] --------------------------------[ jar ]---------------------------------\n[INFO] \n[INFO] --- maven-clean-plugin:2.5:clean (default-clean) @ Wrapper ---\n[INFO] Deleting /home/azmain/Code Recommendation/RAG/Projects/junit-4.2/TestResult/sample_5/Wrapper/target\n[INFO] \n[INFO] --- maven-resources-plugin:2.6:resources (default-resources) @ Wrapper ---\n[INFO] Using 'UTF-8' encoding to copy filtered resources.\n[INFO] skip non existing resourceDirectory /home/azmain/Code Recommendation/RAG/Projects/junit-4.2/TestResult/sample_5/Wrapper/src/main/resources\n[INFO] \n[INFO] --- maven-compiler-plugin:3.1:compile (default-compile) @ Wrapper ---\n[INFO] Changes detected - recompiling the module!\n[INFO] Compiling 1 source file to /home/azmain/Code Recommendation/RAG/Projects/junit-4.2/TestResult/sample_5/Wrapper/target/classes\n[INFO] -------------------------------------------------------------\n[ERROR] COMPILATION ERROR : \n[INFO] -------------------------------------------------------------\n[ERROR] /home/azmain/Code Recommendation/RAG/Projects/junit-4.2/TestResult/sample_5/Wrapper/src/main/java/org/example/Main.java:[3,29] package org.junit.jupiter.api does not exist\n[ERROR] /home/azmain/Code Recommendation/RAG/Projects/junit-4.2/TestResult/sample_5/Wrapper/src/main/java/org/example/Main.java:[4,29] package org.junit.jupiter.api does not exist\n[ERROR] /home/azmain/Code Recommendation/RAG/Projects/junit-4.2/TestResult/sample_5/Wrapper/src/main/java/org/example/Main.java:[7,6] cannot find symbol\n  symbol:   class Test\n  location: class org.example.Main\n[ERROR] /home/azmain/Code Recommendation/RAG/Projects/junit-4.2/TestResult/sample_5/Wrapper/src/main/java/org/example/Main.java:[9,9] cannot find symbol\n  symbol:   variable Assertions\n  location: class org.example.Main\n[INFO] 4 errors \n[INFO] -------------------------------------------------------------\n[INFO] ------------------------------------------------------------------------\n[INFO] BUILD FAILURE\n[INFO] ------------------------------------------------------------------------\n[INFO] Total time:  0.884 s\n[INFO] Finished at: 2024-04-16T19:36:37-05:00\n[INFO] ------------------------------------------------------------------------\n[ERROR] Failed to execute goal org.apache.maven.plugins:maven-compiler-plugin:3.1:compile (default-compile) on project Wrapper: Compilation failure: Compilation failure: \n[ERROR] /home/azmain/Code Recommendation/RAG/Projects/junit-4.2/TestResult/sample_5/Wrapper/src/main/java/org/example/Main.java:[3,29] package org.junit.jupiter.api does not exist\n[ERROR] /home/azmain/Code Recommendation/RAG/Projects/junit-4.2/TestResult/sample_5/Wrapper/src/main/java/org/example/Main.java:[4,29] package org.junit.jupiter.api does not exist\n[ERROR] /home/azmain/Code Recommendation/RAG/Projects/junit-4.2/TestResult/sample_5/Wrapper/src/main/java/org/example/Main.java:[7,6] cannot find symbol\n[ERROR]   symbol:   class Test\n[ERROR]   location: class org.example.Main\n[ERROR] /home/azmain/Code Recommendation/RAG/Projects/junit-4.2/TestResult/sample_5/Wrapper/src/main/java/org/example/Main.java:[9,9] cannot find symbol\n[ERROR]   symbol:   variable Assertions\n[ERROR]   location: class org.example.Main\n[ERROR] -> [Help 1]\n[ERROR] \n[ERROR] To see the full stack trace of the errors, re-run Maven with the -e switch.\n[ERROR] Re-run Maven using the -X switch to enable full debug logging.\n[ERROR] \n[ERROR] For more information about the errors and possible solutions, please read the following articles:\n[ERROR] [Help 1] http://cwiki.apache.org/confluence/display/MAVEN/MojoFailureException\n",
                        "error_list": [
                            {
                                "file": "/home/azmain/Code Recommendation/RAG/Projects/junit-4.2/TestResult/sample_5/Wrapper/src/main/java/org/example/Main.java",
                                "line": 4,
                                "column": 29,
                                "message": "package org.junit.jupiter.api does not exist"
                            },
                            {
                                "file": "/home/azmain/Code Recommendation/RAG/Projects/junit-4.2/TestResult/sample_5/Wrapper/src/main/java/org/example/Main.java",
                                "line": 9,
                                "column": 9,
                                "message": "cannot find symbol"
                            },
                            {
                                "file": "/home/azmain/Code Recommendation/RAG/Projects/junit-4.2/TestResult/sample_5/Wrapper/src/main/java/org/example/Main.java",
                                "line": 3,
                                "column": 29,
                                "message": "package org.junit.jupiter.api does not exist"
                            },
                            {
                                "file": "/home/azmain/Code Recommendation/RAG/Projects/junit-4.2/TestResult/sample_5/Wrapper/src/main/java/org/example/Main.java",
                                "line": 7,
                                "column": 6,
                                "message": "cannot find symbol"
                            }
                        ]
                    }
                }
            }
        },
        "TestFailure": {
            "prompt": "Give me a complete, correct and compilable Java code. This code must use \"TestFailure\" API from \"junit-4.2\" project along with other necessary APIs. The dependency is already added for \"junit-4.2\" project. So, if you need to use other APIs, then do not use APIs whose import statements require adding new dependencies. The name of the class that has the main method should be Main.",
            "sample_1": {
                "full_response": "You are an exceptionally intelligent coding assistant that consistently delivers accurate and reliable responses to user instructions.\n\n@@ Instruction\nGive me a complete, correct and compilable Java code. This code must use \"TestFailure\" API from \"junit-4.2\" project along with other necessary APIs. The dependency is already added for \"junit-4.2\" project. So, if you need to use other APIs, then do not use APIs whose import statements require adding new dependencies. The name of the class that has the main method should be Main.\n\n@@ Response\nTo successfully solve this problem using the provided details, the class that will be compiled as per your requirements should have a method named `main()`.\n\nGiven the information, the JUnit library is already available and the code snippet below represents a simple test failure with JUnit:\n\n```Java\nimport org.junit.Test;\nimport org.junit.Assert;\n\npublic class Main {\n\n    @Test\n    public void testFailure() {\n        Assert.assertEquals(1, 0);\n    }\n\n    public static void main(String[] args) {\n        // Run your tests here. Normally, you'd use a testing framework like JUnit here.\n        // Since we're using a testing framework, you need to define the testing method as `@Test`\n        // and call it using the testing method of the testing framework, such as:\n        // org.junit.runner.JUnitCore.runClasses(YourTestClass.class);\n    }\n}\n```\n\nIn the `main` method, you would normally call a JUnit testing method. The above code shows an `assertEquals` test that always fails, illustrating how a simple JUnit test might look, but without adding the necessary JUnit dependencies or actual testing. You will need to replace the `testFailure()` method with your actual test cases.\n\nThis example also assumes that the project is set up correctly, with the necessary dependencies on the classpath, etc. You may have to adjust the code according to your specific project setup.",
                "extracted_java_code_from_prediction": "",
                "extracted_FQNs_from_prediction": [],
                "correct_FQN_predictions": [],
                "wrong_FQN_predictions": [],
                "number_of_correct_FQNs": 0,
                "number_of_wrong_FQNs": 0,
                "failure_rate_for_FQNs": 1,
                "model_confidence": 0.4189518690109253,
                "code_build": {
                    "build_result": {
                        "status": "failure",
                        "message": "Model could not predict any correct FQNs.",
                        "hallucinations_for_FQNs": true
                    }
                }
            },
            "sample_2": {
                "full_response": "You are an exceptionally intelligent coding assistant that consistently delivers accurate and reliable responses to user instructions.\n\n@@ Instruction\nGive me a complete, correct and compilable Java code. This code must use \"TestFailure\" API from \"junit-4.2\" project along with other necessary APIs. The dependency is already added for \"junit-4.2\" project. So, if you need to use other APIs, then do not use APIs whose import statements require adding new dependencies. The name of the class that has the main method should be Main.\n\n@@ Response\nThe problem doesn't specify what the specific behavior of the Main class should be. However, I will show a simple example of using \"TestFailure\" API from \"junit-4.2\" project along with the \"AssertJ\" library, and \"hamcrest\" library for the sake of example. These libraries do not require adding new dependencies, as they are already included in your project.\n\n```java\nimport org.assertj.core.api.Assertions;\nimport org.hamcrest.Matchers;\nimport org.junit.Test;\nimport org.junit.experimental.results.ResultMatchers;\nimport org.junit.runner.RunWith;\nimport org.junit.runners.JUnit4;\nimport org.junit.Test;\n\n@RunWith(JUnit4.class)\npublic class Main {\n\n    @Test\n    public void someTest() {\n        Assertions.assertThat(\"some text\").isEqualTo(\"some text\");\n        Assertions.assertThatCode(() -> {\n            throw new RuntimeException(\"some exception\");\n        }).fails().withFailMessage(\"expected exception not thrown\");\n        Assertions.assertThat(42).isNotNull();\n    }\n}\n```\n\nIn this example, we have a class named Main with a test method named someTest. The Assertions from AssertJ are used to verify that certain statements are true. In the first assertion, we verify that \"some text\" is equal to \"some text\". In the second assertion, we verify that throwing an exception is caught and the exception message is as expected. Finally, in the third assertion, we verify that 42 is not null.",
                "extracted_java_code_from_prediction": "import org.assertj.core.api.Assertions;\nimport org.hamcrest.Matchers;\nimport org.junit.Test;\nimport org.junit.experimental.results.ResultMatchers;\nimport org.junit.runner.RunWith;\nimport org.junit.runners.JUnit4;\nimport org.junit.Test;\n\n@RunWith(JUnit4.class)\npublic class Main {\n\n    @Test\n    public void someTest() {\n        Assertions.assertThat(\"some text\").isEqualTo(\"some text\");\n        Assertions.assertThatCode(() -> {\n            throw new RuntimeException(\"some exception\");\n        }).fails().withFailMessage(\"expected exception not thrown\");\n        Assertions.assertThat(42).isNotNull();\n    }\n}",
                "extracted_FQNs_from_prediction": [
                    "org.assertj.core.api.Assertions",
                    "org.hamcrest.Matchers",
                    "org.junit.Test",
                    "org.junit.experimental.results.ResultMatchers",
                    "org.junit.runner.RunWith",
                    "org.junit.runners.JUnit4",
                    "org.junit.Test"
                ],
                "correct_FQN_predictions": [
                    "org.junit.Test",
                    "org.junit.runner.RunWith",
                    "org.junit.runners.JUnit4",
                    "org.junit.Test"
                ],
                "wrong_FQN_predictions": [
                    "org.assertj.core.api.Assertions",
                    "org.hamcrest.Matchers",
                    "org.junit.experimental.results.ResultMatchers"
                ],
                "number_of_correct_FQNs": 4,
                "number_of_wrong_FQNs": 3,
                "failure_rate_for_FQNs": 0.42857142857142855,
                "model_confidence": 0.5379762053489685,
                "code_build": {
                    "build_result": {
                        "status": "failure",
                        "hallucinations_for_FQNs": "Need manual review",
                        "message": "Build failed. Full error log present.",
                        "full_error_log": "[INFO] Scanning for projects...\n[WARNING] \n[WARNING] Some problems were encountered while building the effective model for org.example:Wrapper:jar:1.0-SNAPSHOT\n[WARNING] 'build.plugins.plugin.version' for org.apache.maven.plugins:maven-compiler-plugin is missing. @ line 46, column 15\n[WARNING] \n[WARNING] It is highly recommended to fix these problems because they threaten the stability of your build.\n[WARNING] \n[WARNING] For this reason, future Maven versions might no longer support building such malformed projects.\n[WARNING] \n[INFO] \n[INFO] ------------------------< org.example:Wrapper >-------------------------\n[INFO] Building Wrapper 1.0-SNAPSHOT\n[INFO] --------------------------------[ jar ]---------------------------------\n[INFO] \n[INFO] --- maven-clean-plugin:2.5:clean (default-clean) @ Wrapper ---\n[INFO] Deleting /home/azmain/Code Recommendation/RAG/Projects/junit-4.2/TestFailure/sample_2/Wrapper/target\n[INFO] \n[INFO] --- maven-resources-plugin:2.6:resources (default-resources) @ Wrapper ---\n[INFO] Using 'UTF-8' encoding to copy filtered resources.\n[INFO] skip non existing resourceDirectory /home/azmain/Code Recommendation/RAG/Projects/junit-4.2/TestFailure/sample_2/Wrapper/src/main/resources\n[INFO] \n[INFO] --- maven-compiler-plugin:3.1:compile (default-compile) @ Wrapper ---\n[INFO] Changes detected - recompiling the module!\n[INFO] Compiling 1 source file to /home/azmain/Code Recommendation/RAG/Projects/junit-4.2/TestFailure/sample_2/Wrapper/target/classes\n[INFO] -------------------------------------------------------------\n[ERROR] COMPILATION ERROR : \n[INFO] -------------------------------------------------------------\n[ERROR] /home/azmain/Code Recommendation/RAG/Projects/junit-4.2/TestFailure/sample_2/Wrapper/src/main/java/org/example/Main.java:[3,28] package org.assertj.core.api does not exist\n[ERROR] /home/azmain/Code Recommendation/RAG/Projects/junit-4.2/TestFailure/sample_2/Wrapper/src/main/java/org/example/Main.java:[4,20] package org.hamcrest does not exist\n[ERROR] /home/azmain/Code Recommendation/RAG/Projects/junit-4.2/TestFailure/sample_2/Wrapper/src/main/java/org/example/Main.java:[5,17] package org.junit does not exist\n[ERROR] /home/azmain/Code Recommendation/RAG/Projects/junit-4.2/TestFailure/sample_2/Wrapper/src/main/java/org/example/Main.java:[6,38] package org.junit.experimental.results does not exist\n[ERROR] /home/azmain/Code Recommendation/RAG/Projects/junit-4.2/TestFailure/sample_2/Wrapper/src/main/java/org/example/Main.java:[7,24] package org.junit.runner does not exist\n[ERROR] /home/azmain/Code Recommendation/RAG/Projects/junit-4.2/TestFailure/sample_2/Wrapper/src/main/java/org/example/Main.java:[8,25] package org.junit.runners does not exist\n[ERROR] /home/azmain/Code Recommendation/RAG/Projects/junit-4.2/TestFailure/sample_2/Wrapper/src/main/java/org/example/Main.java:[9,17] package org.junit does not exist\n[ERROR] /home/azmain/Code Recommendation/RAG/Projects/junit-4.2/TestFailure/sample_2/Wrapper/src/main/java/org/example/Main.java:[13,6] cannot find symbol\n  symbol:   class Test\n  location: class org.example.Main\n[ERROR] /home/azmain/Code Recommendation/RAG/Projects/junit-4.2/TestFailure/sample_2/Wrapper/src/main/java/org/example/Main.java:[15,9] cannot find symbol\n  symbol:   variable Assertions\n  location: class org.example.Main\n[ERROR] /home/azmain/Code Recommendation/RAG/Projects/junit-4.2/TestFailure/sample_2/Wrapper/src/main/java/org/example/Main.java:[16,9] cannot find symbol\n  symbol:   variable Assertions\n  location: class org.example.Main\n[ERROR] /home/azmain/Code Recommendation/RAG/Projects/junit-4.2/TestFailure/sample_2/Wrapper/src/main/java/org/example/Main.java:[19,9] cannot find symbol\n  symbol:   variable Assertions\n  location: class org.example.Main\n[INFO] 11 errors \n[INFO] -------------------------------------------------------------\n[INFO] ------------------------------------------------------------------------\n[INFO] BUILD FAILURE\n[INFO] ------------------------------------------------------------------------\n[INFO] Total time:  0.895 s\n[INFO] Finished at: 2024-04-16T19:37:06-05:00\n[INFO] ------------------------------------------------------------------------\n[ERROR] Failed to execute goal org.apache.maven.plugins:maven-compiler-plugin:3.1:compile (default-compile) on project Wrapper: Compilation failure: Compilation failure: \n[ERROR] /home/azmain/Code Recommendation/RAG/Projects/junit-4.2/TestFailure/sample_2/Wrapper/src/main/java/org/example/Main.java:[3,28] package org.assertj.core.api does not exist\n[ERROR] /home/azmain/Code Recommendation/RAG/Projects/junit-4.2/TestFailure/sample_2/Wrapper/src/main/java/org/example/Main.java:[4,20] package org.hamcrest does not exist\n[ERROR] /home/azmain/Code Recommendation/RAG/Projects/junit-4.2/TestFailure/sample_2/Wrapper/src/main/java/org/example/Main.java:[5,17] package org.junit does not exist\n[ERROR] /home/azmain/Code Recommendation/RAG/Projects/junit-4.2/TestFailure/sample_2/Wrapper/src/main/java/org/example/Main.java:[6,38] package org.junit.experimental.results does not exist\n[ERROR] /home/azmain/Code Recommendation/RAG/Projects/junit-4.2/TestFailure/sample_2/Wrapper/src/main/java/org/example/Main.java:[7,24] package org.junit.runner does not exist\n[ERROR] /home/azmain/Code Recommendation/RAG/Projects/junit-4.2/TestFailure/sample_2/Wrapper/src/main/java/org/example/Main.java:[8,25] package org.junit.runners does not exist\n[ERROR] /home/azmain/Code Recommendation/RAG/Projects/junit-4.2/TestFailure/sample_2/Wrapper/src/main/java/org/example/Main.java:[9,17] package org.junit does not exist\n[ERROR] /home/azmain/Code Recommendation/RAG/Projects/junit-4.2/TestFailure/sample_2/Wrapper/src/main/java/org/example/Main.java:[13,6] cannot find symbol\n[ERROR]   symbol:   class Test\n[ERROR]   location: class org.example.Main\n[ERROR] /home/azmain/Code Recommendation/RAG/Projects/junit-4.2/TestFailure/sample_2/Wrapper/src/main/java/org/example/Main.java:[15,9] cannot find symbol\n[ERROR]   symbol:   variable Assertions\n[ERROR]   location: class org.example.Main\n[ERROR] /home/azmain/Code Recommendation/RAG/Projects/junit-4.2/TestFailure/sample_2/Wrapper/src/main/java/org/example/Main.java:[16,9] cannot find symbol\n[ERROR]   symbol:   variable Assertions\n[ERROR]   location: class org.example.Main\n[ERROR] /home/azmain/Code Recommendation/RAG/Projects/junit-4.2/TestFailure/sample_2/Wrapper/src/main/java/org/example/Main.java:[19,9] cannot find symbol\n[ERROR]   symbol:   variable Assertions\n[ERROR]   location: class org.example.Main\n[ERROR] -> [Help 1]\n[ERROR] \n[ERROR] To see the full stack trace of the errors, re-run Maven with the -e switch.\n[ERROR] Re-run Maven using the -X switch to enable full debug logging.\n[ERROR] \n[ERROR] For more information about the errors and possible solutions, please read the following articles:\n[ERROR] [Help 1] http://cwiki.apache.org/confluence/display/MAVEN/MojoFailureException\n",
                        "error_list": [
                            {
                                "file": "/home/azmain/Code Recommendation/RAG/Projects/junit-4.2/TestFailure/sample_2/Wrapper/src/main/java/org/example/Main.java",
                                "line": 5,
                                "column": 17,
                                "message": "package org.junit does not exist"
                            },
                            {
                                "file": "/home/azmain/Code Recommendation/RAG/Projects/junit-4.2/TestFailure/sample_2/Wrapper/src/main/java/org/example/Main.java",
                                "line": 13,
                                "column": 6,
                                "message": "cannot find symbol"
                            },
                            {
                                "file": "/home/azmain/Code Recommendation/RAG/Projects/junit-4.2/TestFailure/sample_2/Wrapper/src/main/java/org/example/Main.java",
                                "line": 7,
                                "column": 24,
                                "message": "package org.junit.runner does not exist"
                            },
                            {
                                "file": "/home/azmain/Code Recommendation/RAG/Projects/junit-4.2/TestFailure/sample_2/Wrapper/src/main/java/org/example/Main.java",
                                "line": 6,
                                "column": 38,
                                "message": "package org.junit.experimental.results does not exist"
                            },
                            {
                                "file": "/home/azmain/Code Recommendation/RAG/Projects/junit-4.2/TestFailure/sample_2/Wrapper/src/main/java/org/example/Main.java",
                                "line": 3,
                                "column": 28,
                                "message": "package org.assertj.core.api does not exist"
                            },
                            {
                                "file": "/home/azmain/Code Recommendation/RAG/Projects/junit-4.2/TestFailure/sample_2/Wrapper/src/main/java/org/example/Main.java",
                                "line": 9,
                                "column": 17,
                                "message": "package org.junit does not exist"
                            },
                            {
                                "file": "/home/azmain/Code Recommendation/RAG/Projects/junit-4.2/TestFailure/sample_2/Wrapper/src/main/java/org/example/Main.java",
                                "line": 16,
                                "column": 9,
                                "message": "cannot find symbol"
                            },
                            {
                                "file": "/home/azmain/Code Recommendation/RAG/Projects/junit-4.2/TestFailure/sample_2/Wrapper/src/main/java/org/example/Main.java",
                                "line": 15,
                                "column": 9,
                                "message": "cannot find symbol"
                            },
                            {
                                "file": "/home/azmain/Code Recommendation/RAG/Projects/junit-4.2/TestFailure/sample_2/Wrapper/src/main/java/org/example/Main.java",
                                "line": 8,
                                "column": 25,
                                "message": "package org.junit.runners does not exist"
                            },
                            {
                                "file": "/home/azmain/Code Recommendation/RAG/Projects/junit-4.2/TestFailure/sample_2/Wrapper/src/main/java/org/example/Main.java",
                                "line": 19,
                                "column": 9,
                                "message": "cannot find symbol"
                            },
                            {
                                "file": "/home/azmain/Code Recommendation/RAG/Projects/junit-4.2/TestFailure/sample_2/Wrapper/src/main/java/org/example/Main.java",
                                "line": 4,
                                "column": 20,
                                "message": "package org.hamcrest does not exist"
                            }
                        ]
                    }
                }
            },
            "sample_3": {
                "full_response": "You are an exceptionally intelligent coding assistant that consistently delivers accurate and reliable responses to user instructions.\n\n@@ Instruction\nGive me a complete, correct and compilable Java code. This code must use \"TestFailure\" API from \"junit-4.2\" project along with other necessary APIs. The dependency is already added for \"junit-4.2\" project. So, if you need to use other APIs, then do not use APIs whose import statements require adding new dependencies. The name of the class that has the main method should be Main.\n\n@@ Response\nIn order to test our program we use a testing framework called JUnit. Here we have a Main class and want to test the functionality of this class.\n\nIn the following code we import the necessary JUnit classes and we also import Java's Time package to provide an easy way to measure time.\n\n```java\nimport org.junit.Test;\nimport org.junit.runner.RunWith;\nimport org.junit.runners.Suite;\nimport org.junit.runners.Suite.SuiteClasses;\n\nimport java.time.Duration;\nimport java.time.Instant;\n\n// We need to add these imports if we want to use another library in our class\n// import java.util.*;\n\npublic class Main {\n    public static void main(String[] args) {\n        System.out.println(\"This is the Main class.\");\n    }\n\n    public void doSomething() {\n        // Code here\n    }\n}\n\n@RunWith(Suite.class)\n@SuiteClasses({\n    MainTest.class\n})\npublic class TestSuite {\n}\n\npublic class MainTest {\n    @Test\n    public void testDoSomething() {\n        Main main = new Main();\n        Instant start = Instant.now();\n\n        main.doSomething();\n\n        Instant finish = Instant.now();\n        long timeElapsed = Duration.between(start, finish).toMillis();\n\n        // This test is expected to be much faster than a second, even if the method under test actually takes a second to complete.\n        // The time difference should only be a couple of hundredths of a second, or in some cases, much less than that.\n        // The failure will be due to assertion, not due to the execution time.\n        org.junit.Assert.assertTrue(timeElapsed < 1000);\n    }\n}\n```\n\nPlease replace the content in Main class and MainTest class with actual testing for your own program. The idea here is to have our testing framework ready to test our code and to check the performance or any other aspect we want to measure using JUnit. In our example, the `Main` class does not contain any code and serves just to be the target of testing by JUnit. The test method `testDoSomething()` contains a simple assertion that measures the execution time of the method under test. This is for the sake of the example and not a real-world scenario.",
                "extracted_java_code_from_prediction": "import org.junit.Test;\nimport org.junit.runner.RunWith;\nimport org.junit.runners.Suite;\nimport org.junit.runners.Suite.SuiteClasses;\n\nimport java.time.Duration;\nimport java.time.Instant;\n\n// We need to add these imports if we want to use another library in our class\n// import java.util.*;\n\npublic class Main {\n    public static void main(String[] args) {\n        System.out.println(\"This is the Main class.\");\n    }\n\n    public void doSomething() {\n        // Code here\n    }\n}\n\n@RunWith(Suite.class)\n@SuiteClasses({\n    MainTest.class\n})\npublic class TestSuite {\n}\n\npublic class MainTest {\n    @Test\n    public void testDoSomething() {\n        Main main = new Main();\n        Instant start = Instant.now();\n\n        main.doSomething();\n\n        Instant finish = Instant.now();\n        long timeElapsed = Duration.between(start, finish).toMillis();\n\n        // This test is expected to be much faster than a second, even if the method under test actually takes a second to complete.\n        // The time difference should only be a couple of hundredths of a second, or in some cases, much less than that.\n        // The failure will be due to assertion, not due to the execution time.\n        org.junit.Assert.assertTrue(timeElapsed < 1000);\n    }\n}",
                "extracted_FQNs_from_prediction": [
                    "org.junit.Test",
                    "org.junit.runner.RunWith",
                    "org.junit.runners.Suite",
                    "org.junit.runners.Suite.SuiteClasses",
                    "java.time.Duration",
                    "java.time.Instant",
                    "java.util.*"
                ],
                "correct_FQN_predictions": [
                    "org.junit.Test",
                    "org.junit.runner.RunWith",
                    "org.junit.runners.Suite"
                ],
                "wrong_FQN_predictions": [
                    "org.junit.runners.Suite.SuiteClasses",
                    "java.time.Duration",
                    "java.time.Instant",
                    "java.util.*"
                ],
                "number_of_correct_FQNs": 3,
                "number_of_wrong_FQNs": 4,
                "failure_rate_for_FQNs": 0.5714285714285714,
                "model_confidence": 0.5688353180885315,
                "code_build": {
                    "build_result": {
                        "status": "failure",
                        "hallucinations_for_FQNs": "Need manual review",
                        "message": "Build failed. Full error log present.",
                        "full_error_log": "[INFO] Scanning for projects...\n[WARNING] \n[WARNING] Some problems were encountered while building the effective model for org.example:Wrapper:jar:1.0-SNAPSHOT\n[WARNING] 'build.plugins.plugin.version' for org.apache.maven.plugins:maven-compiler-plugin is missing. @ line 46, column 15\n[WARNING] \n[WARNING] It is highly recommended to fix these problems because they threaten the stability of your build.\n[WARNING] \n[WARNING] For this reason, future Maven versions might no longer support building such malformed projects.\n[WARNING] \n[INFO] \n[INFO] ------------------------< org.example:Wrapper >-------------------------\n[INFO] Building Wrapper 1.0-SNAPSHOT\n[INFO] --------------------------------[ jar ]---------------------------------\n[INFO] \n[INFO] --- maven-clean-plugin:2.5:clean (default-clean) @ Wrapper ---\n[INFO] Deleting /home/azmain/Code Recommendation/RAG/Projects/junit-4.2/TestFailure/sample_3/Wrapper/target\n[INFO] \n[INFO] --- maven-resources-plugin:2.6:resources (default-resources) @ Wrapper ---\n[INFO] Using 'UTF-8' encoding to copy filtered resources.\n[INFO] skip non existing resourceDirectory /home/azmain/Code Recommendation/RAG/Projects/junit-4.2/TestFailure/sample_3/Wrapper/src/main/resources\n[INFO] \n[INFO] --- maven-compiler-plugin:3.1:compile (default-compile) @ Wrapper ---\n[INFO] Changes detected - recompiling the module!\n[INFO] Compiling 3 source files to /home/azmain/Code Recommendation/RAG/Projects/junit-4.2/TestFailure/sample_3/Wrapper/target/classes\n[INFO] -------------------------------------------------------------\n[ERROR] COMPILATION ERROR : \n[INFO] -------------------------------------------------------------\n[ERROR] /home/azmain/Code Recommendation/RAG/Projects/junit-4.2/TestFailure/sample_3/Wrapper/src/main/java/org/example/MainTest.java:[3,17] package org.junit does not exist\n[ERROR] /home/azmain/Code Recommendation/RAG/Projects/junit-4.2/TestFailure/sample_3/Wrapper/src/main/java/org/example/MainTest.java:[4,24] package org.junit.runner does not exist\n[ERROR] /home/azmain/Code Recommendation/RAG/Projects/junit-4.2/TestFailure/sample_3/Wrapper/src/main/java/org/example/MainTest.java:[5,25] package org.junit.runners does not exist\n[ERROR] /home/azmain/Code Recommendation/RAG/Projects/junit-4.2/TestFailure/sample_3/Wrapper/src/main/java/org/example/MainTest.java:[6,31] package org.junit.runners.Suite does not exist\n[ERROR] /home/azmain/Code Recommendation/RAG/Projects/junit-4.2/TestFailure/sample_3/Wrapper/src/main/java/org/example/TestSuite.java:[3,17] package org.junit does not exist\n[ERROR] /home/azmain/Code Recommendation/RAG/Projects/junit-4.2/TestFailure/sample_3/Wrapper/src/main/java/org/example/TestSuite.java:[4,24] package org.junit.runner does not exist\n[ERROR] /home/azmain/Code Recommendation/RAG/Projects/junit-4.2/TestFailure/sample_3/Wrapper/src/main/java/org/example/TestSuite.java:[5,25] package org.junit.runners does not exist\n[ERROR] /home/azmain/Code Recommendation/RAG/Projects/junit-4.2/TestFailure/sample_3/Wrapper/src/main/java/org/example/TestSuite.java:[6,31] package org.junit.runners.Suite does not exist\n[ERROR] /home/azmain/Code Recommendation/RAG/Projects/junit-4.2/TestFailure/sample_3/Wrapper/src/main/java/org/example/Main.java:[4,17] package org.junit does not exist\n[ERROR] /home/azmain/Code Recommendation/RAG/Projects/junit-4.2/TestFailure/sample_3/Wrapper/src/main/java/org/example/Main.java:[5,24] package org.junit.runner does not exist\n[ERROR] /home/azmain/Code Recommendation/RAG/Projects/junit-4.2/TestFailure/sample_3/Wrapper/src/main/java/org/example/Main.java:[6,25] package org.junit.runners does not exist\n[ERROR] /home/azmain/Code Recommendation/RAG/Projects/junit-4.2/TestFailure/sample_3/Wrapper/src/main/java/org/example/Main.java:[7,31] package org.junit.runners.Suite does not exist\n[ERROR] /home/azmain/Code Recommendation/RAG/Projects/junit-4.2/TestFailure/sample_3/Wrapper/src/main/java/org/example/MainTest.java:[12,6] cannot find symbol\n  symbol:   class Test\n  location: class org.example.MainTest\n[ERROR] /home/azmain/Code Recommendation/RAG/Projects/junit-4.2/TestFailure/sample_3/Wrapper/src/main/java/org/example/MainTest.java:[25,18] package org.junit does not exist\n[INFO] 14 errors \n[INFO] -------------------------------------------------------------\n[INFO] ------------------------------------------------------------------------\n[INFO] BUILD FAILURE\n[INFO] ------------------------------------------------------------------------\n[INFO] Total time:  0.856 s\n[INFO] Finished at: 2024-04-16T19:37:08-05:00\n[INFO] ------------------------------------------------------------------------\n[ERROR] Failed to execute goal org.apache.maven.plugins:maven-compiler-plugin:3.1:compile (default-compile) on project Wrapper: Compilation failure: Compilation failure: \n[ERROR] /home/azmain/Code Recommendation/RAG/Projects/junit-4.2/TestFailure/sample_3/Wrapper/src/main/java/org/example/MainTest.java:[3,17] package org.junit does not exist\n[ERROR] /home/azmain/Code Recommendation/RAG/Projects/junit-4.2/TestFailure/sample_3/Wrapper/src/main/java/org/example/MainTest.java:[4,24] package org.junit.runner does not exist\n[ERROR] /home/azmain/Code Recommendation/RAG/Projects/junit-4.2/TestFailure/sample_3/Wrapper/src/main/java/org/example/MainTest.java:[5,25] package org.junit.runners does not exist\n[ERROR] /home/azmain/Code Recommendation/RAG/Projects/junit-4.2/TestFailure/sample_3/Wrapper/src/main/java/org/example/MainTest.java:[6,31] package org.junit.runners.Suite does not exist\n[ERROR] /home/azmain/Code Recommendation/RAG/Projects/junit-4.2/TestFailure/sample_3/Wrapper/src/main/java/org/example/TestSuite.java:[3,17] package org.junit does not exist\n[ERROR] /home/azmain/Code Recommendation/RAG/Projects/junit-4.2/TestFailure/sample_3/Wrapper/src/main/java/org/example/TestSuite.java:[4,24] package org.junit.runner does not exist\n[ERROR] /home/azmain/Code Recommendation/RAG/Projects/junit-4.2/TestFailure/sample_3/Wrapper/src/main/java/org/example/TestSuite.java:[5,25] package org.junit.runners does not exist\n[ERROR] /home/azmain/Code Recommendation/RAG/Projects/junit-4.2/TestFailure/sample_3/Wrapper/src/main/java/org/example/TestSuite.java:[6,31] package org.junit.runners.Suite does not exist\n[ERROR] /home/azmain/Code Recommendation/RAG/Projects/junit-4.2/TestFailure/sample_3/Wrapper/src/main/java/org/example/Main.java:[4,17] package org.junit does not exist\n[ERROR] /home/azmain/Code Recommendation/RAG/Projects/junit-4.2/TestFailure/sample_3/Wrapper/src/main/java/org/example/Main.java:[5,24] package org.junit.runner does not exist\n[ERROR] /home/azmain/Code Recommendation/RAG/Projects/junit-4.2/TestFailure/sample_3/Wrapper/src/main/java/org/example/Main.java:[6,25] package org.junit.runners does not exist\n[ERROR] /home/azmain/Code Recommendation/RAG/Projects/junit-4.2/TestFailure/sample_3/Wrapper/src/main/java/org/example/Main.java:[7,31] package org.junit.runners.Suite does not exist\n[ERROR] /home/azmain/Code Recommendation/RAG/Projects/junit-4.2/TestFailure/sample_3/Wrapper/src/main/java/org/example/MainTest.java:[12,6] cannot find symbol\n[ERROR]   symbol:   class Test\n[ERROR]   location: class org.example.MainTest\n[ERROR] /home/azmain/Code Recommendation/RAG/Projects/junit-4.2/TestFailure/sample_3/Wrapper/src/main/java/org/example/MainTest.java:[25,18] package org.junit does not exist\n[ERROR] -> [Help 1]\n[ERROR] \n[ERROR] To see the full stack trace of the errors, re-run Maven with the -e switch.\n[ERROR] Re-run Maven using the -X switch to enable full debug logging.\n[ERROR] \n[ERROR] For more information about the errors and possible solutions, please read the following articles:\n[ERROR] [Help 1] http://cwiki.apache.org/confluence/display/MAVEN/MojoFailureException\n",
                        "error_list": [
                            {
                                "file": "/home/azmain/Code Recommendation/RAG/Projects/junit-4.2/TestFailure/sample_3/Wrapper/src/main/java/org/example/TestSuite.java",
                                "line": 3,
                                "column": 17,
                                "message": "package org.junit does not exist"
                            },
                            {
                                "file": "/home/azmain/Code Recommendation/RAG/Projects/junit-4.2/TestFailure/sample_3/Wrapper/src/main/java/org/example/Main.java",
                                "line": 6,
                                "column": 25,
                                "message": "package org.junit.runners does not exist"
                            },
                            {
                                "file": "/home/azmain/Code Recommendation/RAG/Projects/junit-4.2/TestFailure/sample_3/Wrapper/src/main/java/org/example/Main.java",
                                "line": 7,
                                "column": 31,
                                "message": "package org.junit.runners.Suite does not exist"
                            },
                            {
                                "file": "/home/azmain/Code Recommendation/RAG/Projects/junit-4.2/TestFailure/sample_3/Wrapper/src/main/java/org/example/TestSuite.java",
                                "line": 4,
                                "column": 24,
                                "message": "package org.junit.runner does not exist"
                            },
                            {
                                "file": "/home/azmain/Code Recommendation/RAG/Projects/junit-4.2/TestFailure/sample_3/Wrapper/src/main/java/org/example/Main.java",
                                "line": 4,
                                "column": 17,
                                "message": "package org.junit does not exist"
                            },
                            {
                                "file": "/home/azmain/Code Recommendation/RAG/Projects/junit-4.2/TestFailure/sample_3/Wrapper/src/main/java/org/example/MainTest.java",
                                "line": 4,
                                "column": 24,
                                "message": "package org.junit.runner does not exist"
                            },
                            {
                                "file": "/home/azmain/Code Recommendation/RAG/Projects/junit-4.2/TestFailure/sample_3/Wrapper/src/main/java/org/example/TestSuite.java",
                                "line": 5,
                                "column": 25,
                                "message": "package org.junit.runners does not exist"
                            },
                            {
                                "file": "/home/azmain/Code Recommendation/RAG/Projects/junit-4.2/TestFailure/sample_3/Wrapper/src/main/java/org/example/MainTest.java",
                                "line": 25,
                                "column": 18,
                                "message": "package org.junit does not exist"
                            },
                            {
                                "file": "/home/azmain/Code Recommendation/RAG/Projects/junit-4.2/TestFailure/sample_3/Wrapper/src/main/java/org/example/TestSuite.java",
                                "line": 6,
                                "column": 31,
                                "message": "package org.junit.runners.Suite does not exist"
                            },
                            {
                                "file": "/home/azmain/Code Recommendation/RAG/Projects/junit-4.2/TestFailure/sample_3/Wrapper/src/main/java/org/example/Main.java",
                                "line": 5,
                                "column": 24,
                                "message": "package org.junit.runner does not exist"
                            },
                            {
                                "file": "/home/azmain/Code Recommendation/RAG/Projects/junit-4.2/TestFailure/sample_3/Wrapper/src/main/java/org/example/MainTest.java",
                                "line": 6,
                                "column": 31,
                                "message": "package org.junit.runners.Suite does not exist"
                            },
                            {
                                "file": "/home/azmain/Code Recommendation/RAG/Projects/junit-4.2/TestFailure/sample_3/Wrapper/src/main/java/org/example/MainTest.java",
                                "line": 3,
                                "column": 17,
                                "message": "package org.junit does not exist"
                            },
                            {
                                "file": "/home/azmain/Code Recommendation/RAG/Projects/junit-4.2/TestFailure/sample_3/Wrapper/src/main/java/org/example/MainTest.java",
                                "line": 12,
                                "column": 6,
                                "message": "cannot find symbol"
                            },
                            {
                                "file": "/home/azmain/Code Recommendation/RAG/Projects/junit-4.2/TestFailure/sample_3/Wrapper/src/main/java/org/example/MainTest.java",
                                "line": 5,
                                "column": 25,
                                "message": "package org.junit.runners does not exist"
                            }
                        ]
                    }
                }
            },
            "sample_4": {
                "full_response": "You are an exceptionally intelligent coding assistant that consistently delivers accurate and reliable responses to user instructions.\n\n@@ Instruction\nGive me a complete, correct and compilable Java code. This code must use \"TestFailure\" API from \"junit-4.2\" project along with other necessary APIs. The dependency is already added for \"junit-4.2\" project. So, if you need to use other APIs, then do not use APIs whose import statements require adding new dependencies. The name of the class that has the main method should be Main.\n\n@@ Response\nAs I couldn't tell which specific tasks you need help with, I will provide a basic code that should work. It's always a good idea to keep your code as small and simple as possible to minimize errors when debugging. Here's a simple example of a test failure using JUnit:\n\nAdd the necessary dependencies to your pom.xml:\n\n```xml\n<dependencies>\n  <dependency>\n    <groupId>junit</groupId>\n    <artifactId>junit</artifactId>\n    <version>4.2</version>\n    <scope>test</scope>\n  </dependency>\n</dependencies>\n```\n\nWrite a Java class that uses JUnit:\n\n```java\nimport org.junit.Assert;\nimport org.junit.Test;\nimport org.junit.runner.RunWith;\nimport org.junit.runners.JUnit4;\n\n@RunWith(JUnit4.class)\npublic class Main {\n\n  @Test\n  public void simpleTest() {\n    Assert.assertEquals(2, 1 + 1);\n  }\n\n  @Test\n  public void testFailure() {\n    Assert.assertEquals(3, 1 + 1);\n  }\n\n  public static void main(String[] args) {\n    System.out.println(\"This is the main method.\");\n  }\n}\n```\n\nIn this code, there are two tests. The first one checks that 1+1 equals 2, and it passes. The second one tries to verify that 1+1 equals 3, and it should fail. The main method is just a helper to run the JUnit test.\n\nRemember, to compile this code you have to do 'mvn compile' or just 'mvn' if you have a pom.xml file.\n\nRemember also, running the code from the command line will not run the tests. You have to specify the class and the test method like 'mvn -Dtest=Main#simpleTest test'.",
                "extracted_java_code_from_prediction": "import org.junit.Assert;\nimport org.junit.Test;\nimport org.junit.runner.RunWith;\nimport org.junit.runners.JUnit4;\n\n@RunWith(JUnit4.class)\npublic class Main {\n\n  @Test\n  public void simpleTest() {\n    Assert.assertEquals(2, 1 + 1);\n  }\n\n  @Test\n  public void testFailure() {\n    Assert.assertEquals(3, 1 + 1);\n  }\n\n  public static void main(String[] args) {\n    System.out.println(\"This is the main method.\");\n  }\n}",
                "extracted_FQNs_from_prediction": [
                    "org.junit.Assert",
                    "org.junit.Test",
                    "org.junit.runner.RunWith",
                    "org.junit.runners.JUnit4"
                ],
                "correct_FQN_predictions": [
                    "org.junit.Assert",
                    "org.junit.Test",
                    "org.junit.runner.RunWith",
                    "org.junit.runners.JUnit4"
                ],
                "wrong_FQN_predictions": [],
                "number_of_correct_FQNs": 4,
                "number_of_wrong_FQNs": 0,
                "failure_rate_for_FQNs": 0.0,
                "model_confidence": 0.5473273992538452,
                "code_build": {
                    "build_result": {
                        "status": "failure",
                        "hallucinations_for_FQNs": "Need manual review",
                        "message": "Build failed. Full error log present.",
                        "full_error_log": "[INFO] Scanning for projects...\n[WARNING] \n[WARNING] Some problems were encountered while building the effective model for org.example:Wrapper:jar:1.0-SNAPSHOT\n[WARNING] 'build.plugins.plugin.version' for org.apache.maven.plugins:maven-compiler-plugin is missing. @ line 46, column 15\n[WARNING] \n[WARNING] It is highly recommended to fix these problems because they threaten the stability of your build.\n[WARNING] \n[WARNING] For this reason, future Maven versions might no longer support building such malformed projects.\n[WARNING] \n[INFO] \n[INFO] ------------------------< org.example:Wrapper >-------------------------\n[INFO] Building Wrapper 1.0-SNAPSHOT\n[INFO] --------------------------------[ jar ]---------------------------------\n[INFO] \n[INFO] --- maven-clean-plugin:2.5:clean (default-clean) @ Wrapper ---\n[INFO] Deleting /home/azmain/Code Recommendation/RAG/Projects/junit-4.2/TestFailure/sample_4/Wrapper/target\n[INFO] \n[INFO] --- maven-resources-plugin:2.6:resources (default-resources) @ Wrapper ---\n[INFO] Using 'UTF-8' encoding to copy filtered resources.\n[INFO] skip non existing resourceDirectory /home/azmain/Code Recommendation/RAG/Projects/junit-4.2/TestFailure/sample_4/Wrapper/src/main/resources\n[INFO] \n[INFO] --- maven-compiler-plugin:3.1:compile (default-compile) @ Wrapper ---\n[INFO] Changes detected - recompiling the module!\n[INFO] Compiling 1 source file to /home/azmain/Code Recommendation/RAG/Projects/junit-4.2/TestFailure/sample_4/Wrapper/target/classes\n[INFO] -------------------------------------------------------------\n[ERROR] COMPILATION ERROR : \n[INFO] -------------------------------------------------------------\n[ERROR] /home/azmain/Code Recommendation/RAG/Projects/junit-4.2/TestFailure/sample_4/Wrapper/src/main/java/org/example/Main.java:[4,17] package org.junit does not exist\n[ERROR] /home/azmain/Code Recommendation/RAG/Projects/junit-4.2/TestFailure/sample_4/Wrapper/src/main/java/org/example/Main.java:[5,17] package org.junit does not exist\n[ERROR] /home/azmain/Code Recommendation/RAG/Projects/junit-4.2/TestFailure/sample_4/Wrapper/src/main/java/org/example/Main.java:[6,24] package org.junit.runner does not exist\n[ERROR] /home/azmain/Code Recommendation/RAG/Projects/junit-4.2/TestFailure/sample_4/Wrapper/src/main/java/org/example/Main.java:[7,25] package org.junit.runners does not exist\n[ERROR] /home/azmain/Code Recommendation/RAG/Projects/junit-4.2/TestFailure/sample_4/Wrapper/src/main/java/org/example/Main.java:[11,4] cannot find symbol\n  symbol:   class Test\n  location: class org.example.Main\n[ERROR] /home/azmain/Code Recommendation/RAG/Projects/junit-4.2/TestFailure/sample_4/Wrapper/src/main/java/org/example/Main.java:[16,4] cannot find symbol\n  symbol:   class Test\n  location: class org.example.Main\n[ERROR] /home/azmain/Code Recommendation/RAG/Projects/junit-4.2/TestFailure/sample_4/Wrapper/src/main/java/org/example/Main.java:[13,5] cannot find symbol\n  symbol:   variable Assert\n  location: class org.example.Main\n[ERROR] /home/azmain/Code Recommendation/RAG/Projects/junit-4.2/TestFailure/sample_4/Wrapper/src/main/java/org/example/Main.java:[18,5] cannot find symbol\n  symbol:   variable Assert\n  location: class org.example.Main\n[INFO] 8 errors \n[INFO] -------------------------------------------------------------\n[INFO] ------------------------------------------------------------------------\n[INFO] BUILD FAILURE\n[INFO] ------------------------------------------------------------------------\n[INFO] Total time:  0.780 s\n[INFO] Finished at: 2024-04-16T19:37:09-05:00\n[INFO] ------------------------------------------------------------------------\n[ERROR] Failed to execute goal org.apache.maven.plugins:maven-compiler-plugin:3.1:compile (default-compile) on project Wrapper: Compilation failure: Compilation failure: \n[ERROR] /home/azmain/Code Recommendation/RAG/Projects/junit-4.2/TestFailure/sample_4/Wrapper/src/main/java/org/example/Main.java:[4,17] package org.junit does not exist\n[ERROR] /home/azmain/Code Recommendation/RAG/Projects/junit-4.2/TestFailure/sample_4/Wrapper/src/main/java/org/example/Main.java:[5,17] package org.junit does not exist\n[ERROR] /home/azmain/Code Recommendation/RAG/Projects/junit-4.2/TestFailure/sample_4/Wrapper/src/main/java/org/example/Main.java:[6,24] package org.junit.runner does not exist\n[ERROR] /home/azmain/Code Recommendation/RAG/Projects/junit-4.2/TestFailure/sample_4/Wrapper/src/main/java/org/example/Main.java:[7,25] package org.junit.runners does not exist\n[ERROR] /home/azmain/Code Recommendation/RAG/Projects/junit-4.2/TestFailure/sample_4/Wrapper/src/main/java/org/example/Main.java:[11,4] cannot find symbol\n[ERROR]   symbol:   class Test\n[ERROR]   location: class org.example.Main\n[ERROR] /home/azmain/Code Recommendation/RAG/Projects/junit-4.2/TestFailure/sample_4/Wrapper/src/main/java/org/example/Main.java:[16,4] cannot find symbol\n[ERROR]   symbol:   class Test\n[ERROR]   location: class org.example.Main\n[ERROR] /home/azmain/Code Recommendation/RAG/Projects/junit-4.2/TestFailure/sample_4/Wrapper/src/main/java/org/example/Main.java:[13,5] cannot find symbol\n[ERROR]   symbol:   variable Assert\n[ERROR]   location: class org.example.Main\n[ERROR] /home/azmain/Code Recommendation/RAG/Projects/junit-4.2/TestFailure/sample_4/Wrapper/src/main/java/org/example/Main.java:[18,5] cannot find symbol\n[ERROR]   symbol:   variable Assert\n[ERROR]   location: class org.example.Main\n[ERROR] -> [Help 1]\n[ERROR] \n[ERROR] To see the full stack trace of the errors, re-run Maven with the -e switch.\n[ERROR] Re-run Maven using the -X switch to enable full debug logging.\n[ERROR] \n[ERROR] For more information about the errors and possible solutions, please read the following articles:\n[ERROR] [Help 1] http://cwiki.apache.org/confluence/display/MAVEN/MojoFailureException\n",
                        "error_list": [
                            {
                                "file": "/home/azmain/Code Recommendation/RAG/Projects/junit-4.2/TestFailure/sample_4/Wrapper/src/main/java/org/example/Main.java",
                                "line": 18,
                                "column": 5,
                                "message": "cannot find symbol"
                            },
                            {
                                "file": "/home/azmain/Code Recommendation/RAG/Projects/junit-4.2/TestFailure/sample_4/Wrapper/src/main/java/org/example/Main.java",
                                "line": 7,
                                "column": 25,
                                "message": "package org.junit.runners does not exist"
                            },
                            {
                                "file": "/home/azmain/Code Recommendation/RAG/Projects/junit-4.2/TestFailure/sample_4/Wrapper/src/main/java/org/example/Main.java",
                                "line": 4,
                                "column": 17,
                                "message": "package org.junit does not exist"
                            },
                            {
                                "file": "/home/azmain/Code Recommendation/RAG/Projects/junit-4.2/TestFailure/sample_4/Wrapper/src/main/java/org/example/Main.java",
                                "line": 16,
                                "column": 4,
                                "message": "cannot find symbol"
                            },
                            {
                                "file": "/home/azmain/Code Recommendation/RAG/Projects/junit-4.2/TestFailure/sample_4/Wrapper/src/main/java/org/example/Main.java",
                                "line": 11,
                                "column": 4,
                                "message": "cannot find symbol"
                            },
                            {
                                "file": "/home/azmain/Code Recommendation/RAG/Projects/junit-4.2/TestFailure/sample_4/Wrapper/src/main/java/org/example/Main.java",
                                "line": 6,
                                "column": 24,
                                "message": "package org.junit.runner does not exist"
                            },
                            {
                                "file": "/home/azmain/Code Recommendation/RAG/Projects/junit-4.2/TestFailure/sample_4/Wrapper/src/main/java/org/example/Main.java",
                                "line": 5,
                                "column": 17,
                                "message": "package org.junit does not exist"
                            },
                            {
                                "file": "/home/azmain/Code Recommendation/RAG/Projects/junit-4.2/TestFailure/sample_4/Wrapper/src/main/java/org/example/Main.java",
                                "line": 13,
                                "column": 5,
                                "message": "cannot find symbol"
                            }
                        ]
                    }
                }
            },
            "sample_5": {
                "full_response": "You are an exceptionally intelligent coding assistant that consistently delivers accurate and reliable responses to user instructions.\n\n@@ Instruction\nGive me a complete, correct and compilable Java code. This code must use \"TestFailure\" API from \"junit-4.2\" project along with other necessary APIs. The dependency is already added for \"junit-4.2\" project. So, if you need to use other APIs, then do not use APIs whose import statements require adding new dependencies. The name of the class that has the main method should be Main.\n\n@@ Response\nHere is the complete, correct and compilable Java code which uses \"TestFailure\" API from \"junit-4.2\" project:\n\n```java\nimport static org.junit.Assert.fail;\nimport org.junit.Test;\n\npublic class Main {\n\n  @Test\n  public void testFailure() {\n    String exception = null;\n    try {\n      // Put some code here to cause a test failure\n      fail();\n    } catch (Exception e) {\n      exception = e.getClass().getName();\n   }",
                "extracted_java_code_from_prediction": "import static org.junit.Assert.fail;\nimport org.junit.Test;\n\npublic class Main {\n\n  @Test\n  public void testFailure() {\n    String exception = null;\n    try {\n      // Put some code here to cause a test failure\n      fail();\n    } catch (Exception e) {\n      exception = e.getClass().getName();\n   }",
                "extracted_FQNs_from_prediction": [
                    "static org.junit.Assert.fail",
                    "org.junit.Test"
                ],
                "correct_FQN_predictions": [
                    "org.junit.Test"
                ],
                "wrong_FQN_predictions": [
                    "static org.junit.Assert.fail"
                ],
                "number_of_correct_FQNs": 1,
                "number_of_wrong_FQNs": 1,
                "failure_rate_for_FQNs": 0.5,
                "model_confidence": 0.4072970747947693,
                "code_build": {
                    "build_result": {
                        "status": "failure",
                        "message": "No valid Java code found from the model's output.",
                        "hallucinations_for_FQNs": true
                    }
                }
            }
        },
        "TestSuite": {
            "prompt": "Give me a complete, correct and compilable Java code. This code must use \"TestSuite\" API from \"junit-4.2\" project along with other necessary APIs. The dependency is already added for \"junit-4.2\" project. So, if you need to use other APIs, then do not use APIs whose import statements require adding new dependencies. The name of the class that has the main method should be Main.",
            "sample_1": {
                "full_response": "You are an exceptionally intelligent coding assistant that consistently delivers accurate and reliable responses to user instructions.\n\n@@ Instruction\nGive me a complete, correct and compilable Java code. This code must use \"TestSuite\" API from \"junit-4.2\" project along with other necessary APIs. The dependency is already added for \"junit-4.2\" project. So, if you need to use other APIs, then do not use APIs whose import statements require adding new dependencies. The name of the class that has the main method should be Main.\n\n@@ Response\nHere's a skeleton example of the main class:\n\n```java\nimport org.junit.runner.RunWith;\nimport org.junit.runners.Suite;\n\n// Add other classes to run as test cases in a suite here\n@RunWith(Suite.class)\n@Suite.SuiteClasses({\n    TestClass1.class,\n    TestClass2.class\n})\npublic class Main {\n    // This is intentionally left blank - see comments\n}\n```\n\nIn this example, `TestClass1` and `TestClass2` would be classes which contain test methods annotated with `@Test` from JUnit's `org.junit` package.\n\nMake sure that `TestClass1` and `TestClass2` are in the same compilation unit as `Main` or compiled separately and their classespath entry is included in `classpath`.\n\nAdd these classes inside `@Suite.SuiteClasses` based on the test cases you want to run.\n\nIn order to use the `TestSuite` API, it is a part of JUnit and is available by default in all JUnit test cases. Here is a simple example:\n\n```java\nimport org.junit.*;\nimport org.junit.runner.RunWith;\nimport org.junit.runners.Suite;\n\n@RunWith(Suite.class)\n@Suite.SuiteClasses({\n    TestCase1.class,\n    TestCase2.class\n})\npublic class TestSuite {\n    // this class remains empty\n}\n```\n\nIn the above, `TestCase1` and `TestCase2` are classes containing test methods annotated with `@Test`.\n\nTo run the tests, you can use JUnit\u2019s TextRunner:\n\n```java\nimport org.junit.runner.JUnitCore;\nimport org.junit.runner.Result;\nimport org.junit.runner.notification.Failure;\n\npublic class MainTestSuite {\n    public static void main(String[] args) {\n        Result result = JUnitCore.runClasses(TestSuite.class);\n        for (Failure failure : result.getFailures()) {\n            System.out.println(failure.toString());\n        }\n        System.out.println(result.wasSuccessful());\n    }\n}\n```\n\nThis will run all classes annotated with `@Test` within the `TestSuite` class. Any failures or errors will be printed to the console, and the method will return true if all tests passed and false otherwise.\n\nRemember to have JUnit in your classpath and correctly compiled before you execute it. This is JUnit's `JUnitCore` class that runs the test suite:",
                "extracted_java_code_from_prediction": "import org.junit.runner.RunWith;\nimport org.junit.runners.Suite;\n\n// Add other classes to run as test cases in a suite here\n@RunWith(Suite.class)\n@Suite.SuiteClasses({\n    TestClass1.class,\n    TestClass2.class\n})\npublic class Main {\n    // This is intentionally left blank - see comments\n}",
                "extracted_FQNs_from_prediction": [
                    "org.junit.runner.RunWith",
                    "org.junit.runners.Suite"
                ],
                "correct_FQN_predictions": [
                    "org.junit.runner.RunWith",
                    "org.junit.runners.Suite"
                ],
                "wrong_FQN_predictions": [],
                "number_of_correct_FQNs": 2,
                "number_of_wrong_FQNs": 0,
                "failure_rate_for_FQNs": 0.0,
                "model_confidence": 0.6682162880897522,
                "code_build": {
                    "build_result": {
                        "status": "failure",
                        "hallucinations_for_FQNs": "Need manual review",
                        "message": "Build failed. Full error log present.",
                        "full_error_log": "[INFO] Scanning for projects...\n[WARNING] \n[WARNING] Some problems were encountered while building the effective model for org.example:Wrapper:jar:1.0-SNAPSHOT\n[WARNING] 'build.plugins.plugin.version' for org.apache.maven.plugins:maven-compiler-plugin is missing. @ line 46, column 15\n[WARNING] \n[WARNING] It is highly recommended to fix these problems because they threaten the stability of your build.\n[WARNING] \n[WARNING] For this reason, future Maven versions might no longer support building such malformed projects.\n[WARNING] \n[INFO] \n[INFO] ------------------------< org.example:Wrapper >-------------------------\n[INFO] Building Wrapper 1.0-SNAPSHOT\n[INFO] --------------------------------[ jar ]---------------------------------\n[INFO] \n[INFO] --- maven-clean-plugin:2.5:clean (default-clean) @ Wrapper ---\n[INFO] Deleting /home/azmain/Code Recommendation/RAG/Projects/junit-4.2/TestSuite/sample_1/Wrapper/target\n[INFO] \n[INFO] --- maven-resources-plugin:2.6:resources (default-resources) @ Wrapper ---\n[INFO] Using 'UTF-8' encoding to copy filtered resources.\n[INFO] skip non existing resourceDirectory /home/azmain/Code Recommendation/RAG/Projects/junit-4.2/TestSuite/sample_1/Wrapper/src/main/resources\n[INFO] \n[INFO] --- maven-compiler-plugin:3.1:compile (default-compile) @ Wrapper ---\n[INFO] Changes detected - recompiling the module!\n[INFO] Compiling 1 source file to /home/azmain/Code Recommendation/RAG/Projects/junit-4.2/TestSuite/sample_1/Wrapper/target/classes\n[INFO] -------------------------------------------------------------\n[ERROR] COMPILATION ERROR : \n[INFO] -------------------------------------------------------------\n[ERROR] /home/azmain/Code Recommendation/RAG/Projects/junit-4.2/TestSuite/sample_1/Wrapper/src/main/java/org/example/Main.java:[3,24] package org.junit.runner does not exist\n[ERROR] /home/azmain/Code Recommendation/RAG/Projects/junit-4.2/TestSuite/sample_1/Wrapper/src/main/java/org/example/Main.java:[4,25] package org.junit.runners does not exist\n[INFO] 2 errors \n[INFO] -------------------------------------------------------------\n[INFO] ------------------------------------------------------------------------\n[INFO] BUILD FAILURE\n[INFO] ------------------------------------------------------------------------\n[INFO] Total time:  0.799 s\n[INFO] Finished at: 2024-04-16T19:37:42-05:00\n[INFO] ------------------------------------------------------------------------\n[ERROR] Failed to execute goal org.apache.maven.plugins:maven-compiler-plugin:3.1:compile (default-compile) on project Wrapper: Compilation failure: Compilation failure: \n[ERROR] /home/azmain/Code Recommendation/RAG/Projects/junit-4.2/TestSuite/sample_1/Wrapper/src/main/java/org/example/Main.java:[3,24] package org.junit.runner does not exist\n[ERROR] /home/azmain/Code Recommendation/RAG/Projects/junit-4.2/TestSuite/sample_1/Wrapper/src/main/java/org/example/Main.java:[4,25] package org.junit.runners does not exist\n[ERROR] -> [Help 1]\n[ERROR] \n[ERROR] To see the full stack trace of the errors, re-run Maven with the -e switch.\n[ERROR] Re-run Maven using the -X switch to enable full debug logging.\n[ERROR] \n[ERROR] For more information about the errors and possible solutions, please read the following articles:\n[ERROR] [Help 1] http://cwiki.apache.org/confluence/display/MAVEN/MojoFailureException\n",
                        "error_list": [
                            {
                                "file": "/home/azmain/Code Recommendation/RAG/Projects/junit-4.2/TestSuite/sample_1/Wrapper/src/main/java/org/example/Main.java",
                                "line": 3,
                                "column": 24,
                                "message": "package org.junit.runner does not exist"
                            },
                            {
                                "file": "/home/azmain/Code Recommendation/RAG/Projects/junit-4.2/TestSuite/sample_1/Wrapper/src/main/java/org/example/Main.java",
                                "line": 4,
                                "column": 25,
                                "message": "package org.junit.runners does not exist"
                            }
                        ]
                    }
                }
            },
            "sample_2": {
                "full_response": "You are an exceptionally intelligent coding assistant that consistently delivers accurate and reliable responses to user instructions.\n\n@@ Instruction\nGive me a complete, correct and compilable Java code. This code must use \"TestSuite\" API from \"junit-4.2\" project along with other necessary APIs. The dependency is already added for \"junit-4.2\" project. So, if you need to use other APIs, then do not use APIs whose import statements require adding new dependencies. The name of the class that has the main method should be Main.\n\n@@ Response\nSince I can't import existing dependencies like Junit, I'll use Junit in code without any additional dependencies.\n\nHere's the complete, correct and compilable Java code to create a TestSuite using JUnit 4.2:\n\n```java\nimport org.junit.runner.RunWith;\nimport org.junit.runners.Suite;\nimport org.junit.runners.Suite.SuiteClasses;\n\n@RunWith(Suite.class)\n@SuiteClasses({\n  TestCase1.class, \n  TestCase2.class, \n  TestCase3.class\n})\n\npublic class TestSuiteClass { }\n\nclass TestCase1 {}\nclass TestCase2 {}\nclass TestCase3 {}\n```\nIn this example, we have three test cases classes (`TestCase1`, `TestCase2`, `TestCase3`) that we want to include in the suite and run together. We use JUnit's `Suite` runner and `SuiteClasses` annotation to specify the test cases to be included in the test suite.\n\nThis TestSuiteClass would contain all of the tests defined in the classes `TestCase1`, `TestCase2`, `TestCase3`.\n\nBefore running the tests from the TestSuiteClass, ensure that your Junit and JUnit-4.2 dependencies are properly added to your project.",
                "extracted_java_code_from_prediction": "import org.junit.runner.RunWith;\nimport org.junit.runners.Suite;\nimport org.junit.runners.Suite.SuiteClasses;\n\n@RunWith(Suite.class)\n@SuiteClasses({\n  TestCase1.class, \n  TestCase2.class, \n  TestCase3.class\n})\n\npublic class TestSuiteClass { }\n\nclass TestCase1 {}\nclass TestCase2 {}\nclass TestCase3 {}",
                "extracted_FQNs_from_prediction": [
                    "org.junit.runner.RunWith",
                    "org.junit.runners.Suite",
                    "org.junit.runners.Suite.SuiteClasses"
                ],
                "correct_FQN_predictions": [
                    "org.junit.runner.RunWith",
                    "org.junit.runners.Suite"
                ],
                "wrong_FQN_predictions": [
                    "org.junit.runners.Suite.SuiteClasses"
                ],
                "number_of_correct_FQNs": 2,
                "number_of_wrong_FQNs": 1,
                "failure_rate_for_FQNs": 0.3333333333333333,
                "model_confidence": 0.4796554744243622,
                "code_build": {
                    "build_result": {
                        "status": "failure",
                        "message": "No valid Java code found from the model's output.",
                        "hallucinations_for_FQNs": true
                    }
                }
            },
            "sample_3": {
                "full_response": "You are an exceptionally intelligent coding assistant that consistently delivers accurate and reliable responses to user instructions.\n\n@@ Instruction\nGive me a complete, correct and compilable Java code. This code must use \"TestSuite\" API from \"junit-4.2\" project along with other necessary APIs. The dependency is already added for \"junit-4.2\" project. So, if you need to use other APIs, then do not use APIs whose import statements require adding new dependencies. The name of the class that has the main method should be Main.\n\n@@ Response\nHere's a basic example of how you can use the TestSuite API in JUnit. \n\n```java\nimport junit.framework.Test;\nimport junit.framework.TestResult;\nimport junit.framework.TestSuite;\n\npublic class MyTests extends TestSuite {\n    \n    public static Test suite() {\n        TestSuite suite = new TestSuite();\n        suite.addTest(new JUnitTest1());\n        suite.addTest(new JUnitTest2());\n        return suite;\n    }\n\n    public static void main(String[] args) {\n        junit.textui.TestRunner.run(suite());\n    }\n}\n```\n\nPlease replace `JUnitTest1` and `JUnitTest2` with your own test classes. \n\nIn this example, `JUnitTest1` and `JUnitTest2` are just placeholder test classes. You would replace them with your own test classes.\n\nYou could add more test classes to the `suite()` function as needed.\n\nThis code is a basic example of how to create and use a TestSuite in JUnit. You would need to create your own classes to actually test anything useful, so the test classes here are placeholders.\n\nNote that this example won't run if you copy-paste it verbatim into your IDE, because JUnit's test runner is a separate tool and does not come with the JUnit libraries you might be using in your application. You would need to integrate JUnit and your application in such a way that they work together.\n\nIn a more realistic scenario, your \"TestSuite\" would have many test cases from different classes. However, it's good practice to keep the TestSuite clean and organized.",
                "extracted_java_code_from_prediction": "import junit.framework.Test;\nimport junit.framework.TestResult;\nimport junit.framework.TestSuite;\n\npublic class MyTests extends TestSuite {\n    \n    public static Test suite() {\n        TestSuite suite = new TestSuite();\n        suite.addTest(new JUnitTest1());\n        suite.addTest(new JUnitTest2());\n        return suite;\n    }\n\n    public static void main(String[] args) {\n        junit.textui.TestRunner.run(suite());\n    }\n}",
                "extracted_FQNs_from_prediction": [
                    "junit.framework.Test",
                    "junit.framework.TestResult",
                    "junit.framework.TestSuite"
                ],
                "correct_FQN_predictions": [
                    "junit.framework.Test",
                    "junit.framework.TestResult",
                    "junit.framework.TestSuite"
                ],
                "wrong_FQN_predictions": [],
                "number_of_correct_FQNs": 3,
                "number_of_wrong_FQNs": 0,
                "failure_rate_for_FQNs": 0.0,
                "model_confidence": 0.4924050271511078,
                "code_build": {
                    "build_result": {
                        "status": "failure",
                        "hallucinations_for_FQNs": "Need manual review",
                        "message": "Build failed. Full error log present.",
                        "full_error_log": "[INFO] Scanning for projects...\n[WARNING] \n[WARNING] Some problems were encountered while building the effective model for org.example:Wrapper:jar:1.0-SNAPSHOT\n[WARNING] 'build.plugins.plugin.version' for org.apache.maven.plugins:maven-compiler-plugin is missing. @ line 46, column 15\n[WARNING] \n[WARNING] It is highly recommended to fix these problems because they threaten the stability of your build.\n[WARNING] \n[WARNING] For this reason, future Maven versions might no longer support building such malformed projects.\n[WARNING] \n[INFO] \n[INFO] ------------------------< org.example:Wrapper >-------------------------\n[INFO] Building Wrapper 1.0-SNAPSHOT\n[INFO] --------------------------------[ jar ]---------------------------------\n[INFO] \n[INFO] --- maven-clean-plugin:2.5:clean (default-clean) @ Wrapper ---\n[INFO] Deleting /home/azmain/Code Recommendation/RAG/Projects/junit-4.2/TestSuite/sample_3/Wrapper/target\n[INFO] \n[INFO] --- maven-resources-plugin:2.6:resources (default-resources) @ Wrapper ---\n[INFO] Using 'UTF-8' encoding to copy filtered resources.\n[INFO] skip non existing resourceDirectory /home/azmain/Code Recommendation/RAG/Projects/junit-4.2/TestSuite/sample_3/Wrapper/src/main/resources\n[INFO] \n[INFO] --- maven-compiler-plugin:3.1:compile (default-compile) @ Wrapper ---\n[INFO] Changes detected - recompiling the module!\n[INFO] Compiling 1 source file to /home/azmain/Code Recommendation/RAG/Projects/junit-4.2/TestSuite/sample_3/Wrapper/target/classes\n[INFO] -------------------------------------------------------------\n[ERROR] COMPILATION ERROR : \n[INFO] -------------------------------------------------------------\n[ERROR] /home/azmain/Code Recommendation/RAG/Projects/junit-4.2/TestSuite/sample_3/Wrapper/src/main/java/org/example/Main.java:[8,8] class MyTests is public, should be declared in a file named MyTests.java\n[ERROR] /home/azmain/Code Recommendation/RAG/Projects/junit-4.2/TestSuite/sample_3/Wrapper/src/main/java/org/example/Main.java:[4,23] package junit.framework does not exist\n[ERROR] /home/azmain/Code Recommendation/RAG/Projects/junit-4.2/TestSuite/sample_3/Wrapper/src/main/java/org/example/Main.java:[5,23] package junit.framework does not exist\n[ERROR] /home/azmain/Code Recommendation/RAG/Projects/junit-4.2/TestSuite/sample_3/Wrapper/src/main/java/org/example/Main.java:[6,23] package junit.framework does not exist\n[ERROR] /home/azmain/Code Recommendation/RAG/Projects/junit-4.2/TestSuite/sample_3/Wrapper/src/main/java/org/example/Main.java:[8,30] cannot find symbol\n  symbol: class TestSuite\n[ERROR] /home/azmain/Code Recommendation/RAG/Projects/junit-4.2/TestSuite/sample_3/Wrapper/src/main/java/org/example/Main.java:[10,19] cannot find symbol\n  symbol:   class Test\n  location: class org.example.MyTests\n[ERROR] /home/azmain/Code Recommendation/RAG/Projects/junit-4.2/TestSuite/sample_3/Wrapper/src/main/java/org/example/Main.java:[11,9] cannot find symbol\n  symbol:   class TestSuite\n  location: class org.example.MyTests\n[ERROR] /home/azmain/Code Recommendation/RAG/Projects/junit-4.2/TestSuite/sample_3/Wrapper/src/main/java/org/example/Main.java:[11,31] cannot find symbol\n  symbol:   class TestSuite\n  location: class org.example.MyTests\n[ERROR] /home/azmain/Code Recommendation/RAG/Projects/junit-4.2/TestSuite/sample_3/Wrapper/src/main/java/org/example/Main.java:[12,27] cannot find symbol\n  symbol:   class JUnitTest1\n  location: class org.example.MyTests\n[ERROR] /home/azmain/Code Recommendation/RAG/Projects/junit-4.2/TestSuite/sample_3/Wrapper/src/main/java/org/example/Main.java:[13,27] cannot find symbol\n  symbol:   class JUnitTest2\n  location: class org.example.MyTests\n[ERROR] /home/azmain/Code Recommendation/RAG/Projects/junit-4.2/TestSuite/sample_3/Wrapper/src/main/java/org/example/Main.java:[18,21] package junit.textui does not exist\n[INFO] 11 errors \n[INFO] -------------------------------------------------------------\n[INFO] ------------------------------------------------------------------------\n[INFO] BUILD FAILURE\n[INFO] ------------------------------------------------------------------------\n[INFO] Total time:  0.794 s\n[INFO] Finished at: 2024-04-16T19:37:43-05:00\n[INFO] ------------------------------------------------------------------------\n[ERROR] Failed to execute goal org.apache.maven.plugins:maven-compiler-plugin:3.1:compile (default-compile) on project Wrapper: Compilation failure: Compilation failure: \n[ERROR] /home/azmain/Code Recommendation/RAG/Projects/junit-4.2/TestSuite/sample_3/Wrapper/src/main/java/org/example/Main.java:[8,8] class MyTests is public, should be declared in a file named MyTests.java\n[ERROR] /home/azmain/Code Recommendation/RAG/Projects/junit-4.2/TestSuite/sample_3/Wrapper/src/main/java/org/example/Main.java:[4,23] package junit.framework does not exist\n[ERROR] /home/azmain/Code Recommendation/RAG/Projects/junit-4.2/TestSuite/sample_3/Wrapper/src/main/java/org/example/Main.java:[5,23] package junit.framework does not exist\n[ERROR] /home/azmain/Code Recommendation/RAG/Projects/junit-4.2/TestSuite/sample_3/Wrapper/src/main/java/org/example/Main.java:[6,23] package junit.framework does not exist\n[ERROR] /home/azmain/Code Recommendation/RAG/Projects/junit-4.2/TestSuite/sample_3/Wrapper/src/main/java/org/example/Main.java:[8,30] cannot find symbol\n[ERROR]   symbol: class TestSuite\n[ERROR] /home/azmain/Code Recommendation/RAG/Projects/junit-4.2/TestSuite/sample_3/Wrapper/src/main/java/org/example/Main.java:[10,19] cannot find symbol\n[ERROR]   symbol:   class Test\n[ERROR]   location: class org.example.MyTests\n[ERROR] /home/azmain/Code Recommendation/RAG/Projects/junit-4.2/TestSuite/sample_3/Wrapper/src/main/java/org/example/Main.java:[11,9] cannot find symbol\n[ERROR]   symbol:   class TestSuite\n[ERROR]   location: class org.example.MyTests\n[ERROR] /home/azmain/Code Recommendation/RAG/Projects/junit-4.2/TestSuite/sample_3/Wrapper/src/main/java/org/example/Main.java:[11,31] cannot find symbol\n[ERROR]   symbol:   class TestSuite\n[ERROR]   location: class org.example.MyTests\n[ERROR] /home/azmain/Code Recommendation/RAG/Projects/junit-4.2/TestSuite/sample_3/Wrapper/src/main/java/org/example/Main.java:[12,27] cannot find symbol\n[ERROR]   symbol:   class JUnitTest1\n[ERROR]   location: class org.example.MyTests\n[ERROR] /home/azmain/Code Recommendation/RAG/Projects/junit-4.2/TestSuite/sample_3/Wrapper/src/main/java/org/example/Main.java:[13,27] cannot find symbol\n[ERROR]   symbol:   class JUnitTest2\n[ERROR]   location: class org.example.MyTests\n[ERROR] /home/azmain/Code Recommendation/RAG/Projects/junit-4.2/TestSuite/sample_3/Wrapper/src/main/java/org/example/Main.java:[18,21] package junit.textui does not exist\n[ERROR] -> [Help 1]\n[ERROR] \n[ERROR] To see the full stack trace of the errors, re-run Maven with the -e switch.\n[ERROR] Re-run Maven using the -X switch to enable full debug logging.\n[ERROR] \n[ERROR] For more information about the errors and possible solutions, please read the following articles:\n[ERROR] [Help 1] http://cwiki.apache.org/confluence/display/MAVEN/MojoFailureException\n",
                        "error_list": [
                            {
                                "file": "/home/azmain/Code Recommendation/RAG/Projects/junit-4.2/TestSuite/sample_3/Wrapper/src/main/java/org/example/Main.java",
                                "line": 18,
                                "column": 21,
                                "message": "package junit.textui does not exist"
                            },
                            {
                                "file": "/home/azmain/Code Recommendation/RAG/Projects/junit-4.2/TestSuite/sample_3/Wrapper/src/main/java/org/example/Main.java",
                                "line": 12,
                                "column": 27,
                                "message": "cannot find symbol"
                            },
                            {
                                "file": "/home/azmain/Code Recommendation/RAG/Projects/junit-4.2/TestSuite/sample_3/Wrapper/src/main/java/org/example/Main.java",
                                "line": 11,
                                "column": 31,
                                "message": "cannot find symbol"
                            },
                            {
                                "file": "/home/azmain/Code Recommendation/RAG/Projects/junit-4.2/TestSuite/sample_3/Wrapper/src/main/java/org/example/Main.java",
                                "line": 4,
                                "column": 23,
                                "message": "package junit.framework does not exist"
                            },
                            {
                                "file": "/home/azmain/Code Recommendation/RAG/Projects/junit-4.2/TestSuite/sample_3/Wrapper/src/main/java/org/example/Main.java",
                                "line": 8,
                                "column": 30,
                                "message": "cannot find symbol"
                            },
                            {
                                "file": "/home/azmain/Code Recommendation/RAG/Projects/junit-4.2/TestSuite/sample_3/Wrapper/src/main/java/org/example/Main.java",
                                "line": 10,
                                "column": 19,
                                "message": "cannot find symbol"
                            },
                            {
                                "file": "/home/azmain/Code Recommendation/RAG/Projects/junit-4.2/TestSuite/sample_3/Wrapper/src/main/java/org/example/Main.java",
                                "line": 11,
                                "column": 9,
                                "message": "cannot find symbol"
                            },
                            {
                                "file": "/home/azmain/Code Recommendation/RAG/Projects/junit-4.2/TestSuite/sample_3/Wrapper/src/main/java/org/example/Main.java",
                                "line": 13,
                                "column": 27,
                                "message": "cannot find symbol"
                            },
                            {
                                "file": "/home/azmain/Code Recommendation/RAG/Projects/junit-4.2/TestSuite/sample_3/Wrapper/src/main/java/org/example/Main.java",
                                "line": 6,
                                "column": 23,
                                "message": "package junit.framework does not exist"
                            },
                            {
                                "file": "/home/azmain/Code Recommendation/RAG/Projects/junit-4.2/TestSuite/sample_3/Wrapper/src/main/java/org/example/Main.java",
                                "line": 8,
                                "column": 8,
                                "message": "class MyTests is public, should be declared in a file named MyTests.java"
                            },
                            {
                                "file": "/home/azmain/Code Recommendation/RAG/Projects/junit-4.2/TestSuite/sample_3/Wrapper/src/main/java/org/example/Main.java",
                                "line": 5,
                                "column": 23,
                                "message": "package junit.framework does not exist"
                            }
                        ]
                    }
                }
            },
            "sample_4": {
                "full_response": "You are an exceptionally intelligent coding assistant that consistently delivers accurate and reliable responses to user instructions.\n\n@@ Instruction\nGive me a complete, correct and compilable Java code. This code must use \"TestSuite\" API from \"junit-4.2\" project along with other necessary APIs. The dependency is already added for \"junit-4.2\" project. So, if you need to use other APIs, then do not use APIs whose import statements require adding new dependencies. The name of the class that has the main method should be Main.\n\n@@ Response\nHere's an example of how you could use TestSuite to create a test suite. In this example, two test cases are used.\n\n```java\nimport org.junit.runner.RunWith;\nimport org.junit.runners.Suite;\n\n@RunWith(Suite.class)\n@Suite.SuiteClasses({\n   TestCase1.class,\n   TestCase2.class\n})\n\npublic class Main {\n}\n```\n\nThis Main class will run the TestCase1 and TestCase2 classes in the JUnit test suite. Notice that we don't have to include any additional import statements or add additional dependencies, we have used JUnit's `@SuiteClasses` and `@RunWith` to annotate our Main class.\n\nBoth `TestCase1` and `TestCase2` would be separate test classes:\n\n```java\nimport org.junit.Test;\n\npublic class TestCase1 {\n   @Test\n   public void testCase1() {\n       // Your test case implementation here\n   }\n}\n```\n```java\nimport org.junit.Test;\n\npublic class TestCase2 {\n   @Test\n   public void testCase2() {\n       // Your test case implementation here\n   }\n}\n```\n\n`TestCase1` and `TestCase2` classes contain test methods annotated with `@Test`, these will run when we run the TestSuite. \n\nYou should ensure to configure your test runner in your build system to include the package that holds the Main class.",
                "extracted_java_code_from_prediction": "import org.junit.runner.RunWith;\nimport org.junit.runners.Suite;\n\n@RunWith(Suite.class)\n@Suite.SuiteClasses({\n   TestCase1.class,\n   TestCase2.class\n})\n\npublic class Main {\n}",
                "extracted_FQNs_from_prediction": [
                    "org.junit.runner.RunWith",
                    "org.junit.runners.Suite"
                ],
                "correct_FQN_predictions": [
                    "org.junit.runner.RunWith",
                    "org.junit.runners.Suite"
                ],
                "wrong_FQN_predictions": [],
                "number_of_correct_FQNs": 2,
                "number_of_wrong_FQNs": 0,
                "failure_rate_for_FQNs": 0.0,
                "model_confidence": 0.5215915441513062,
                "code_build": {
                    "build_result": {
                        "status": "failure",
                        "hallucinations_for_FQNs": "Need manual review",
                        "message": "Build failed. Full error log present.",
                        "full_error_log": "[INFO] Scanning for projects...\n[WARNING] \n[WARNING] Some problems were encountered while building the effective model for org.example:Wrapper:jar:1.0-SNAPSHOT\n[WARNING] 'build.plugins.plugin.version' for org.apache.maven.plugins:maven-compiler-plugin is missing. @ line 46, column 15\n[WARNING] \n[WARNING] It is highly recommended to fix these problems because they threaten the stability of your build.\n[WARNING] \n[WARNING] For this reason, future Maven versions might no longer support building such malformed projects.\n[WARNING] \n[INFO] \n[INFO] ------------------------< org.example:Wrapper >-------------------------\n[INFO] Building Wrapper 1.0-SNAPSHOT\n[INFO] --------------------------------[ jar ]---------------------------------\n[INFO] \n[INFO] --- maven-clean-plugin:2.5:clean (default-clean) @ Wrapper ---\n[INFO] Deleting /home/azmain/Code Recommendation/RAG/Projects/junit-4.2/TestSuite/sample_4/Wrapper/target\n[INFO] \n[INFO] --- maven-resources-plugin:2.6:resources (default-resources) @ Wrapper ---\n[INFO] Using 'UTF-8' encoding to copy filtered resources.\n[INFO] skip non existing resourceDirectory /home/azmain/Code Recommendation/RAG/Projects/junit-4.2/TestSuite/sample_4/Wrapper/src/main/resources\n[INFO] \n[INFO] --- maven-compiler-plugin:3.1:compile (default-compile) @ Wrapper ---\n[INFO] Changes detected - recompiling the module!\n[INFO] Compiling 1 source file to /home/azmain/Code Recommendation/RAG/Projects/junit-4.2/TestSuite/sample_4/Wrapper/target/classes\n[INFO] -------------------------------------------------------------\n[ERROR] COMPILATION ERROR : \n[INFO] -------------------------------------------------------------\n[ERROR] /home/azmain/Code Recommendation/RAG/Projects/junit-4.2/TestSuite/sample_4/Wrapper/src/main/java/org/example/Main.java:[3,24] package org.junit.runner does not exist\n[ERROR] /home/azmain/Code Recommendation/RAG/Projects/junit-4.2/TestSuite/sample_4/Wrapper/src/main/java/org/example/Main.java:[4,25] package org.junit.runners does not exist\n[INFO] 2 errors \n[INFO] -------------------------------------------------------------\n[INFO] ------------------------------------------------------------------------\n[INFO] BUILD FAILURE\n[INFO] ------------------------------------------------------------------------\n[INFO] Total time:  0.863 s\n[INFO] Finished at: 2024-04-16T19:37:45-05:00\n[INFO] ------------------------------------------------------------------------\n[ERROR] Failed to execute goal org.apache.maven.plugins:maven-compiler-plugin:3.1:compile (default-compile) on project Wrapper: Compilation failure: Compilation failure: \n[ERROR] /home/azmain/Code Recommendation/RAG/Projects/junit-4.2/TestSuite/sample_4/Wrapper/src/main/java/org/example/Main.java:[3,24] package org.junit.runner does not exist\n[ERROR] /home/azmain/Code Recommendation/RAG/Projects/junit-4.2/TestSuite/sample_4/Wrapper/src/main/java/org/example/Main.java:[4,25] package org.junit.runners does not exist\n[ERROR] -> [Help 1]\n[ERROR] \n[ERROR] To see the full stack trace of the errors, re-run Maven with the -e switch.\n[ERROR] Re-run Maven using the -X switch to enable full debug logging.\n[ERROR] \n[ERROR] For more information about the errors and possible solutions, please read the following articles:\n[ERROR] [Help 1] http://cwiki.apache.org/confluence/display/MAVEN/MojoFailureException\n",
                        "error_list": [
                            {
                                "file": "/home/azmain/Code Recommendation/RAG/Projects/junit-4.2/TestSuite/sample_4/Wrapper/src/main/java/org/example/Main.java",
                                "line": 3,
                                "column": 24,
                                "message": "package org.junit.runner does not exist"
                            },
                            {
                                "file": "/home/azmain/Code Recommendation/RAG/Projects/junit-4.2/TestSuite/sample_4/Wrapper/src/main/java/org/example/Main.java",
                                "line": 4,
                                "column": 25,
                                "message": "package org.junit.runners does not exist"
                            }
                        ]
                    }
                }
            },
            "sample_5": {
                "full_response": "You are an exceptionally intelligent coding assistant that consistently delivers accurate and reliable responses to user instructions.\n\n@@ Instruction\nGive me a complete, correct and compilable Java code. This code must use \"TestSuite\" API from \"junit-4.2\" project along with other necessary APIs. The dependency is already added for \"junit-4.2\" project. So, if you need to use other APIs, then do not use APIs whose import statements require adding new dependencies. The name of the class that has the main method should be Main.\n\n@@ Response\nThe JUnit testing framework is used extensively for unit testing in Java. Here is a complete example of how you might structure a test suite using JUnit's \"TestSuite\" API. This class also demonstrates how to include a test suite from another class.\n\nThis code assumes that you've added the JUnit dependency to your classpath.\n\n```java\nimport org.junit.runner.RunWith;\nimport org.junit.runners.Suite;\n\n@RunWith(Suite.class)\n\n@Suite.SuiteClasses({\n   TestClass1.class,\n   TestClass2.class,\n   TestClass3.class\n})\n\npublic class TestSuiteClass {\n}\n```\n\nIn this example, `TestSuiteClass` is the main test suite. `TestClass1`, `TestClass2` and `TestClass3` are individual test classes. You can replace `TestClass1`, `TestClass2` and `TestClass3` with the actual names of your test classes.\n\nHere's an example of a test class:\n\n```java\nimport org.junit.*;\n\npublic class TestClass1 {\n   @Test\n   public void testMethod() {\n      Assert.assertEquals(2, 1 + 1);\n   }\n}\n```\nIn this example, `testMethod` is a test that asserts that the result of `1 + 1` is equal to `2`.\n\nRunning all tests from a suite is done by running the test suite class (`TestSuiteClass` in this example). Test execution can be automated using a testing tool like JUnit or TestNG.\n\nNote: For this code to compile, JUnit libraries must be accessible in your classpath. For using TestSuite in JUnit4.2 in Eclipse, you should configure the build path of your project to include the JUnit library files. You may download the JAR from the official JUnit homepage (http://junit.org/). \n\nFinally, it's important to know that since JUnit4.2, \"junit.framework.TestSuite\" was replaced by \"org.junit.platform.engine.TestDescriptor\". This means that you might have to use different ways to create test suites depending on the version of JUnit that you're using.",
                "extracted_java_code_from_prediction": "import org.junit.runner.RunWith;\nimport org.junit.runners.Suite;\n\n@RunWith(Suite.class)\n\n@Suite.SuiteClasses({\n   TestClass1.class,\n   TestClass2.class,\n   TestClass3.class\n})\n\npublic class TestSuiteClass {\n}",
                "extracted_FQNs_from_prediction": [
                    "org.junit.runner.RunWith",
                    "org.junit.runners.Suite"
                ],
                "correct_FQN_predictions": [
                    "org.junit.runner.RunWith",
                    "org.junit.runners.Suite"
                ],
                "wrong_FQN_predictions": [],
                "number_of_correct_FQNs": 2,
                "number_of_wrong_FQNs": 0,
                "failure_rate_for_FQNs": 0.0,
                "model_confidence": 0.5397101044654846,
                "code_build": {
                    "build_result": {
                        "status": "failure",
                        "hallucinations_for_FQNs": "Need manual review",
                        "message": "Build failed. Full error log present.",
                        "full_error_log": "[INFO] Scanning for projects...\n[WARNING] \n[WARNING] Some problems were encountered while building the effective model for org.example:Wrapper:jar:1.0-SNAPSHOT\n[WARNING] 'build.plugins.plugin.version' for org.apache.maven.plugins:maven-compiler-plugin is missing. @ line 46, column 15\n[WARNING] \n[WARNING] It is highly recommended to fix these problems because they threaten the stability of your build.\n[WARNING] \n[WARNING] For this reason, future Maven versions might no longer support building such malformed projects.\n[WARNING] \n[INFO] \n[INFO] ------------------------< org.example:Wrapper >-------------------------\n[INFO] Building Wrapper 1.0-SNAPSHOT\n[INFO] --------------------------------[ jar ]---------------------------------\n[INFO] \n[INFO] --- maven-clean-plugin:2.5:clean (default-clean) @ Wrapper ---\n[INFO] Deleting /home/azmain/Code Recommendation/RAG/Projects/junit-4.2/TestSuite/sample_5/Wrapper/target\n[INFO] \n[INFO] --- maven-resources-plugin:2.6:resources (default-resources) @ Wrapper ---\n[INFO] Using 'UTF-8' encoding to copy filtered resources.\n[INFO] skip non existing resourceDirectory /home/azmain/Code Recommendation/RAG/Projects/junit-4.2/TestSuite/sample_5/Wrapper/src/main/resources\n[INFO] \n[INFO] --- maven-compiler-plugin:3.1:compile (default-compile) @ Wrapper ---\n[INFO] Changes detected - recompiling the module!\n[INFO] Compiling 2 source files to /home/azmain/Code Recommendation/RAG/Projects/junit-4.2/TestSuite/sample_5/Wrapper/target/classes\n[INFO] -------------------------------------------------------------\n[ERROR] COMPILATION ERROR : \n[INFO] -------------------------------------------------------------\n[ERROR] /home/azmain/Code Recommendation/RAG/Projects/junit-4.2/TestSuite/sample_5/Wrapper/src/main/java/org/example/TestSuiteClass.java:[3,24] package org.junit.runner does not exist\n[ERROR] /home/azmain/Code Recommendation/RAG/Projects/junit-4.2/TestSuite/sample_5/Wrapper/src/main/java/org/example/TestSuiteClass.java:[4,25] package org.junit.runners does not exist\n[INFO] 2 errors \n[INFO] -------------------------------------------------------------\n[INFO] ------------------------------------------------------------------------\n[INFO] BUILD FAILURE\n[INFO] ------------------------------------------------------------------------\n[INFO] Total time:  0.753 s\n[INFO] Finished at: 2024-04-16T19:37:46-05:00\n[INFO] ------------------------------------------------------------------------\n[ERROR] Failed to execute goal org.apache.maven.plugins:maven-compiler-plugin:3.1:compile (default-compile) on project Wrapper: Compilation failure: Compilation failure: \n[ERROR] /home/azmain/Code Recommendation/RAG/Projects/junit-4.2/TestSuite/sample_5/Wrapper/src/main/java/org/example/TestSuiteClass.java:[3,24] package org.junit.runner does not exist\n[ERROR] /home/azmain/Code Recommendation/RAG/Projects/junit-4.2/TestSuite/sample_5/Wrapper/src/main/java/org/example/TestSuiteClass.java:[4,25] package org.junit.runners does not exist\n[ERROR] -> [Help 1]\n[ERROR] \n[ERROR] To see the full stack trace of the errors, re-run Maven with the -e switch.\n[ERROR] Re-run Maven using the -X switch to enable full debug logging.\n[ERROR] \n[ERROR] For more information about the errors and possible solutions, please read the following articles:\n[ERROR] [Help 1] http://cwiki.apache.org/confluence/display/MAVEN/MojoFailureException\n",
                        "error_list": [
                            {
                                "file": "/home/azmain/Code Recommendation/RAG/Projects/junit-4.2/TestSuite/sample_5/Wrapper/src/main/java/org/example/TestSuiteClass.java",
                                "line": 4,
                                "column": 25,
                                "message": "package org.junit.runners does not exist"
                            },
                            {
                                "file": "/home/azmain/Code Recommendation/RAG/Projects/junit-4.2/TestSuite/sample_5/Wrapper/src/main/java/org/example/TestSuiteClass.java",
                                "line": 3,
                                "column": 24,
                                "message": "package org.junit.runner does not exist"
                            }
                        ]
                    }
                }
            }
        },
        "TestDecorator": {
            "prompt": "Give me a complete, correct and compilable Java code. This code must use \"TestDecorator\" API from \"junit-4.2\" project along with other necessary APIs. The dependency is already added for \"junit-4.2\" project. So, if you need to use other APIs, then do not use APIs whose import statements require adding new dependencies. The name of the class that has the main method should be Main.",
            "sample_1": {
                "full_response": "You are an exceptionally intelligent coding assistant that consistently delivers accurate and reliable responses to user instructions.\n\n@@ Instruction\nGive me a complete, correct and compilable Java code. This code must use \"TestDecorator\" API from \"junit-4.2\" project along with other necessary APIs. The dependency is already added for \"junit-4.2\" project. So, if you need to use other APIs, then do not use APIs whose import statements require adding new dependencies. The name of the class that has the main method should be Main.\n\n@@ Response\nYour request seems to be contradictory. You ask for a Java code that uses APIs from the \"junit-4.2\" project but, in the same time, you state that no APIs requiring adding dependencies require for the code. Also, you mentioned that the class that has the main method should be called Main, but the class does not have the \"public static void main(String[] args)\" method.\n\nI will provide you a simple class that demonstrates a use case for the \"junit-4.2\" library where the dependency is included in the pom.xml file. However, the class does not have a \"main\" method. You need to define your own class with a \"main\" method if you want to run the application.\n\nHere is the code for the demonstration:\n\n```java\nimport org.junit.*;\nimport org.junit.rules.ExpectedException;\nimport static org.junit.Assert.*;\n\npublic class TestJunit {\n   \n    @Rule\n    public ExpectedException thrown = ExpectedException.none();\n\n    @Test\n    public void testAdd() {\n        Calculator c = new Calculator();\n        assertEquals(2, c.add(1, 1));\n    }\n}\n\nclass Calculator {\n    public int add(int a, int b) {\n        return a + b;\n    }\n}\n```\nIn the above code snippet, two main components - \"TestJunit\" class that has the test methods and \"Calculator\" class that contains a method which gets tested.\n\nTo run the above test case using \"junit-4.2\", you may need to add \"junit\" dependency to your Maven project. Here is the pom.xml configuration file:\n\n```xml\n<project xmlns=\"http://maven.apache.om/",
                "extracted_java_code_from_prediction": "import org.junit.*;\nimport org.junit.rules.ExpectedException;\nimport static org.junit.Assert.*;\n\npublic class TestJunit {\n   \n    @Rule\n    public ExpectedException thrown = ExpectedException.none();\n\n    @Test\n    public void testAdd() {\n        Calculator c = new Calculator();\n        assertEquals(2, c.add(1, 1));\n    }\n}\n\nclass Calculator {\n    public int add(int a, int b) {\n        return a + b;\n    }\n}",
                "extracted_FQNs_from_prediction": [
                    "org.junit.*",
                    "org.junit.rules.ExpectedException",
                    "static org.junit.Assert.*"
                ],
                "correct_FQN_predictions": [
                    "org.junit.rules.ExpectedException"
                ],
                "wrong_FQN_predictions": [
                    "org.junit.*",
                    "static org.junit.Assert.*"
                ],
                "number_of_correct_FQNs": 1,
                "number_of_wrong_FQNs": 2,
                "failure_rate_for_FQNs": 0.6666666666666666,
                "model_confidence": 0.461617648601532,
                "code_build": {
                    "build_result": {
                        "status": "failure",
                        "hallucinations_for_FQNs": "Need manual review",
                        "message": "Build failed. Full error log present.",
                        "full_error_log": "[INFO] Scanning for projects...\n[WARNING] \n[WARNING] Some problems were encountered while building the effective model for org.example:Wrapper:jar:1.0-SNAPSHOT\n[WARNING] 'build.plugins.plugin.version' for org.apache.maven.plugins:maven-compiler-plugin is missing. @ line 46, column 15\n[WARNING] \n[WARNING] It is highly recommended to fix these problems because they threaten the stability of your build.\n[WARNING] \n[WARNING] For this reason, future Maven versions might no longer support building such malformed projects.\n[WARNING] \n[INFO] \n[INFO] ------------------------< org.example:Wrapper >-------------------------\n[INFO] Building Wrapper 1.0-SNAPSHOT\n[INFO] --------------------------------[ jar ]---------------------------------\n[INFO] \n[INFO] --- maven-clean-plugin:2.5:clean (default-clean) @ Wrapper ---\n[INFO] Deleting /home/azmain/Code Recommendation/RAG/Projects/junit-4.2/TestDecorator/sample_1/Wrapper/target\n[INFO] \n[INFO] --- maven-resources-plugin:2.6:resources (default-resources) @ Wrapper ---\n[INFO] Using 'UTF-8' encoding to copy filtered resources.\n[INFO] skip non existing resourceDirectory /home/azmain/Code Recommendation/RAG/Projects/junit-4.2/TestDecorator/sample_1/Wrapper/src/main/resources\n[INFO] \n[INFO] --- maven-compiler-plugin:3.1:compile (default-compile) @ Wrapper ---\n[INFO] Changes detected - recompiling the module!\n[INFO] Compiling 3 source files to /home/azmain/Code Recommendation/RAG/Projects/junit-4.2/TestDecorator/sample_1/Wrapper/target/classes\n[INFO] -------------------------------------------------------------\n[ERROR] COMPILATION ERROR : \n[INFO] -------------------------------------------------------------\n[ERROR] /home/azmain/Code Recommendation/RAG/Projects/junit-4.2/TestDecorator/sample_1/Wrapper/src/main/java/org/example/TestJunit.java:[4,23] package org.junit.rules does not exist\n[ERROR] /home/azmain/Code Recommendation/RAG/Projects/junit-4.2/TestDecorator/sample_1/Wrapper/src/main/java/org/example/TestJunit.java:[5,24] package org.junit does not exist\n[ERROR] /home/azmain/Code Recommendation/RAG/Projects/junit-4.2/TestDecorator/sample_1/Wrapper/src/main/java/org/example/TestJunit.java:[10,12] cannot find symbol\n  symbol:   class ExpectedException\n  location: class org.example.TestJunit\n[ERROR] /home/azmain/Code Recommendation/RAG/Projects/junit-4.2/TestDecorator/sample_1/Wrapper/src/main/java/org/example/TestJunit.java:[3,1] package org.junit does not exist\n[ERROR] /home/azmain/Code Recommendation/RAG/Projects/junit-4.2/TestDecorator/sample_1/Wrapper/src/main/java/org/example/Calculator.java:[4,23] package org.junit.rules does not exist\n[ERROR] /home/azmain/Code Recommendation/RAG/Projects/junit-4.2/TestDecorator/sample_1/Wrapper/src/main/java/org/example/Calculator.java:[5,24] package org.junit does not exist\n[ERROR] /home/azmain/Code Recommendation/RAG/Projects/junit-4.2/TestDecorator/sample_1/Wrapper/src/main/java/org/example/Calculator.java:[3,1] package org.junit does not exist\n[ERROR] /home/azmain/Code Recommendation/RAG/Projects/junit-4.2/TestDecorator/sample_1/Wrapper/src/main/java/org/example/TestJunit.java:[9,6] cannot find symbol\n  symbol:   class Rule\n  location: class org.example.TestJunit\n[ERROR] /home/azmain/Code Recommendation/RAG/Projects/junit-4.2/TestDecorator/sample_1/Wrapper/src/main/java/org/example/TestJunit.java:[12,6] cannot find symbol\n  symbol:   class Test\n  location: class org.example.TestJunit\n[ERROR] /home/azmain/Code Recommendation/RAG/Projects/junit-4.2/TestDecorator/sample_1/Wrapper/src/main/java/org/example/TestJunit.java:[10,39] cannot find symbol\n  symbol:   variable ExpectedException\n  location: class org.example.TestJunit\n[ERROR] /home/azmain/Code Recommendation/RAG/Projects/junit-4.2/TestDecorator/sample_1/Wrapper/src/main/java/org/example/TestJunit.java:[15,9] cannot find symbol\n  symbol:   method assertEquals(int,int)\n  location: class org.example.TestJunit\n[INFO] 11 errors \n[INFO] -------------------------------------------------------------\n[INFO] ------------------------------------------------------------------------\n[INFO] BUILD FAILURE\n[INFO] ------------------------------------------------------------------------\n[INFO] Total time:  0.776 s\n[INFO] Finished at: 2024-04-16T19:38:19-05:00\n[INFO] ------------------------------------------------------------------------\n[ERROR] Failed to execute goal org.apache.maven.plugins:maven-compiler-plugin:3.1:compile (default-compile) on project Wrapper: Compilation failure: Compilation failure: \n[ERROR] /home/azmain/Code Recommendation/RAG/Projects/junit-4.2/TestDecorator/sample_1/Wrapper/src/main/java/org/example/TestJunit.java:[4,23] package org.junit.rules does not exist\n[ERROR] /home/azmain/Code Recommendation/RAG/Projects/junit-4.2/TestDecorator/sample_1/Wrapper/src/main/java/org/example/TestJunit.java:[5,24] package org.junit does not exist\n[ERROR] /home/azmain/Code Recommendation/RAG/Projects/junit-4.2/TestDecorator/sample_1/Wrapper/src/main/java/org/example/TestJunit.java:[10,12] cannot find symbol\n[ERROR]   symbol:   class ExpectedException\n[ERROR]   location: class org.example.TestJunit\n[ERROR] /home/azmain/Code Recommendation/RAG/Projects/junit-4.2/TestDecorator/sample_1/Wrapper/src/main/java/org/example/TestJunit.java:[3,1] package org.junit does not exist\n[ERROR] /home/azmain/Code Recommendation/RAG/Projects/junit-4.2/TestDecorator/sample_1/Wrapper/src/main/java/org/example/Calculator.java:[4,23] package org.junit.rules does not exist\n[ERROR] /home/azmain/Code Recommendation/RAG/Projects/junit-4.2/TestDecorator/sample_1/Wrapper/src/main/java/org/example/Calculator.java:[5,24] package org.junit does not exist\n[ERROR] /home/azmain/Code Recommendation/RAG/Projects/junit-4.2/TestDecorator/sample_1/Wrapper/src/main/java/org/example/Calculator.java:[3,1] package org.junit does not exist\n[ERROR] /home/azmain/Code Recommendation/RAG/Projects/junit-4.2/TestDecorator/sample_1/Wrapper/src/main/java/org/example/TestJunit.java:[9,6] cannot find symbol\n[ERROR]   symbol:   class Rule\n[ERROR]   location: class org.example.TestJunit\n[ERROR] /home/azmain/Code Recommendation/RAG/Projects/junit-4.2/TestDecorator/sample_1/Wrapper/src/main/java/org/example/TestJunit.java:[12,6] cannot find symbol\n[ERROR]   symbol:   class Test\n[ERROR]   location: class org.example.TestJunit\n[ERROR] /home/azmain/Code Recommendation/RAG/Projects/junit-4.2/TestDecorator/sample_1/Wrapper/src/main/java/org/example/TestJunit.java:[10,39] cannot find symbol\n[ERROR]   symbol:   variable ExpectedException\n[ERROR]   location: class org.example.TestJunit\n[ERROR] /home/azmain/Code Recommendation/RAG/Projects/junit-4.2/TestDecorator/sample_1/Wrapper/src/main/java/org/example/TestJunit.java:[15,9] cannot find symbol\n[ERROR]   symbol:   method assertEquals(int,int)\n[ERROR]   location: class org.example.TestJunit\n[ERROR] -> [Help 1]\n[ERROR] \n[ERROR] To see the full stack trace of the errors, re-run Maven with the -e switch.\n[ERROR] Re-run Maven using the -X switch to enable full debug logging.\n[ERROR] \n[ERROR] For more information about the errors and possible solutions, please read the following articles:\n[ERROR] [Help 1] http://cwiki.apache.org/confluence/display/MAVEN/MojoFailureException\n",
                        "error_list": [
                            {
                                "file": "/home/azmain/Code Recommendation/RAG/Projects/junit-4.2/TestDecorator/sample_1/Wrapper/src/main/java/org/example/Calculator.java",
                                "line": 4,
                                "column": 23,
                                "message": "package org.junit.rules does not exist"
                            },
                            {
                                "file": "/home/azmain/Code Recommendation/RAG/Projects/junit-4.2/TestDecorator/sample_1/Wrapper/src/main/java/org/example/TestJunit.java",
                                "line": 10,
                                "column": 12,
                                "message": "cannot find symbol"
                            },
                            {
                                "file": "/home/azmain/Code Recommendation/RAG/Projects/junit-4.2/TestDecorator/sample_1/Wrapper/src/main/java/org/example/TestJunit.java",
                                "line": 12,
                                "column": 6,
                                "message": "cannot find symbol"
                            },
                            {
                                "file": "/home/azmain/Code Recommendation/RAG/Projects/junit-4.2/TestDecorator/sample_1/Wrapper/src/main/java/org/example/TestJunit.java",
                                "line": 10,
                                "column": 39,
                                "message": "cannot find symbol"
                            },
                            {
                                "file": "/home/azmain/Code Recommendation/RAG/Projects/junit-4.2/TestDecorator/sample_1/Wrapper/src/main/java/org/example/TestJunit.java",
                                "line": 3,
                                "column": 1,
                                "message": "package org.junit does not exist"
                            },
                            {
                                "file": "/home/azmain/Code Recommendation/RAG/Projects/junit-4.2/TestDecorator/sample_1/Wrapper/src/main/java/org/example/TestJunit.java",
                                "line": 9,
                                "column": 6,
                                "message": "cannot find symbol"
                            },
                            {
                                "file": "/home/azmain/Code Recommendation/RAG/Projects/junit-4.2/TestDecorator/sample_1/Wrapper/src/main/java/org/example/TestJunit.java",
                                "line": 4,
                                "column": 23,
                                "message": "package org.junit.rules does not exist"
                            },
                            {
                                "file": "/home/azmain/Code Recommendation/RAG/Projects/junit-4.2/TestDecorator/sample_1/Wrapper/src/main/java/org/example/TestJunit.java",
                                "line": 15,
                                "column": 9,
                                "message": "cannot find symbol"
                            },
                            {
                                "file": "/home/azmain/Code Recommendation/RAG/Projects/junit-4.2/TestDecorator/sample_1/Wrapper/src/main/java/org/example/Calculator.java",
                                "line": 3,
                                "column": 1,
                                "message": "package org.junit does not exist"
                            },
                            {
                                "file": "/home/azmain/Code Recommendation/RAG/Projects/junit-4.2/TestDecorator/sample_1/Wrapper/src/main/java/org/example/Calculator.java",
                                "line": 5,
                                "column": 24,
                                "message": "package org.junit does not exist"
                            },
                            {
                                "file": "/home/azmain/Code Recommendation/RAG/Projects/junit-4.2/TestDecorator/sample_1/Wrapper/src/main/java/org/example/TestJunit.java",
                                "line": 5,
                                "column": 24,
                                "message": "package org.junit does not exist"
                            }
                        ]
                    }
                }
            },
            "sample_2": {
                "full_response": "You are an exceptionally intelligent coding assistant that consistently delivers accurate and reliable responses to user instructions.\n\n@@ Instruction\nGive me a complete, correct and compilable Java code. This code must use \"TestDecorator\" API from \"junit-4.2\" project along with other necessary APIs. The dependency is already added for \"junit-4.2\" project. So, if you need to use other APIs, then do not use APIs whose import statements require adding new dependencies. The name of the class that has the main method should be Main.\n\n@@ Response\nUnfortunately, I can't write any complete Java code without specific requirements or context, as I don't know what functionality you're looking to implement. Please provide more details or code examples you need to be implemented.",
                "extracted_java_code_from_prediction": "",
                "extracted_FQNs_from_prediction": [],
                "correct_FQN_predictions": [],
                "wrong_FQN_predictions": [],
                "number_of_correct_FQNs": 0,
                "number_of_wrong_FQNs": 0,
                "failure_rate_for_FQNs": 1,
                "model_confidence": 0.18803465366363525,
                "code_build": {
                    "build_result": {
                        "status": "failure",
                        "message": "Model could not predict any correct FQNs.",
                        "hallucinations_for_FQNs": true
                    }
                }
            },
            "sample_3": {
                "full_response": "You are an exceptionally intelligent coding assistant that consistently delivers accurate and reliable responses to user instructions.\n\n@@ Instruction\nGive me a complete, correct and compilable Java code. This code must use \"TestDecorator\" API from \"junit-4.2\" project along with other necessary APIs. The dependency is already added for \"junit-4.2\" project. So, if you need to use other APIs, then do not use APIs whose import statements require adding new dependencies. The name of the class that has the main method should be Main.\n\n@@ Response\nThe Java code provided cannot be written in this format as per the requirements given. It is difficult to write such a Java program without knowing the exact requirements or problem statement. \n\nHowever, I can show you an example of a simple JUnit test case using the \"junit-4.2\" project. This requires two separate files, one being the production code and the other being the JUnit test class. \n\nProduction Code:\n\n```java\npublic class Calculator {\n    public int add(int a, int b) {\n        return a + b;\n    }\n}\n```\n\nJUnit Test Case:\n\n```java\nimport org.junit.Test;\nimport static org.junit.Assert.*;\n\npublic class CalculatorTest {\n    @Test\n    public void testAdd() {\n        Calculator calc = new Calculator();\n        int result = calc.add(5, 7);\n        assertEquals(12, result);\n    }\n}\n```\n\nTo compile the java files together, you would need a build tool like Maven or Gradle.\n\nYou would have to add dependency for JUnit in your Maven POM file or Gradle build file like this:\n\n```xml\n<dependencies>\n    <dependency>\n        <groupId>junit</groupId>\n        <artifactId>junit</artifactId>\n        <version>4.2</version>\n    </dependency>\n</dependencies>\n```\n\nor in your Gradle `build.gradle` file:\n\n```\ndependencies {\n    testImplementation 'junit:junit:4.2'\n}\n```\n\nPlease specify the exact requirements in order for me to generate the correct Java code.",
                "extracted_java_code_from_prediction": "public class Calculator {\n    public int add(int a, int b) {\n        return a + b;\n    }\n}",
                "extracted_FQNs_from_prediction": [],
                "correct_FQN_predictions": [],
                "wrong_FQN_predictions": [],
                "number_of_correct_FQNs": 0,
                "number_of_wrong_FQNs": 0,
                "failure_rate_for_FQNs": 1,
                "model_confidence": 0.5452396273612976,
                "code_build": {
                    "build_result": {
                        "status": "failure",
                        "message": "Model could not predict any correct FQNs.",
                        "hallucinations_for_FQNs": true
                    }
                }
            },
            "sample_4": {
                "full_response": "You are an exceptionally intelligent coding assistant that consistently delivers accurate and reliable responses to user instructions.\n\n@@ Instruction\nGive me a complete, correct and compilable Java code. This code must use \"TestDecorator\" API from \"junit-4.2\" project along with other necessary APIs. The dependency is already added for \"junit-4.2\" project. So, if you need to use other APIs, then do not use APIs whose import statements require adding new dependencies. The name of the class that has the main method should be Main.\n\n@@ Response\nThe question does not specify the details of the \"TestDecorator\" API provided by JUnit. However, I can provide you a simple example of how to use JUnit for a test class. Please replace `methodToTest()` with the actual method you want to test.\n\nHere's an example of how you would write a test for a method:\n\n```java\nimport org.junit.Test;\nimport static org.junit.Assert.*;\n\npublic class Main {\n    @Test\n    public void testMethod() {\n        // Create an instance of the class that has the method you want to test\n        Main classUnderTest = new Main();\n        \n        // Call the method to be tested\n        String result = classUnderTest.methodToTest();\n        \n        // Verify that the method behaved as expected\n        assertEquals(\"Expected message\", \"Expected Result\", result);\n    }\n    \n    private String methodToTest() {\n        return \"Test Result\";\n    }\n}\n```\n\nIn the above example, we have defined a JUnit test in a class named `Main`. This test checks whether the `methodToTest()` behaves as expected. To run this test, you can execute it with a test runner (e.g. JUnit's `org.junit.runner.JUnitCore` class) or in an IDE which supports testing of JUnit tests. Note that you don't need any additional dependencies or new maven or gradle configurations to set up JUnit 4.2 for your project.\n\nThe `org.junit.Assert.assertEquals(String, Object, Object)` method checks that the first and the second parameters are equal. If they are equal, the test passes. If not, the test fails. The first parameter is a message to be shown in the case of the test failure, the second and third parameters are the expected and the actual values, respectively.\n\nAlso note that we are using `private` in the method definition. This is an important point because JUnit only looks at `public` methods and fields, so if we want to test a private method, we have to make it accessible by using the `private` keyword.",
                "extracted_java_code_from_prediction": "import org.junit.Test;\nimport static org.junit.Assert.*;\n\npublic class Main {\n    @Test\n    public void testMethod() {\n        // Create an instance of the class that has the method you want to test\n        Main classUnderTest = new Main();\n        \n        // Call the method to be tested\n        String result = classUnderTest.methodToTest();\n        \n        // Verify that the method behaved as expected\n        assertEquals(\"Expected message\", \"Expected Result\", result);\n    }\n    \n    private String methodToTest() {\n        return \"Test Result\";\n    }\n}",
                "extracted_FQNs_from_prediction": [
                    "org.junit.Test",
                    "static org.junit.Assert.*"
                ],
                "correct_FQN_predictions": [
                    "org.junit.Test"
                ],
                "wrong_FQN_predictions": [
                    "static org.junit.Assert.*"
                ],
                "number_of_correct_FQNs": 1,
                "number_of_wrong_FQNs": 1,
                "failure_rate_for_FQNs": 0.5,
                "model_confidence": 0.5040934085845947,
                "code_build": {
                    "build_result": {
                        "status": "failure",
                        "hallucinations_for_FQNs": "Need manual review",
                        "message": "Build failed. Full error log present.",
                        "full_error_log": "[INFO] Scanning for projects...\n[WARNING] \n[WARNING] Some problems were encountered while building the effective model for org.example:Wrapper:jar:1.0-SNAPSHOT\n[WARNING] 'build.plugins.plugin.version' for org.apache.maven.plugins:maven-compiler-plugin is missing. @ line 46, column 15\n[WARNING] \n[WARNING] It is highly recommended to fix these problems because they threaten the stability of your build.\n[WARNING] \n[WARNING] For this reason, future Maven versions might no longer support building such malformed projects.\n[WARNING] \n[INFO] \n[INFO] ------------------------< org.example:Wrapper >-------------------------\n[INFO] Building Wrapper 1.0-SNAPSHOT\n[INFO] --------------------------------[ jar ]---------------------------------\n[INFO] \n[INFO] --- maven-clean-plugin:2.5:clean (default-clean) @ Wrapper ---\n[INFO] Deleting /home/azmain/Code Recommendation/RAG/Projects/junit-4.2/TestDecorator/sample_4/Wrapper/target\n[INFO] \n[INFO] --- maven-resources-plugin:2.6:resources (default-resources) @ Wrapper ---\n[INFO] Using 'UTF-8' encoding to copy filtered resources.\n[INFO] skip non existing resourceDirectory /home/azmain/Code Recommendation/RAG/Projects/junit-4.2/TestDecorator/sample_4/Wrapper/src/main/resources\n[INFO] \n[INFO] --- maven-compiler-plugin:3.1:compile (default-compile) @ Wrapper ---\n[INFO] Changes detected - recompiling the module!\n[INFO] Compiling 1 source file to /home/azmain/Code Recommendation/RAG/Projects/junit-4.2/TestDecorator/sample_4/Wrapper/target/classes\n[INFO] -------------------------------------------------------------\n[ERROR] COMPILATION ERROR : \n[INFO] -------------------------------------------------------------\n[ERROR] /home/azmain/Code Recommendation/RAG/Projects/junit-4.2/TestDecorator/sample_4/Wrapper/src/main/java/org/example/Main.java:[3,17] package org.junit does not exist\n[ERROR] /home/azmain/Code Recommendation/RAG/Projects/junit-4.2/TestDecorator/sample_4/Wrapper/src/main/java/org/example/Main.java:[4,24] package org.junit does not exist\n[ERROR] /home/azmain/Code Recommendation/RAG/Projects/junit-4.2/TestDecorator/sample_4/Wrapper/src/main/java/org/example/Main.java:[7,6] cannot find symbol\n  symbol:   class Test\n  location: class org.example.Main\n[ERROR] /home/azmain/Code Recommendation/RAG/Projects/junit-4.2/TestDecorator/sample_4/Wrapper/src/main/java/org/example/Main.java:[16,9] cannot find symbol\n  symbol:   method assertEquals(java.lang.String,java.lang.String,java.lang.String)\n  location: class org.example.Main\n[INFO] 4 errors \n[INFO] -------------------------------------------------------------\n[INFO] ------------------------------------------------------------------------\n[INFO] BUILD FAILURE\n[INFO] ------------------------------------------------------------------------\n[INFO] Total time:  0.750 s\n[INFO] Finished at: 2024-04-16T19:38:20-05:00\n[INFO] ------------------------------------------------------------------------\n[ERROR] Failed to execute goal org.apache.maven.plugins:maven-compiler-plugin:3.1:compile (default-compile) on project Wrapper: Compilation failure: Compilation failure: \n[ERROR] /home/azmain/Code Recommendation/RAG/Projects/junit-4.2/TestDecorator/sample_4/Wrapper/src/main/java/org/example/Main.java:[3,17] package org.junit does not exist\n[ERROR] /home/azmain/Code Recommendation/RAG/Projects/junit-4.2/TestDecorator/sample_4/Wrapper/src/main/java/org/example/Main.java:[4,24] package org.junit does not exist\n[ERROR] /home/azmain/Code Recommendation/RAG/Projects/junit-4.2/TestDecorator/sample_4/Wrapper/src/main/java/org/example/Main.java:[7,6] cannot find symbol\n[ERROR]   symbol:   class Test\n[ERROR]   location: class org.example.Main\n[ERROR] /home/azmain/Code Recommendation/RAG/Projects/junit-4.2/TestDecorator/sample_4/Wrapper/src/main/java/org/example/Main.java:[16,9] cannot find symbol\n[ERROR]   symbol:   method assertEquals(java.lang.String,java.lang.String,java.lang.String)\n[ERROR]   location: class org.example.Main\n[ERROR] -> [Help 1]\n[ERROR] \n[ERROR] To see the full stack trace of the errors, re-run Maven with the -e switch.\n[ERROR] Re-run Maven using the -X switch to enable full debug logging.\n[ERROR] \n[ERROR] For more information about the errors and possible solutions, please read the following articles:\n[ERROR] [Help 1] http://cwiki.apache.org/confluence/display/MAVEN/MojoFailureException\n",
                        "error_list": [
                            {
                                "file": "/home/azmain/Code Recommendation/RAG/Projects/junit-4.2/TestDecorator/sample_4/Wrapper/src/main/java/org/example/Main.java",
                                "line": 7,
                                "column": 6,
                                "message": "cannot find symbol"
                            },
                            {
                                "file": "/home/azmain/Code Recommendation/RAG/Projects/junit-4.2/TestDecorator/sample_4/Wrapper/src/main/java/org/example/Main.java",
                                "line": 3,
                                "column": 17,
                                "message": "package org.junit does not exist"
                            },
                            {
                                "file": "/home/azmain/Code Recommendation/RAG/Projects/junit-4.2/TestDecorator/sample_4/Wrapper/src/main/java/org/example/Main.java",
                                "line": 4,
                                "column": 24,
                                "message": "package org.junit does not exist"
                            },
                            {
                                "file": "/home/azmain/Code Recommendation/RAG/Projects/junit-4.2/TestDecorator/sample_4/Wrapper/src/main/java/org/example/Main.java",
                                "line": 16,
                                "column": 9,
                                "message": "cannot find symbol"
                            }
                        ]
                    }
                }
            },
            "sample_5": {
                "full_response": "You are an exceptionally intelligent coding assistant that consistently delivers accurate and reliable responses to user instructions.\n\n@@ Instruction\nGive me a complete, correct and compilable Java code. This code must use \"TestDecorator\" API from \"junit-4.2\" project along with other necessary APIs. The dependency is already added for \"junit-4.2\" project. So, if you need to use other APIs, then do not use APIs whose import statements require adding new dependencies. The name of the class that has the main method should be Main.\n\n@@ Response\nSure, I can provide you with a simple example of how you can use JUnit testing along with the \"TestDecorator\" API. As you can see, this project doesn't require adding new dependencies. For simplicity, I've added assertJ (which is a testing library for Java), which doesn't require you to add an external dependency when using assertions. Also note that it is a simplification. The code will be more complicated for real-life use cases. Here's an example of how you can set up JUnit testing with an \"@Test\" annotation and using the \"TestDecorator\" API.\n\nTo add this class to your project, you need to create a `Main` class which you will run. And you will add `@Test` annotation along with `org.junit.TestDecorator` API.\n\n```java\nimport org.junit.TestDecorator;\nimport org.junit.Test;\nimport org.junit.runner.RunWith;\nimport org.junit.runners.JUnit4;\nimport static org.junit.Assert.assertEquals;\n\n@RunWith(JUnit4.class)\npublic class Main {\n\n    @Test\n    public void testAdd() {\n        Calculator calculator = new Calculator();\n        int sum = calculator.add(5, 7);\n        assertEquals(12, sum);\n    }\n\n    @Test\n    public void testSubtract() {\n        Calculator calculator = new Calculator();\n        int result = calculator.subtract(10, 5);\n        assertEquals(5, result);\n    }\n\n    public static class Calculator {\n        public int add(int a, int b) {\n            return a + b;\n        }\n\n        public int subtract(int a, int b) {\n            return a - b;\n        }\n    }\n}\n```\n\nThis is a simple `Calculator` class with add and subtract methods. We will use JUnit to test these methods. The `@Test` annotation tells JUnit that these methods should be run when the tests are executed. \n\nThe `testAdd` and `testSubtract` methods each create a `Calculator` instance, call one of the `Calculator` methods, and use JUnit's `assertEquals` method to verify the correctness of the result. If the actual result matches the expected result, the test passes. If it doesn't, the test fails.\n\nTo run these tests, you would typically run them in a JUnit test runner. In this case, the JUnit4 runner is used by specifying the @RunWith annotation with the JUnit4 runner class (JUnit4.class).",
                "extracted_java_code_from_prediction": "import org.junit.TestDecorator;\nimport org.junit.Test;\nimport org.junit.runner.RunWith;\nimport org.junit.runners.JUnit4;\nimport static org.junit.Assert.assertEquals;\n\n@RunWith(JUnit4.class)\npublic class Main {\n\n    @Test\n    public void testAdd() {\n        Calculator calculator = new Calculator();\n        int sum = calculator.add(5, 7);\n        assertEquals(12, sum);\n    }\n\n    @Test\n    public void testSubtract() {\n        Calculator calculator = new Calculator();\n        int result = calculator.subtract(10, 5);\n        assertEquals(5, result);\n    }\n\n    public static class Calculator {\n        public int add(int a, int b) {\n            return a + b;\n        }\n\n        public int subtract(int a, int b) {\n            return a - b;\n        }\n    }\n}",
                "extracted_FQNs_from_prediction": [
                    "org.junit.TestDecorator",
                    "org.junit.Test",
                    "org.junit.runner.RunWith",
                    "org.junit.runners.JUnit4",
                    "static org.junit.Assert.assertEquals"
                ],
                "correct_FQN_predictions": [
                    "org.junit.Test",
                    "org.junit.runner.RunWith",
                    "org.junit.runners.JUnit4"
                ],
                "wrong_FQN_predictions": [
                    "org.junit.TestDecorator",
                    "static org.junit.Assert.assertEquals"
                ],
                "number_of_correct_FQNs": 3,
                "number_of_wrong_FQNs": 2,
                "failure_rate_for_FQNs": 0.4,
                "model_confidence": 0.6325657367706299,
                "code_build": {
                    "build_result": {
                        "status": "failure",
                        "hallucinations_for_FQNs": "Need manual review",
                        "message": "Build failed. Full error log present.",
                        "full_error_log": "[INFO] Scanning for projects...\n[WARNING] \n[WARNING] Some problems were encountered while building the effective model for org.example:Wrapper:jar:1.0-SNAPSHOT\n[WARNING] 'build.plugins.plugin.version' for org.apache.maven.plugins:maven-compiler-plugin is missing. @ line 46, column 15\n[WARNING] \n[WARNING] It is highly recommended to fix these problems because they threaten the stability of your build.\n[WARNING] \n[WARNING] For this reason, future Maven versions might no longer support building such malformed projects.\n[WARNING] \n[INFO] \n[INFO] ------------------------< org.example:Wrapper >-------------------------\n[INFO] Building Wrapper 1.0-SNAPSHOT\n[INFO] --------------------------------[ jar ]---------------------------------\n[INFO] \n[INFO] --- maven-clean-plugin:2.5:clean (default-clean) @ Wrapper ---\n[INFO] Deleting /home/azmain/Code Recommendation/RAG/Projects/junit-4.2/TestDecorator/sample_5/Wrapper/target\n[INFO] \n[INFO] --- maven-resources-plugin:2.6:resources (default-resources) @ Wrapper ---\n[INFO] Using 'UTF-8' encoding to copy filtered resources.\n[INFO] skip non existing resourceDirectory /home/azmain/Code Recommendation/RAG/Projects/junit-4.2/TestDecorator/sample_5/Wrapper/src/main/resources\n[INFO] \n[INFO] --- maven-compiler-plugin:3.1:compile (default-compile) @ Wrapper ---\n[INFO] Changes detected - recompiling the module!\n[INFO] Compiling 1 source file to /home/azmain/Code Recommendation/RAG/Projects/junit-4.2/TestDecorator/sample_5/Wrapper/target/classes\n[INFO] -------------------------------------------------------------\n[ERROR] COMPILATION ERROR : \n[INFO] -------------------------------------------------------------\n[ERROR] /home/azmain/Code Recommendation/RAG/Projects/junit-4.2/TestDecorator/sample_5/Wrapper/src/main/java/org/example/Main.java:[3,17] package org.junit does not exist\n[ERROR] /home/azmain/Code Recommendation/RAG/Projects/junit-4.2/TestDecorator/sample_5/Wrapper/src/main/java/org/example/Main.java:[4,17] package org.junit does not exist\n[ERROR] /home/azmain/Code Recommendation/RAG/Projects/junit-4.2/TestDecorator/sample_5/Wrapper/src/main/java/org/example/Main.java:[5,24] package org.junit.runner does not exist\n[ERROR] /home/azmain/Code Recommendation/RAG/Projects/junit-4.2/TestDecorator/sample_5/Wrapper/src/main/java/org/example/Main.java:[6,25] package org.junit.runners does not exist\n[ERROR] /home/azmain/Code Recommendation/RAG/Projects/junit-4.2/TestDecorator/sample_5/Wrapper/src/main/java/org/example/Main.java:[7,24] package org.junit does not exist\n[ERROR] /home/azmain/Code Recommendation/RAG/Projects/junit-4.2/TestDecorator/sample_5/Wrapper/src/main/java/org/example/Main.java:[7,1] static import only from classes and interfaces\n[ERROR] /home/azmain/Code Recommendation/RAG/Projects/junit-4.2/TestDecorator/sample_5/Wrapper/src/main/java/org/example/Main.java:[11,6] cannot find symbol\n  symbol:   class Test\n  location: class org.example.Main\n[ERROR] /home/azmain/Code Recommendation/RAG/Projects/junit-4.2/TestDecorator/sample_5/Wrapper/src/main/java/org/example/Main.java:[18,6] cannot find symbol\n  symbol:   class Test\n  location: class org.example.Main\n[ERROR] /home/azmain/Code Recommendation/RAG/Projects/junit-4.2/TestDecorator/sample_5/Wrapper/src/main/java/org/example/Main.java:[15,9] cannot find symbol\n  symbol:   method assertEquals(int,int)\n  location: class org.example.Main\n[ERROR] /home/azmain/Code Recommendation/RAG/Projects/junit-4.2/TestDecorator/sample_5/Wrapper/src/main/java/org/example/Main.java:[22,9] cannot find symbol\n  symbol:   method assertEquals(int,int)\n  location: class org.example.Main\n[INFO] 10 errors \n[INFO] -------------------------------------------------------------\n[INFO] ------------------------------------------------------------------------\n[INFO] BUILD FAILURE\n[INFO] ------------------------------------------------------------------------\n[INFO] Total time:  0.752 s\n[INFO] Finished at: 2024-04-16T19:38:22-05:00\n[INFO] ------------------------------------------------------------------------\n[ERROR] Failed to execute goal org.apache.maven.plugins:maven-compiler-plugin:3.1:compile (default-compile) on project Wrapper: Compilation failure: Compilation failure: \n[ERROR] /home/azmain/Code Recommendation/RAG/Projects/junit-4.2/TestDecorator/sample_5/Wrapper/src/main/java/org/example/Main.java:[3,17] package org.junit does not exist\n[ERROR] /home/azmain/Code Recommendation/RAG/Projects/junit-4.2/TestDecorator/sample_5/Wrapper/src/main/java/org/example/Main.java:[4,17] package org.junit does not exist\n[ERROR] /home/azmain/Code Recommendation/RAG/Projects/junit-4.2/TestDecorator/sample_5/Wrapper/src/main/java/org/example/Main.java:[5,24] package org.junit.runner does not exist\n[ERROR] /home/azmain/Code Recommendation/RAG/Projects/junit-4.2/TestDecorator/sample_5/Wrapper/src/main/java/org/example/Main.java:[6,25] package org.junit.runners does not exist\n[ERROR] /home/azmain/Code Recommendation/RAG/Projects/junit-4.2/TestDecorator/sample_5/Wrapper/src/main/java/org/example/Main.java:[7,24] package org.junit does not exist\n[ERROR] /home/azmain/Code Recommendation/RAG/Projects/junit-4.2/TestDecorator/sample_5/Wrapper/src/main/java/org/example/Main.java:[7,1] static import only from classes and interfaces\n[ERROR] /home/azmain/Code Recommendation/RAG/Projects/junit-4.2/TestDecorator/sample_5/Wrapper/src/main/java/org/example/Main.java:[11,6] cannot find symbol\n[ERROR]   symbol:   class Test\n[ERROR]   location: class org.example.Main\n[ERROR] /home/azmain/Code Recommendation/RAG/Projects/junit-4.2/TestDecorator/sample_5/Wrapper/src/main/java/org/example/Main.java:[18,6] cannot find symbol\n[ERROR]   symbol:   class Test\n[ERROR]   location: class org.example.Main\n[ERROR] /home/azmain/Code Recommendation/RAG/Projects/junit-4.2/TestDecorator/sample_5/Wrapper/src/main/java/org/example/Main.java:[15,9] cannot find symbol\n[ERROR]   symbol:   method assertEquals(int,int)\n[ERROR]   location: class org.example.Main\n[ERROR] /home/azmain/Code Recommendation/RAG/Projects/junit-4.2/TestDecorator/sample_5/Wrapper/src/main/java/org/example/Main.java:[22,9] cannot find symbol\n[ERROR]   symbol:   method assertEquals(int,int)\n[ERROR]   location: class org.example.Main\n[ERROR] -> [Help 1]\n[ERROR] \n[ERROR] To see the full stack trace of the errors, re-run Maven with the -e switch.\n[ERROR] Re-run Maven using the -X switch to enable full debug logging.\n[ERROR] \n[ERROR] For more information about the errors and possible solutions, please read the following articles:\n[ERROR] [Help 1] http://cwiki.apache.org/confluence/display/MAVEN/MojoFailureException\n",
                        "error_list": [
                            {
                                "file": "/home/azmain/Code Recommendation/RAG/Projects/junit-4.2/TestDecorator/sample_5/Wrapper/src/main/java/org/example/Main.java",
                                "line": 5,
                                "column": 24,
                                "message": "package org.junit.runner does not exist"
                            },
                            {
                                "file": "/home/azmain/Code Recommendation/RAG/Projects/junit-4.2/TestDecorator/sample_5/Wrapper/src/main/java/org/example/Main.java",
                                "line": 7,
                                "column": 24,
                                "message": "package org.junit does not exist"
                            },
                            {
                                "file": "/home/azmain/Code Recommendation/RAG/Projects/junit-4.2/TestDecorator/sample_5/Wrapper/src/main/java/org/example/Main.java",
                                "line": 18,
                                "column": 6,
                                "message": "cannot find symbol"
                            },
                            {
                                "file": "/home/azmain/Code Recommendation/RAG/Projects/junit-4.2/TestDecorator/sample_5/Wrapper/src/main/java/org/example/Main.java",
                                "line": 15,
                                "column": 9,
                                "message": "cannot find symbol"
                            },
                            {
                                "file": "/home/azmain/Code Recommendation/RAG/Projects/junit-4.2/TestDecorator/sample_5/Wrapper/src/main/java/org/example/Main.java",
                                "line": 4,
                                "column": 17,
                                "message": "package org.junit does not exist"
                            },
                            {
                                "file": "/home/azmain/Code Recommendation/RAG/Projects/junit-4.2/TestDecorator/sample_5/Wrapper/src/main/java/org/example/Main.java",
                                "line": 7,
                                "column": 1,
                                "message": "static import only from classes and interfaces"
                            },
                            {
                                "file": "/home/azmain/Code Recommendation/RAG/Projects/junit-4.2/TestDecorator/sample_5/Wrapper/src/main/java/org/example/Main.java",
                                "line": 22,
                                "column": 9,
                                "message": "cannot find symbol"
                            },
                            {
                                "file": "/home/azmain/Code Recommendation/RAG/Projects/junit-4.2/TestDecorator/sample_5/Wrapper/src/main/java/org/example/Main.java",
                                "line": 6,
                                "column": 25,
                                "message": "package org.junit.runners does not exist"
                            },
                            {
                                "file": "/home/azmain/Code Recommendation/RAG/Projects/junit-4.2/TestDecorator/sample_5/Wrapper/src/main/java/org/example/Main.java",
                                "line": 11,
                                "column": 6,
                                "message": "cannot find symbol"
                            },
                            {
                                "file": "/home/azmain/Code Recommendation/RAG/Projects/junit-4.2/TestDecorator/sample_5/Wrapper/src/main/java/org/example/Main.java",
                                "line": 3,
                                "column": 17,
                                "message": "package org.junit does not exist"
                            }
                        ]
                    }
                }
            }
        }
    }
}